9.8689738557e+03
2.3145096576e+03
9.0312889393e+03
2.4556971236e+03
4.9063871469e+03
2.4361313170e+03
1.5643705166e+03
2.9675320255e+03
1.9406630768e+03
1.2187222224e+03
1.5960308918e+03
7.7249252992e+02
1.4802675766e+03
9.1378877416e+02
1.4132032556e+03
1.4278584759e+03
1.4561029386e+03
1.0671837711e+03
1.2051028140e+03
1.0968174945e+03
8.1719172194e+02
6.6701608948e+02
6.8323144899e+02
8.4340554299e+02
3.3392408667e+02
2.5863044765e+03
6.8260039362e+02
2.4553212119e+02
7.7798647543e+02
5.4890189577e+02
8.5933963985e+02
3.4178545251e+02
2.0165897565e+02
1.1358669213e+03
4.8981003330e+02
1.8923295211e+03
1.9076927210e+03
7.8669105978e+02
8.8890852420e+02
4.6119820308e+02
1.8356217581e+02
1.4167969976e+03
2.8763961586e+02
5.9608947852e+02
5.3811524955e+02
8.4806429124e+02
1.3953935948e+03
8.2116620747e+02
9.1702579661e+02
7.9068416720e+02
7.2401823907e+02
1.1069753178e+03
8.4918235897e+02
5.6065093770e+02
8.2546157850e+02
4.6760824221e+02
5.1261707704e+02
1.1317565042e+03
5.1994887145e+02
4.5943472469e+02
6.8938849002e+02
1.2583902480e+03
6.3404429311e+02
6.8272124422e+02
3.7654187288e+02
5.2762173673e+02
6.3699567526e+02
8.3708997763e+02
5.4017572441e+02
1.8517365987e+02
7.2807927260e+02
4.7231421879e+02
1.2156669070e+03
3.1610944041e+02
1.9748476061e+02
8.3269928726e+02
3.7175324159e+02
3.1906568535e+02
1.0157664125e+02
1.5430679506e+03
2.4593985673e+02
4.2559975831e+02
5.7709246792e+02
1.2857971895e+02
2.3759351648e+02
3.0285923484e+02
7.7115958571e+02
1.6312506542e+03
1.3043453386e+03
9.6956920825e+01
1.2783032899e+02
2.2421849649e+01
1.0188679785e+03
7.8688723478e+02
4.9578763306e+02
4.2960399771e+02
5.5083276922e+02
3.5971924589e+02
2.3548569311e+02
2.8610191481e+02
1.2855380779e+03
2.3099138642e+02
2.5235175715e+02
4.7073768618e+02
5.4211901596e+02
3.9821663282e+02
2.8388247900e+02
1.9848583475e+02
2.2433781986e+02
2.1023820878e+02
1.8116759762e+02
3.0770115999e+02
3.1158573820e+02
1.8589804743e+02
2.2463561788e+02
5.2696409801e+02
3.5188470080e+02
2.7041779105e+02
1.4666975462e+02
4.5114100836e+02
4.5690015301e+02
1.7140852137e+02
2.7756566440e+02
1.6185815100e+02
2.6856190708e+02
2.7630863431e+02
2.5205101390e+02
3.6494208865e+02
1.7761320536e+02
6.6990593638e+01
3.9806324989e+02
2.1881745899e+02
2.0548326797e+02
4.1559055409e+02
4.6053716087e+02
2.7606675738e+02
3.0501301218e+02
2.4873800068e+02
6.8561816696e+01
2.9513977384e+02
4.0233498199e+02
3.4579766765e+02
4.5861978115e+02
5.1383064739e+02
2.6527645974e+02
1.8810980565e+02
5.3568073332e+02
2.1144328321e+02
8.1268983406e+02
7.2214587327e+02
1.4641914234e+02
4.2961591847e+02
9.9705152818e+02
1.0704061589e+02
7.9877074692e+02
8.4640156018e+02
3.6846639636e+02
4.7369024274e+02
8.0777206914e+01
5.1878299799e+02
2.5291891505e+02
1.1124183137e+02
1.7735396583e+02
3.9901088030e+02
1.9955864362e+02
2.5113864110e+02
7.5109881047e+02
6.5008874349e+02
8.0904198414e+02
2.4007430791e+02
4.9330631065e+02
1.4093299552e+02
7.6614855169e+02
1.5515140312e+02
2.7684106163e+02
1.7944785708e+02
3.3463937236e+02
3.7618486852e+02
3.4617338258e+02
3.8040819976e+02
1.6546004755e+02
6.6157144816e+02
2.5613206496e+02
2.4200605522e+02
2.6277936713e+02
6.2207980226e+02
7.3751151035e+02
3.2703451987e+02
3.5157861072e+02
5.2229614648e+02
2.6017095007e+02
2.9900786570e+02
1.8266618006e+02
1.4934242933e+02
2.2858963455e+02
7.3256579436e+02
3.4205837825e+02
5.3787925023e+02
4.9309050027e+02
2.4868055378e+02
1.6540039888e+02
4.9986347039e+02
4.9708437674e+02
1.0384196369e+02
9.8417371750e+01
1.3074278988e+03
6.2363341717e+02
1.8668830371e+02
1.3297655991e+02
5.9535237949e+01
4.3544596159e+02
1.5788888400e+02
1.2567673189e+02
3.6794547493e+01
1.5768425843e+02
1.3473983088e+02
9.1359019938e+01
1.5438034873e+02
3.5583414530e+02
2.5036812276e+02
1.2284173751e+02
7.8305112983e+01
1.7557007752e+02
8.6436719569e+02
3.1985943022e+02
6.0112753293e+02
1.9113458194e+02
2.5465242949e+02
1.1524023740e+02
3.3791879900e+02
4.2976487014e+02
1.2687919278e+02
9.9618206583e+01
2.9410579738e+02
2.1201479555e+02
4.3614718364e+02
3.4028730240e+02
3.5486650497e+02
1.7791358162e+02
8.0666814021e+01
7.6306835388e+01
9.3077973712e+01
1.0793170107e+02
1.4304640723e+02
1.2743066474e+02
9.8495954216e+01
1.7858210230e+02
1.7696158488e+02
1.0263209895e+02
2.4819794836e+02
2.6767627259e+02
3.5696081719e+02
6.8319327332e+02
1.1977226458e+02
1.0352774168e+02
1.1561762572e+02
2.1025721645e+02
1.7252779630e+02
9.8312277778e+01
1.9915551516e+02
1.2100913187e+02
1.8909535871e+02
3.5150775459e+02
9.9027150707e+01
1.8306679916e+02
1.4510314010e+02
1.2405381417e+02
6.5961743611e+01
5.3544958256e+01
3.7520014698e+01
1.0666337469e+02
1.9124356892e+02
8.8528204194e+01
9.0550880420e+01
8.8501594193e+01
3.6937906297e+01
3.8963095091e+01
2.5014928079e+02
9.5804506177e+01
9.9311625514e+01
7.3180740893e+01
6.9215643209e+01
1.0427535329e+02
1.2245495996e+02
6.9407483890e+01
1.6764966028e+02
6.0094841016e+01
8.9754377690e+01
1.2782181651e+02
4.5528546771e+01
3.4729807255e+01
3.1745877719e+01
8.9687206812e+01
8.2343555743e+01
5.5189867088e+01
1.3825682264e+02
6.0063125246e+01
6.4266671899e+01
6.2160309081e+01
1.4461853165e+02
1.2485581881e+02
4.8979309017e+01
7.7477749514e+01
4.7459064655e+01
7.8385422224e+01
6.9549593613e+01
4.1635748238e+01
4.1108595483e+01
6.4778985584e+01
4.7484349185e+01
4.7912613488e+01
6.7718356090e+01
6.7233322919e+01
1.0978157562e+02
4.1405270552e+01
3.1276832103e+02
9.7672045306e+01
3.6052265752e+01
4.5556078713e+01
7.5519660968e+01
2.9999097276e+02
2.1334853014e+02
4.8619653533e+01
1.1110618703e+02
1.0606198133e+02
7.6139866626e+01
9.0567211807e+01
1.7299321537e+02
7.2210188235e+01
3.2548400456e+02
1.0049449822e+02
7.3430962400e+01
4.4227237327e+02
7.2221839915e+01
1.1056449198e+02
1.2336063337e+02
3.3386630936e+02
1.7880866474e+02
9.5024531643e+01
1.2780416428e+02
1.1957713010e+03
2.4142292297e+02
1.4333174933e+02
1.0831120704e+02
7.1830647796e+01
7.2933436357e+01
1.9169314910e+02
1.4965048034e+02
6.7099018875e+01
1.2017046469e+02
5.4733140023e+01
1.8441912145e+02
6.4105450463e+01
1.1292891483e+02
1.3129609256e+02
1.8470217906e+02
2.0728998912e+02
1.7047569233e+02
5.6166278226e+01
5.6061850800e+01
1.2725655001e+02
3.8984819230e+02
3.5065848990e+02
4.1966724276e+02
2.9696515321e+02
2.1061377558e+02
1.0085849874e+02
1.1793537537e+02
5.2259090117e+01
2.7228334630e+02
1.8330943478e+02
6.6932409297e+01
2.4680222677e+02
1.9866302367e+02
8.5015015612e+01
4.1546053811e+02
2.3344545435e+02
2.0388016780e+02
1.2380665129e+02
1.1810188915e+02
7.3660951380e+01
6.3304767128e+01
6.1305941146e+01
4.6931169754e+01
4.3144003545e+01
2.3074131327e+02
2.4027708590e+02
5.5353360740e+01
6.2870258550e+01
8.1031037745e+01
5.1244824338e+01
5.8597705625e+01
5.2393744992e+01
4.8847763663e+01
1.2330108517e+03
3.0700945601e+01
4.1232251154e+01
3.5282717914e+01
1.9406731433e+02
2.5228030707e+02
1.5333986816e+02
1.1636407228e+01
2.4893665176e+01
8.9573193639e+00
9.5079187175e+00
1.7668651040e+01
1.7487582398e+01
1.3877061420e+01
1.5073010827e+01
1.5474276595e+01
9.5654865334e+01
1.1157645141e+03
2.0536578697e+03
2.4460384588e+00
2.9141809793e-01
3.2150150962e-01
2.9705411824e-01
3.5473081280e-01
2.4446586843e-01
1.4485028121e+00
2.1585827766e-01
2.7102512635e-01
1.8466351629e+00
2.0629227434e+00
6.4416224624e-01
5.2022606415e+00
3.0781817412e+00
1.8988527280e-01
6.2501453809e-01
1.9129277534e-01
7.6584309117e-01
7.5943285383e+01
1.8481967317e-01
5.1873477641e-01
5.2961703557e-01
6.2593193387e+02
2.0944459027e-01
4.7310187410e-01
4.3451006321e-01
7.2419914423e-01
4.8581805544e-01
4.6866040156e-01
2.7836877937e-01
1.9781273121e-01
2.0112084382e-01
2.3691940867e-01
2.1478339396e-01
2.7409900380e-01
3.9888826623e-01
2.8011267901e+00
1.2351758504e+02
3.7166615762e-02
1.1914475019e+03
4.9121235150e-02
1.9509198345e+02
5.7824414287e-03
3.2886375287e-03
5.2673984034e-03
5.4335901912e-03
1.5576102065e-01
1.3698735578e-01
1.6358672799e-01
9.6542310700e-02
4.5877662122e-02
3.1133213530e-02
1.4016550492e-02
6.3242122850e-03
5.5222756651e-03
3.8194118692e-03
2.8521134959e-02
1.1038664780e-02
1.1709278937e-02
2.2080019095e-02
7.9117043913e-02
1.5489606315e-01
1.1151160311e-01
5.6772874263e-02
9.9587122578e-03
2.4473792122e-02
1.0794557685e-01
3.4541600485e-02
3.6333301159e-02
1.7717957212e-02
3.6718367794e-02
1.4464940760e-02
5.5850429245e-03
4.5866445047e-03
2.8280831006e-03
2.1069752897e-03
6.6529047409e-03
3.7480065202e-03
2.0241179452e-03
4.7091591141e+00
4.8425917495e+01
5.4121554860e-02
3.8729900643e-01
9.2162972815e-03
1.1217004539e-02
1.1668582464e-01
2.2254254821e-01
8.7531390608e-03
3.4619761030e-02
1.1231017614e-02
4.6471493914e-01
4.5231646988e-01
3.6478562309e-02
3.7879225828e-03
5.0988958091e+00
1.2173154664e-02
1.2193221668e-02
1.4238162184e-02
7.3876929959e-03
5.5339133175e-03
2.7310302767e-02
2.2973310301e-01
2.2258600559e-02
1.9722349588e-02
4.4094160432e-02
4.0676316056e-02
3.9423297506e-02
5.6730579067e-02
2.4760647970e-02
3.6758778068e-02
1.5405164415e-02
2.5081626032e-02
1.4390083064e-02
1.9160175224e-02
1.2913000236e-02
1.4830136331e-02
9.9391940823e-03
1.2842728357e-02
1.6184254956e-02
1.4753151164e-02
4.6135384932e-02
2.2342450893e-02
4.4368008789e-02
3.2955808968e+00
1.0069927069e+01
3.0204196389e-02
2.1668962423e-02
3.9528625309e-02
3.4808563274e-02
4.4941572922e-02
1.5489465793e-02
1.9529533868e-02
1.0522517329e-02
1.3133641723e-02
2.3497452837e-02
1.7103394297e-02
1.2015401233e-02
1.4498224726e-02
1.3731337567e+02
8.8647066804e-03
4.8656398927e+03
1.0808143613e-01
5.9079577193e-02
6.2312181467e-02
4.9512232443e-02
1.8582915845e-01
1.0864753167e-01
5.7615619541e-02
1.9043178157e+01
1.2408913853e-01
3.9320914082e-01
1.0903074705e-01
6.6821873625e-02
4.8590809700e-02
3.8348992318e-02
2.6142194038e-01
7.3331676565e-02
1.3601492625e-01
1.2483956856e-01
2.0667101318e-01
4.8935615707e-02
1.7032725403e-01
2.2362071127e-01
8.2551275919e-01
7.5740665177e-01
2.2445589365e-01
2.7238701160e-01
2.9072679941e-01
3.1892204182e-01
1.1682940146e+00
1.8729784705e-01
1.2469668712e+04
1.0678802839e+02
5.4850626751e+01
2.3952554759e+00
6.5911924132e-01
1.4097064679e-01
1.2997303926e-01
7.8735457442e-02
2.9176266555e-01
2.1499316303e-01
1.1015224555e+00
7.1754559759e-01
2.1014593146e-01
4.4414224001e-01
4.8203443481e-01
3.3177339516e-01
3.6183235474e-01
4.4216521164e+00
1.1379469107e-01
9.9996220137e-02
1.7827733477e-01
3.2186379960e+01
3.4522082903e+03
3.5557758040e+00
5.7428852234e-01
6.3581469824e-01
7.7323622441e-01
4.3543872585e+00
1.6911695883e+00
9.5522343083e-01
1.0489634041e+00
3.2760496524e-01
1.2276803671e+00
1.7809517295e+00
1.0848733859e+00
4.0463563937e+00
3.5380748036e-01
6.3741836192e-01
4.4030082046e-01
4.8329001174e-01
2.5967116580e-01
2.8315991482e-01
2.8953120284e-01
2.5609664420e-01
6.2960857570e-01
3.2165628064e-01
3.1161739407e-01
6.7196704729e+03
6.6427594515e-01
3.8707139217e-01
5.6205171950e-01
7.4824712943e-01
4.7128217806e-01
1.1100002827e+00
1.0784470881e+00
5.9448079176e-01
7.0387671652e-01
5.6250298732e-01
6.0685031731e-01
5.4859721755e-01
8.7269318489e-01
5.6683516165e-01
6.3837080931e-01
4.4272201904e-01
1.7671907505e+00
2.1125763103e+00
1.6301631375e+00
3.8499642082e+00
4.9882665251e+00
7.2631428655e+00
8.4983754490e-12
1.1913292209e-11
6.8720977986e-12
7.0275666890e-12
1.8316559491e-11
3.4500651623e-12
3.6500504321e-12
5.6239232264e-12
3.7174820134e-12
6.0043626164e-12
1.1712801931e-11
7.7064633776e-12
5.7790516830e-12
8.4818281346e-12
8.6221305632e-12
7.5863681610e-12
6.4464960808e-12
7.7802459816e-12
7.3638354818e-12
5.1175606109e-12
3.3644979291e-12
7.2212560457e-12
4.9517753909e-12
8.2632869225e-12
5.9687937377e-12
1.0193034271e-11
2.8567374974e-12
6.0144391616e-12
5.4324240535e-12
5.0937028407e-12
4.7147056392e-12
5.2732048820e-12
5.9344063677e-12
5.3710179800e-12
4.1869237532e-12
4.2618748160e-12
3.2445771791e-12
4.6331236079e-12
2.1634527425e-12
4.0738222511e-12
5.3628517330e-12
3.3871440454e-12
2.8887143010e-12
2.6612084069e-12
2.2928278606e-12
2.1222749030e-12
3.0870506604e-12
3.5640447348e-12
2.4745854076e-12
2.1697781836e-12
2.0732915170e-12
2.1116210703e-12
2.7198610946e-12
2.7745470595e-12
1.4965475175e-12
1.0186284512e-12
1.6378915253e-11
2.8896233764e-11
2.9698752476e-11
3.9964342492e-11
7.1219772836e-11
2.1176446954e-12
3.8400135444e-11
4.5996037309e-11
6.7792505698e-11
4.4636367068e-11
6.3352130269e-11
1.4345997348e-11
2.6125252591e-11
1.6225160250e-11
9.6044022346e-12
7.5800334457e-13
2.4085417059e-11
3.3551531738e-12
2.2000584363e-12
1.8902735853e-12
2.8866738797e-12
5.2433265699e-12
1.7792822328e-12
8.1451796334e-13