 $ LHS File Format Version 1.00 
$
$ This LHS run was executed on  5/16/19 at 13:49:25.46
$ with LHS Version: 2.30 Release 1, Compiled May 31, 2001        
$ The run title was:
$ Pecos::LHSDriver
$
$ Message output file for this run: LHS_distributions.out
$
$ Input file(s) for this run: 
$
$ Point Values for the distributions follow:
$
$ All point values represent mean values that
$ were calculated from the actual LHS sample.
$
    Uniform1              7.6597855E-01
    Uniform2              4.9999194E+02
    Uniform3              2.2798796E+00
    Uniform4              4.9994377E-01
    Uniform5              1.0000666E-01
    Uniform6              8.4988542E+00
    Uniform7              2.9394984E+01
    Uniform8              4.6998703E-02
    Uniform9              5.2991114E-01
    Uniform10             2.1999199E-01
    Uniform11             2.0001693E-01
    Uniform12             1.9996445E-01
    Uniform13             2.0001381E-01
    Uniform14             5.9995421E-01
    Uniform15             9.5552658E-01
$
@UNCERTAINTY
  @OBSERVATIONS    136
  @VARIABLES     15
    Uniform1:          
    Uniform2:          
    Uniform3:          
    Uniform4:          
    Uniform5:          
    Uniform6:          
    Uniform7:          
    Uniform8:          
    Uniform9:          
    Uniform10:         
    Uniform11:         
    Uniform12:         
    Uniform13:         
    Uniform14:         
    Uniform15:         
@SAMPLEDATA
           1          15  0.807841837008721        580.703823453993     
   2.24886639228295       0.396403358325787       0.103930089109413     
   9.22331516846607        30.9120128632907       4.641066217142678E-002
  0.574766920618302       0.244818578558207       0.195383764806971     
  0.204922360601657       0.246442478608052       0.577760206644615     
   1.30253678407400     
           2          15  0.657517143150993        568.743079324657     
   2.46722436734440       0.535912052920663       0.121527835313429     
   7.87675265265862        33.2591700346947       3.579324287046877E-002
  0.475760446558539       0.217629456041983       0.164025090070277     
  0.259566946356790       0.226306876847589       0.666700692418278     
   1.72307427330358     
           3          15  0.692236389758723        405.283443581464     
   1.95041250536995       0.369799286326708       8.578927128264160E-002
   10.1202305876301        37.3649944810431       5.170262638818959E-002
  0.621405965532258       0.261131183153224       0.162707742746810     
  0.157018894766293       0.209042686254046       0.593469496904393     
   1.70646815148049     
           4          15  0.828851351325295        435.851889676825     
   2.26043808753875       0.380514542926069       0.117846015166484     
   10.0390167766949        32.2569842152199       4.086254828509511E-002
  0.660785819945347       0.255848771529128       0.173777397224707     
  0.241297726543305       0.206567022222067       0.483838287907899     
  0.910223531447181     
           5          15  0.875220777764625        446.246769535355     
   2.57897082763738       0.352473400278798       0.106966841121731     
   9.60879960397142        29.4723883356570       5.566523687073564E-002
  0.414403369579272       0.242865547169370       0.149562840754481     
  0.248795811890433       0.152305517049356       0.602122382666601     
   1.65186859498684     
           6          15  0.869730183133580        414.280394234469     
   1.99777175906983       0.455134654590031       8.393654175879955E-002
   10.1034360332007        25.7087078267456       4.170110199601040E-002
  0.603339233147854       0.285870986992165       0.246794459349202     
  0.238724234208451       0.205063676712007       0.608267281295266     
  0.177666166571275     
           7          15  0.693658411203423        622.202674199841     
   1.96191660671044       0.540527412810651       9.555768830016914E-002
   8.57861227216781        22.4397250520902       3.659082846110071E-002
  0.633377463238208       0.283464548830546       0.161047455956406     
  0.159799746220986       0.158465729332118       0.564193611694568     
   1.54013800140026     
           8          15  0.783239344155881        591.839172094478     
   2.47464920538047       0.590923283096773       7.727716117994586E-002
   7.75070077394776        25.7716619223415       4.632924435259637E-002
  0.488160728996503       0.259963841543355       0.198049999823561     
  0.183335384914158       0.258657724291894       0.686249310429249     
  3.373877732022640E-002
           9          15  0.652896797806843        364.623338527299     
   2.16243574244433       0.375487100695404       0.126821743862614     
   7.68350078762451        36.0344330737728       5.033834656579111E-002
  0.570508239704236       0.200412944716436       0.195753875207156     
  0.163532223084681       0.145795635665178       0.539905405269785     
  0.276607200801847     
          10          15  0.787915558445319        563.012738101123     
   2.52738785447215       0.598980097054600       0.129684386250070     
   10.9937529757153        29.7885662727579       5.138244809250499E-002
  0.396718758945583       0.257486119632732       0.225224397493841     
  0.198064446190427       0.221937621057937       0.640336284558289     
  0.982249782310112     
          11          15  0.818590450836070        500.730751302634     
   2.34818638884032       0.388247718781520       9.148693951469956E-002
   10.2736488882481        23.0674322028080       5.710520342271467E-002
  0.598651495452148       0.241651261796997       0.212789346281960     
  0.229935483121834       0.195702073306106       0.682065887301270     
   1.51651564150902     
          12          15  0.872554138655152        550.210167533163     
   2.16620149900041       0.478184475013062       0.109344595492550     
   7.63422670017753        26.6178299464578       4.296968007964966E-002
  0.537913456726374       0.219003448945936       0.181045449279961     
  0.198289576794350       0.180574658631881       0.731571545071612     
   1.23949423455954     
          13          15  0.747952888490062        404.107245297500     
   2.38739449670026       0.558619895007509       7.900359352790368E-002
   9.06354522072361        31.2740137117658       4.723713757071801E-002
  0.535072812348135       0.172158785388408       0.193963476049180     
  0.166424737578765       0.213690473635832       0.726938149686081     
   1.83573108647990     
          14          15  0.774716776431341        586.862041806693     
   2.38474904846959       0.416089149011361       8.429960240277819E-002
   10.7731159871240        37.6713868914721       4.353581225384020E-002
  0.500615531136723       0.279108307455153       0.228665598936461     
  0.217897513642948       0.145045046180226       0.622546929086983     
  0.661344461082828     
          15          15  0.726118095831676        438.695293578477     
   2.02075204612491       0.551463572059840       8.704275227764705E-002
   9.55762362270616        20.8842937659864       4.687690674207885E-002
  0.549574267428183       0.271277287299615       0.234630176363896     
  0.141753287856015       0.184010848147959       0.710017839703599     
  0.776224867359516     
          16          15  0.867194889148240        513.073832357152     
   2.25405842263944       0.594311990699498       0.122311328781139     
   7.59352030766604        24.1054405519490       3.751041864396572E-002
  0.624549616427736       0.238931499075590       0.237063337894472     
  0.238829721780014       0.156789267646039       0.656337151134674     
   1.23254509261228     
          17          15  0.658871876133359        380.344331447336     
   2.45364603558612       0.518719346068375       9.399514270884753E-002
   5.97752167379658        37.1307623761275       4.136210570987930E-002
  0.548175577300700       0.274244636105627       0.170326124452917     
  0.193834119369550       0.170981682964313       0.703545618781286     
   1.57816744977912     
          18          15  0.696361822923189        463.573237036711     
   2.48632916226556       0.372012162381982       0.112392680951127     
   10.9724012669962        27.4691692017402       5.343849096302532E-002
  0.371495881699522       0.240250610891428       0.145875858666704     
  0.184892737314324       0.211720119647764       0.652961153277360     
  0.838868222915742     
          19          15  0.804649799492480        401.013452221420     
   2.21794870219673       0.490763983822784       7.539925971534103E-002
   10.4906653341342        33.8390382826185       4.249415216593051E-002
  0.427787813775056       0.205395832814632       0.259077703054474     
  0.223073679301271       0.198420267924735       0.505585827965714     
  0.294739143894947     
          20          15  0.701243249827822        389.470700692447     
   2.32602471560367       0.507724371026202       8.014243202335339E-002
   7.05461149615585        28.4144532162033       5.069931719548014E-002
  0.439679496006872       0.177306433674612       0.255662035475595     
  0.220019764335456       0.199149424574091       0.517071918247213     
  0.146033374920918     
          21          15  0.841270097232692        467.242600109688     
   2.28052478670277       0.579189284225440       8.893982868871023E-002
   7.41457606505137        31.1574914386503       5.218214332410066E-002
  0.459189979692161       0.229683861789657       0.230352813669357     
  0.255346648196060       0.167959154081764       0.480389669450438     
  0.436029521224960     
          22          15  0.776417179015089        628.746311215389     
   2.49958149809475       0.404702226211563       0.118653450622908     
   6.21245596802037        26.9153407603815       4.587608148783603E-002
  0.519791624644607       0.211013638359823       0.201218080641017     
  0.174437226362403       0.231998632659054       0.580741256010130     
   1.75448358476596     
          23          15  0.837002042712836        418.327279715210     
   2.06753225304700       0.398540847883936       7.440620345847600E-002
   8.02596757282154        25.9233641170634       5.723560168015229E-002
  0.452072079449533       0.179641514601049       0.161826481798335     
  0.146426571312511       0.239187890788855       0.483141766779522     
   1.55888103957334     
          24          15  0.697129692605107        633.632656269166     
   2.52327750868507       0.600556412729202       0.128015214772450     
   9.34737616424682        28.9056175490197       4.116296347523800E-002
  0.479094436091172       0.223839145150611       0.158396909318193     
  0.154668210806489       0.208019694001345       0.509204011955162     
   1.35631532913602     
          25          15  0.849714466912938        361.236388523899     
   2.52020684301576       0.483351172679207       0.108013165660018     
   10.8028336810734        32.0057411307391       3.793443807594252E-002
  0.612684067106504       0.234399021708139       0.165843209285043     
  0.212049576217815       0.241545639322550       0.567014672573560     
  0.194064409043840     
          26          15  0.737165738834645        543.606694606441     
   2.42951045868602       0.566326755719253       7.316458620305639E-002
   8.78224999190425        32.2053580326342       4.913000147581197E-002
  0.426930746222089       0.189109372174354       0.168694847774938     
  0.215911925653516       0.174192223885946       0.572155867186033     
   1.19007203450166     
          27          15  0.779635143072237        479.827852314509     
   2.07961817287472       0.468027728752349       8.061726984143368E-002
   8.56901767014642        37.9407921987856       5.128472055203200E-002
  0.389296567310466       0.214399077091845       0.243742232973865     
  0.196693635093980       0.191649381293477       0.501342992987895     
   1.79118522106206     
          28          15  0.844426686224677        547.273279660936     
   2.56434642926493       0.546483009322615       0.124244234087425     
   9.29734403588227        36.2793351855365       3.977013049628893E-002
  0.465832766792011       0.231884810372023       0.208657647349653     
  0.192470354216981       0.185515041717616       0.715861331286963     
   1.67129952162036     
          29          15  0.733827382895373        593.865268267280     
   2.43644912858311       0.627545498506173       9.819078874055241E-002
   9.83523606765375        34.2659157749851       3.554432062988704E-002
  0.593534268567838       0.161307481933919       0.232723391829812     
  0.155926117309753       0.150315585707670       0.547350153011297     
  0.544753106756825     
          30          15  0.751734627704173        469.278630298932     
   2.53257296605132       0.496129065251444       7.396037833426175E-002
   6.22806469663628        29.6122546593546       5.679097846459960E-002
  0.654585165787403       0.195216507694704       0.160016743569046     
  0.179488295419142       0.237500278514618       0.670618259288740     
  0.675864306231132     
          31          15  0.750222638007335        566.451033553526     
   2.35479250002472       0.401155456589357       0.102227132286062     
   8.08471683237585        37.2725830894208       4.409578466785366E-002
  0.382721874181479       0.224942889516646       0.150460356372984     
  0.181229270509211       0.170581970266751       0.680957533711540     
   1.74100876800441     
          32          15  0.754287975819361        367.525462903979     
   2.31910355609588       0.427852266666699       9.764990062956178E-002
   10.6777254719986        20.5971799976129       3.490830372061806E-002
  0.483524402284943       0.263141160852022       0.249740356030354     
  0.153481892443344       0.149691832628005       0.491014969431015     
   1.13247366901090     
          33          15  0.661968361603242        433.024210858275     
   2.18594820582150       0.557161089027924       0.103393527686815     
   10.8784427161387        21.7969431871704       5.248306329548016E-002
  0.533819062134843       0.235908614060828       0.216478732333053     
  0.239721368178931       0.222356972055825       0.723190376965863     
   1.86573652752917     
          34          15  0.847961602095703        411.966095258728     
   2.55088700423574       0.575910200889784       0.119723619306289     
   6.81004784628749        25.6322742191384       3.620749239086906E-002
  0.542452476421138       0.256487715455128       0.144274987296872     
  0.173541052604834       0.169570910671370       0.591520851886735     
  0.110930485176958     
          35          15  0.792943953723400        621.113273939666     
   2.39820756477845       0.441785289795200       0.104253244959503     
   8.41677965359413        22.2736178686291       3.312602409092463E-002
  0.376044743375962       0.195988474630696       0.250867141373593     
  0.147574260193471       0.155972085411332       0.426746968945543     
  0.734825373949808     
          36          15  0.681607786906437        492.482257135699     
   1.96396569347173       0.503687781084890       0.119258207582581     
   6.57029752883245        24.0782343828253       4.531436898935388E-002
  0.447589787913394       0.223968943841029       0.227296247152776     
  0.179884340670234       0.163966635279700       0.587048525494551     
  5.972156599709013E-002
          37          15  0.852775069214120        378.277697183897     
   2.24358035601634       0.640362900507684       7.453614762364477E-002
   8.80517435827933        23.4275734978545       4.013873473659281E-002
  0.455225718845600       0.154047161290723       0.167676893395290     
  0.249955210419550       0.142213268591817       0.750376845925006     
  0.351130676077248     
          38          15  0.805560997154040        390.387022386387     
   2.36240455230394       0.549941235657281       8.477277858384803E-002
   9.66752259815985        23.5501239678462       4.572849521892906E-002
  0.667944485165103       0.274947775798507       0.207614350232350     
  0.149656735382330       0.164752563854323       0.707323794223587     
  4.349250332194882E-002
          39          15  0.800180070388899        555.286752043963     
   2.25750873702814       0.611881740235292       9.255655460429434E-002
   10.4176265232818        28.3101789872417       3.786071655990569E-002
  0.639755444356562       0.175170700443956       0.252783006892389     
  0.235091977182516       0.162428240526385       0.455630415882710     
   1.45758306065484     
          40          15  0.735104672714411        631.292577201213     
   2.30832406236509       0.607177630806965       7.522078735086218E-002
   8.14505399767368        30.3903305093921       5.925331074476776E-002
  0.481481710422627       0.271861767730224       0.199559402033372     
  0.246349312933573       0.227082225483883       0.422304200877586     
   1.04113018828168     
          41          15  0.796507884742923        551.060033458292     
   2.39413522392596       0.504606054189122       8.266037416959401E-002
   7.00383257895883        38.1476228670001       5.329562356699848E-002
  0.510197453440972       0.156760402725201       0.204688287844868     
  0.192988778576734       0.186528785902021       0.741990510820315     
   1.25398346296702     
          42          15  0.832534957919955        640.840123756446     
   2.08414306292004       0.475644046595998       0.119980033934253     
   9.02204682189331        22.6777841025473       3.714184817135752E-002
  0.503576366302742       0.253917646180975       0.219238234772005     
  0.169559098492815       0.178704717799487       0.688633191828095     
   1.63911143075351     
          43          15  0.684895419944968        356.855865721659     
   2.12997423273808       0.612707524432849       7.300387984422474E-002
   7.10619783277798        37.9952876318441       4.422952180841068E-002
  0.390012804206670       0.277620480896261       0.244198829001227     
  0.246993299973307       0.153350348305573       0.604497029303628     
  0.688931614019457     
          44          15  0.857520114770383        575.466897786143     
   2.50296258577796       0.545043531160713       0.107817795333548     
   7.27102464452910        35.3252964470034       4.459664629140068E-002
  0.647115213236213       0.168368709657375       0.153458084233708     
  0.205894739283249       0.235548240771682       0.643990295376861     
  0.766101351360398     
          45          15  0.816190244719989        384.044342251282     
   2.50766445872702       0.360056444708436       0.102028060259489     
   6.33239352529345        23.2319025916303       4.074036753291045E-002
  0.626124213629265       0.248028710789581       0.240672926032875     
  0.243588817355990       0.234066761369297       0.556360910752966     
  0.618403291592901     
          46          15  0.834491645283128        475.085026965312     
   2.46177518842200       0.486316559603609       0.106585846333182     
   9.93040830763930        36.7283792179307       5.879795660547611E-002
  0.670225374705073       0.212128447544015       0.218030818914721     
  0.164618725744966       0.230705778666580       0.586219975047690     
   1.39674134067816     
          47          15  0.831287548288241        643.777506874861     
   2.03053416520595       0.446096192347913       0.110355095238329     
   6.85902840275085        25.3632419015510       5.420962613116135E-002
  0.585805211539503       0.170564511759145       0.158986076832859     
  0.217054799659287       0.146446619144408       0.616305473766988     
   1.07390488241109     
          48          15  0.664802429324758        409.138291777344     
   2.09332157404268       0.432740563830799       0.125868429078049     
   6.15936150883499        24.5490351358063       5.890966727644555E-002
  0.620465699461778       0.173250897869125       0.203018093314981     
  0.226917533798705       0.155155332557487       0.713064648057197     
  0.353287018536321     
          49          15  0.850745628488827        525.801520182422     
   2.23638708767071       0.582616475570317       9.088880542018588E-002
   6.09327113975596        22.6425073710249       5.392221738233690E-002
  0.555038881892140       0.241082727310398       0.177910652923987     
  0.256717114590437       0.177794523087453       0.727945340969668     
   1.88056036119817     
          50          15  0.689220154157626        497.484688440625     
   2.10674771287741       0.569663827610031       9.581825072842870E-002
   7.79505218515114        37.4645720244535       3.966980312572525E-002
  0.478515670214293       0.217000821088728       0.151182730398415     
  0.178000769932028       0.224596272655078       0.615200547607725     
  8.436473102775020E-002
          51          15  0.756753071529837        351.098283186473     
   2.20177516243366       0.638253030701034       0.107277528620085     
   6.01782306838431        21.9435360978514       3.735166672481984E-002
  0.392222427489845       0.165830002245808       0.157464477355003     
  0.210501403633834       0.207108449693838       0.523529914139345     
   1.62820816777315     
          52          15  0.766055830609327        462.317131671315     
   2.44256500876735       0.625113070964375       0.129327701103209     
   6.10763382956793        25.4655315210281       5.016671724274467E-002
  0.432427549035737       0.212975007043056       0.215121976144146     
  0.170397474105292       0.182562628083123       0.754679286783862     
  0.642936421772574     
          53          15  0.773809645791016        392.313081289039     
   2.62111204259494       0.499097664776491       8.324715294303400E-002
   10.3371745748358        30.6164535294820       4.857525979174945E-002
  0.662565306140199       0.222079614550183       0.187022395198206     
  0.255603098588352       0.140255956493578       0.526915959381526     
   1.28645016654577     
          54          15  0.867719804428813        490.615635941161     
   2.12536464549139       0.587138447487686       0.113861464738592     
   9.40450332086184        24.4164878777871       4.983828884345576E-002
  0.505050772240574       0.243751012815546       0.206533435092321     
  0.242471021548023       0.160154279299108       0.619225246828762     
   1.41512685054607     
          55          15  0.711106971208555        480.230609506458     
   2.03455064582554       0.621640734621735       8.597809022915659E-002
   6.97395638257440        33.0371012109013       4.154866716485772E-002
  0.676598963069551       0.281589961642995       0.193149112686309     
  0.165044686440515       0.225238084218273       0.432081203806104     
   1.38080793235646     
          56          15  0.842953835242049        373.050695650882     
   2.29809824050394       0.378611822360407       0.111107319755760     
   8.69817053009174        32.8628971111422       3.855101844073437E-002
  0.418123500079612       0.185031172749032       0.209622372354600     
  0.150951555351631       0.249506414273055       0.606579421335174     
  0.501306963606347     
          57          15  0.698783319442391        571.882048987284     
   2.10259710964482       0.389787406224915       0.100332479434506     
   9.17389402945992        27.0886233801360       3.817884484109647E-002
  0.573844858118768       0.250093434179647       0.184743199554162     
  0.201842203931472       0.217015431288917       0.546751963335623     
   1.01473950438621     
          58          15  0.845459572725264        515.265984961126     
   2.33279531672522       0.603543128510458       9.473967543899027E-002
   8.63157951344620        21.3916287262810       5.308813915919403E-002
  0.408326433242059       0.219715913242969       0.210996930633042     
  0.148647596255589       0.194199862598702       0.744039003338446     
  0.196928993963809     
          59          15  0.718598178614807        557.563226330882     
   1.98410903152354       0.386095209733706       0.118188400454237     
   8.37961609222111        21.2946315517127       3.640207158025210E-002
  0.530482985650617       0.193724175016245       0.190298305716338     
  0.234050276079010       0.190452417377314       0.662326336897334     
  0.424606692369991     
          60          15  0.691389239387811        451.845786336686     
   2.04934390105029       0.480565546467209       0.108507247498012     
   9.18406884981669        33.5676636930655       4.370649067773484E-002
  0.401726329489142       0.192149604612194       0.226302533488145     
  0.230531252414289       0.229412883256411       0.581903167829904     
  0.858975850342581     
          61          15  0.761307536128735        442.241360258948     
   2.41802871478858       0.381288060341167       7.043894055847298E-002
   7.34316566170019        33.7853376840182       4.329560666723649E-002
  0.379163031673976       0.205466597965692       0.223142370267374     
  0.189827666173223       0.192523168007268       0.665076652916066     
   1.77419310479551     
          62          15  0.671828625160444        398.381338908632     
   2.17811507610321       0.444799761465059       9.653272099799806E-002
   7.74225905660715        35.5988524606179       5.953450508113636E-002
  0.453438528743751       0.230732243493507       0.224561598065638     
  0.229085547726341       0.189795736704734       0.733345514646498     
  0.998335520058300     
          63          15  0.663700339085896        426.189447311267     
   2.41149136915535       0.513497823216911       0.117072861336980     
   6.94335622394283        21.0121671689171       4.746463189252502E-002
  0.610244526911962       0.191545906795189       0.227391677151763     
  0.221388798641205       0.248798122426139       0.559975671018474     
   1.90992487070852     
          64          15  0.745394443181100        605.205216901788     
   2.27504050183485       0.561508691282464       0.120910211602048     
   7.90540057715844        33.4195902066094       5.795227029895827E-002
  0.677378602999670       0.168646952472155       0.242170072560582     
  0.145802754162030       0.219230785868336       0.511136050566908     
   1.56761873245312     
          65          15  0.790438796013964        375.938369309605     
   2.05437514355121       0.384107141778976       9.319952409803484E-002
   10.6055405280495        29.9783496224345       4.787238074347500E-002
  0.487846352087971       0.186053749594201       0.213474694365047     
  0.161615884368828       0.152361779448590       0.535432953926844     
   1.37031561577219     
          66          15  0.716039256945214        641.573575609158     
   2.30188972018411       0.464303743667894       9.052155275038197E-002
   7.39800872770720        23.6743488744069       3.515724979132749E-002
  0.683764852991612       0.282307278173544       0.258124386527685     
  0.226380987167701       0.253197156358099       0.765197573664927     
   1.52307963760214     
          67          15  0.721907469978849        596.128391151090     
   2.49217835801378       0.522542873770512       0.123514468692695     
   8.92088820889476        32.5715283579122       3.667246631971999E-002
  0.569607002036855       0.197693929136491       0.253185053289293     
  0.166698925966561       0.173444362864556       0.721428954779540     
  0.158566002254437     
          68          15  0.880875184653943        574.268993217265     
   2.06171425979969       0.542228858265512       0.125560323649517     
   9.54714751669962        36.5415578546091       5.459776028427912E-002
  0.602384107927528       0.207620972936151       0.253997092794778     
  0.171600771007224       0.174954046567231       0.528583489315283     
   1.82087834301627     
          69          15  0.714635927991155        599.705493507003     
   2.17274907978232       0.633023338963839       9.635518192505355E-002
   10.3429926523211        25.0177850028672       6.034770155320671E-002
  0.615121284765691       0.185707166263916       0.176217350686202     
  0.210642197138890       0.214571212497129       0.649519065460807     
   1.03322928037835     
          70          15  0.836655529477175        499.117000488160     
   2.02752759848067       0.595496102948913       0.126045415523695     
   9.25272938408598        35.9213393878324       5.807186831440297E-002
  0.381681510682841       0.284231554519652       0.201881694812807     
  0.257999199953149       0.242475365426610       0.536538213611895     
   1.27578886002436     
          71          15  0.853954188444016        410.952911717536     
   2.14204662931958       0.554326977711924       8.734183332776679E-002
   9.11982579281612        26.1493980569211       5.196404928597177E-002
  0.653360668702438       0.194678543048164       0.155647486697554     
  0.245134555043735       0.195143610966899       0.736012038878398     
  0.330677259396463     
          72          15  0.824473521247602        606.633245732176     
   2.27440885709408       0.477655512583613       0.104676473075421     
   8.98527593509935        31.5209586969775       4.033782638624201E-002
  0.469704036587312       0.176306100210976       0.238811329058029     
  0.176753085268155       0.187613593454281       0.569520371528274     
  0.468687678598235     
          73          15  0.876352336347929        504.829007760204     
   2.48069681508356       0.394607849380084       7.654074266765212E-002
   7.11269089457055        35.8085865265189       4.553390315251651E-002
  0.649980267161729       0.227861434102572       0.248511128164828     
  0.195642158213167       0.256228937787511       0.673225665658658     
  0.136610955385124     
          74          15  0.813391977144743        465.780600675327     
   1.97894022115903       0.363693898644380       8.899190677449738E-002
   9.50720506208017        21.6495172151666       3.456332201910075E-002
  0.459930532345832       0.156952388245934       0.240564781617414     
  0.182332993997055       0.203469709806309       0.738498347135850     
  0.560480245384779     
          75          15  0.738639640675984        618.669234058881     
   2.54351337136799       0.405717773304615       8.045715837821583E-002
   9.75724108564318        24.6069411827145       3.583115961628569E-002
  0.437831752740518       0.181179117934470       0.230930030992707     
  0.187451398593018       0.205944029506542       0.630298277093303     
   1.76461260725021     
          76          15  0.671348732644438        487.805317674236     
   2.58853819942483       0.407519702725489       0.127065561568871     
   7.32075765403570        35.4439356729504       4.936006414834855E-002
  0.546007436224256       0.275895668594927       0.220278941877529     
  0.247953292791567       0.218086241846836       0.471052374583121     
  0.416245584242653     
          77          15  0.826754460851162        420.782963984975     
   2.32095838478080       0.411299213463516       0.122770819030462     
   8.22710530810873        33.4657441885934       5.579580748467809E-002
  0.687581403826839       0.201153669053785       0.145190808034762     
  0.232250664528213       0.172077314548249       0.486443864648874     
   1.50362048892753     
          78          15  0.705983478149365        475.999979718301     
   2.04106640071470       0.421277506968267       0.127706106614171     
   7.85450737147185        26.6936956683061       5.297067014076268E-002
  0.412318028691985       0.208582428550656       0.234191842603032     
  0.203774291060262       0.254466394487741       0.629034455571570     
   1.60850599939316     
          79          15  0.707867794504854        635.641373559552     
   2.55722859357388       0.458614259409917       9.949251561634490E-002
   6.27643068164762        29.0267749941052       4.957271684550249E-002
  0.513668444406378       0.159437499249984       0.246542835174375     
  0.213547624239342       0.163476461586953       0.447586357700296     
   1.46192215687985     
          80          15  0.709821598971793        627.899268473951     
   2.42131805831648       0.511948744283462       8.652754378450268E-002
   10.1812179717585        24.7683918286001       5.836582590381218E-002
  0.670795587375154       0.254468824296484       0.236267271286753     
  0.219264920743744       0.210103576300556       0.504664036840926     
  0.299727306800368     
          81          15  0.760169750382634        577.971673192052     
   2.19783271315145       0.351478829658556       7.074297294280876E-002
   7.65960131172324        31.3718217862340       5.545664617061231E-002
  0.597232964153398       0.213996807951145       0.229696063558256     
  0.189110125790843       0.196593633545220       0.632511666967561     
   1.15168189217817     
          82          15  0.667465880742241        520.320258598590     
   2.19035940792932       0.436832549432738       0.122975226104609     
   8.45281051561178        31.6247414519317       5.915766542956322E-002
  0.385434322898831       0.236615445927717       0.256737273136592     
  0.251012015765163       0.244776254194953       0.779051950959872     
  0.212788858322954     
          83          15  0.684453413714981        354.930954622036     
   2.45799008861972       0.644285116239574       8.787877861081678E-002
   8.51454699426831        35.1581299259122       5.111653759599807E-002
  0.641449370616037       0.209780570036944       0.185621521670563     
  0.152500646325130       0.201740801966996       0.751691108292297     
   1.08840077044435     
          84          15  0.740956553828724        518.937730449355     
   2.15823887845888       0.634789895636769       0.113337922598722     
   9.79140245517192        36.8110101348352       4.780798929527552E-002
  0.672952104113496       0.252078609266976       0.235327025337473     
  0.143106467136976       0.159326262563768       0.677587929683984     
  0.451214397898551     
          85          15  0.871318785412199        431.043936325210     
   1.97713480010644       0.509343014879371       0.121659038183861     
   6.51919637496467        29.3157904879444       4.900242057315704E-002
  0.511958549000819       0.268562649586382       0.143006020947976     
  0.144367130006088       0.181660952488481       0.462817049697384     
   1.32358438640041     
          86          15  0.861549696293685        458.743900164571     
   2.34232295021062       0.616172764351187       7.806213031355155E-002
   6.03873626866261        35.0020169710707       4.209931947978946E-002
  0.473028447408147       0.268006366388270       0.192163106643472     
  0.140221599481712       0.144319254353862       0.702008890838445     
   1.16024519726986     
          87          15  0.746120233893801        610.151296710726     
   2.07607639213317       0.580260116601986       8.533640441659374E-002
   10.4595190610271        34.7382739874204       3.521808732054915E-002
  0.629100205709548       0.174171024515807       0.165489931386854     
  0.241889815966202       0.220825655332643       0.610606762180790     
  0.938414786020021     
          88          15  0.856839965784913        554.710105636589     
   2.35757735948093       0.460493402372231       9.349830618087093E-002
   8.75269588645024        24.2304888989650       5.842950014719733E-002
  0.415661891672812       0.190041045756976       0.200200487891801     
  0.251700375384295       0.239905083007727       0.758549026272616     
  0.562543025737427     
          89          15  0.839425640864089        484.255509110859     
   2.26935506270420       0.472437047525412       0.100816771238871     
   7.48279397468432        37.0351921849924       3.900730491170303E-002
  0.685147115513169       0.215855342478656       0.259615047307795     
  0.200782222077524       0.200047633201158       0.550865830345805     
  0.521700488566258     
          90          15  0.742898496457458        428.993695989929     
   2.00976921457602       0.393850213274024       9.184375505921814E-002
   7.49652345519280        34.8850957872699       3.941145684978966E-002
  0.632516990943199       0.259206638118225       0.198591742768596     
  0.232823955919731       0.204165862775613       0.658774590973112     
  0.604679938065047     
          91          15  0.762879571987330        353.921859980191     
   2.04519969977013       0.433974978892365       0.100884819517309     
   7.16777698974765        22.9948899993188       5.757930987963131E-002
  0.608548783318626       0.197356869005523       0.155964430998189     
  0.237043464328299       0.176594040625016       0.423699261161964     
   1.05493191087139     
          92          15  0.863005148009850        472.289724870729     
   1.99875114909939       0.373368422844386       0.120683710712577     
   8.30085951188230        29.1865016191580       5.513126170806285E-002
  0.583550318359949       0.155154710484265       0.209725038824493     
  0.177540503684979       0.202151913132094       0.675709242822109     
  0.388325107351158     
          93          15  0.772495473253789        535.051435793866     
   2.28533894294882       0.357574429315419       7.850643768023208E-002
   6.66634545590205        34.4310842600433       5.279613450460978E-002
  0.590067142360248       0.220912155236330       0.163306882420199     
  0.167955081925371       0.233481590611079       0.638688388040139     
  0.746733292262913     
          94          15  0.731054451404061        531.666701932794     
   2.13900753310664       0.589374269596096       0.124542768028229     
   10.0215513502422        34.5997667124958       3.697332832428647E-002
  0.527149765735889       0.176390240492916       0.182464225140387     
  0.253512761931360       0.168485850730760       0.561653699422776     
   1.84167414533664     
          95          15  0.729718549726175        369.998778894831     
   2.11051881416977       0.448558582728284       0.111502150463844     
   8.32067808780994        22.0210215807310       4.842060061183669E-002
  0.680718270219137       0.183929906975533       0.182222813645254     
  0.173017422820250       0.231095551138004       0.462103571463650     
   1.43150431118953     
          96          15  0.822261246240471        517.270657208214     
   2.18155739495325       0.617242475920905       0.124751115945572     
   9.45912624581251        25.2137994439124       3.416038359748987E-002
  0.468219310278097       0.206633902734734       0.189128519111683     
  0.212655823240536       0.256974290565053       0.519111246782533     
   1.34314655356366     
          97          15  0.878092667602189        444.654094991754     
   2.44899949592413       0.570792712033076       0.128507477936219     
   6.70700093019405        28.6006042398344       6.021145779703340E-002
  0.462391330507375       0.235515386355548       0.248726414206629     
  0.185345516929280       0.227757452939884       0.522623513130512     
   1.44749633653531     
          98          15  0.788168356752318        423.582979194950     
   2.60833143700120       0.424003175838837       0.115234150379273     
   6.91075662147196        31.8051115989144       3.880225743256092E-002
  0.429777380028835       0.230020331082797       0.203982002966599     
  0.149823944173370       0.228861968728974       0.575512644548024     
  0.959926629893134     
          99          15  0.809474623121695        590.377886835760     
   2.22569135382042       0.500155371883610       0.101537788253798     
   8.24704262171872        26.2686218289385       5.003295031391249E-002
  0.443854569187901       0.160421466947793       0.214850769317230     
  0.235671303621562       0.198051822980565       0.452799008395386     
   1.21744533295314     
         100          15  0.859367844835497        385.536448795670     
   2.58308454831426       0.464793941020616       0.103032168311457     
   8.49818949905748        27.3947736757049       4.498118095761063E-002
  0.424044841945069       0.188103033846196       0.186567087898729     
  0.172236914430841       0.178968735372113       0.449319369693300     
  0.824961264818768     
         101          15  0.720364429225817        382.155142434503     
   2.55655110485012       0.366091273460017       0.114556936685249     
   9.87048782931815        33.0068607816070       4.816714810037007E-002
  0.539743785618407       0.262378794800059       0.220900347804281     
  0.158343721122673       0.188270854832920       0.651520891784800     
  0.658828171577903     
         102          15  0.770963354470970        581.997555014266     
   2.40473715859350       0.529106503772988       8.135841975882240E-002
   7.22524262533698        26.3505232519378       4.879992778401630E-002
  0.517170898212986       0.170370646097060       0.147490650710978     
  0.152077094644842       0.211123798064723       0.458036329436376     
   1.12086777645403     
         103          15  0.795508090917044        436.920307580936     
   2.51487839458301       0.527831506370806       0.114935847419684     
   9.39079185275769        30.2852378505562       6.067601343214560E-002
  0.496771359084920       0.270083062804852       0.142470337311765     
  0.231498869905960       0.245525797815199       0.542351347313276     
  0.368421038996058     
         104          15  0.785926252546454        485.765829822562     
   2.33878453625906       0.520090072735740       8.153068124552888E-002
   10.6615621844539        27.0565083256862       3.292825469417182E-002
  0.580383100173926       0.257904447292526       0.141465197252247     
  0.220458367886775       0.248053279502304       0.472962145300870     
  0.601823751185908     
         105          15  0.725215484157075        395.657681574127     
   2.07161055847831       0.492431245083058       7.970450030150139E-002
   11.0176616427663        35.6527839086365       3.337492401624947E-002
  0.577060403093901       0.245449586479240       0.171677104995709     
  0.207287062881377       0.166938282379894       0.697092516340370     
   1.89320469661199     
         106          15  0.865291771962615        646.516950704288     
   2.00533191091283       0.643010650577729       0.111971692346509     
   7.99343389559072        27.8652817375989       4.489747264793533E-002
  0.434803699852416       0.265550779282636       0.152964166721589     
  0.202684179825695       0.220005005690310       0.498672010994872     
  2.650344040889742E-002
         107          15  0.765655501061732        454.678104952087     
   2.37987438485723       0.645647373716415       7.162157103224137E-002
   10.8274690578983        28.8222842050892       5.624898702803184E-002
  0.373607245400243       0.164181396341164       0.255350380181129     
  0.175716165577760       0.252694949935300       0.443245775487192     
  0.997027715933023     
         108          15  0.681387553877321        545.258575311163     
   2.40900052529564       0.534126098620918       9.987378781024531E-002
   10.5787870126689        36.1476995126846       5.987776103640002E-002
  0.555895077743263       0.162015232218840       0.152315149828518     
  0.168998482806526       0.180762816641398       0.698107560088529     
  0.242065545595996     
         109          15  0.678628304945539        613.262454400469     
   2.14555865775032       0.539206522651982       9.693698386901387E-002
   6.49047563418280        27.3007994485427       3.924127856625265E-002
  0.409799027618439       0.251515167505117       0.154984876191285     
  0.252447092429160       0.184736944291850       0.625591295286191     
  0.319728884619745     
         110          15  0.821138184075655        528.331909505205     
   2.21246713306322       0.413219714102246       8.230872129614000E-002
   6.59013888090558        26.5168875084961       4.666226754874498E-002
  0.421284819089342       0.227676154389957       0.178591663496678     
  0.162157603750649       0.160533174103509       0.491631623316447     
   1.20306207774370     
         111          15  0.740594362107454        610.832548108438     
   1.94593846701453       0.431302171330796       0.110085442493197     
   6.81619023471139        34.4921095441175       5.488047759045046E-002
  0.403820473978286       0.264370799503734       0.172879300711964     
  0.208046160117819       0.236392776984790       0.465970847315689     
  0.855974671602909     
         112          15  0.782252889469047        450.489546213751     
   1.95474334753595       0.630993821086561       7.663485127819621E-002
   7.97104382498947        27.6326363616481       5.738610744658200E-002
  0.665483409927918       0.203915073189159       0.239082105347668     
  0.199152523391634       0.250646894869312       0.745968490955557     
   1.80603752564351     
         113          15  0.675958589761899        648.463694054654     
   1.97078685220966       0.450146680471302       9.239331016861424E-002
   6.36997785885178        29.8888607353323       4.719293774213190E-002
  0.552620240527431       0.201648044666577       0.196884334263364     
  0.186149088300915       0.151084731963860       0.636178238258478     
  0.712994133553273     
         114          15  0.703579253603168        447.205489730079     
   2.09475676087523       0.620638109190280       0.116425346047994     
   10.7201908540126        31.9584063754159       5.979588966168607E-002
  0.587460730523008       0.162892638152383       0.245698438264799     
  0.188150315777782       0.193801796028856       0.494930959519423     
   1.31917097740987     
         115          15  0.758215645128842        559.968866347096     
   2.29455183042939       0.574449008994270       9.872253874539370E-002
   6.42998827431293        37.8198114714435       4.276769728327191E-002
  0.591509139432883       0.249119811008212       0.242866796453155     
  0.215881825475406       0.234951183530160       0.532871837328421     
  0.257438974214037     
         116          15  0.798542907060883        616.694140434094     
   2.61667932751860       0.562041869082981       7.779718574177584E-002
   7.18934371672221        34.1668390532346       3.841226687073016E-002
  0.645951543592026       0.178998380269335       0.148393917910494     
  0.201193324719172       0.255439686120063       0.690467575200874     
  0.513569195619782     
         117          15  0.702320337098112        584.564424284583     
   2.31106412933647       0.355620531012263       7.204459612007828E-002
   8.89870391042787        22.1625305056467       5.477612955949872E-002
  0.441368701654000       0.233532458851990       0.180429590855218     
  0.214748410477563       0.154624808366438       0.692794407313785     
  0.576804031039229     
         118          15  0.793390049093216        494.316388704807     
   2.20803642031342       0.516723195740761       7.615297791318668E-002
   6.31700977281726        22.9044592844807       5.224630522968775E-002
  0.564866435348864       0.202655865062391       0.187817728797398     
  0.253828774445403       0.188585223492221       0.513063399212928     
  0.719508096632758     
         119          15  0.655425170768315        359.712436921922     
   2.53948259821179       0.608789865473826       9.854613835574128E-002
   6.64096602258796        23.7369500791640       3.354925839135334E-002
  0.396954238826200       0.238221857226570       0.221851436354644     
  0.191967339945327       0.258145182308029       0.437419965163709     
   1.16781685045953     
         120          15  0.801957981556219        510.594980729408     
   2.11438653503048       0.565647301683031       0.112890835625517     
   10.5591422174999        28.0334715810561       6.078365681992008E-002
  0.399622692463307       0.266343440285706       0.169239069841843     
  0.144810543960399       0.213178485386786       0.646555008468122     
  7.713699536050665E-002
         121          15  0.722814199280482        456.437492283808     
   1.94215630205269       0.439307416764923       0.105610336215708     
   9.05507357388560        31.0304549886108       5.596915033324142E-002
  0.560217262431027       0.187860466996537       0.205607569953769     
  0.206239609367296       0.259936898307573       0.434005304407328     
  0.401892307895542     
         122          15  0.778821119898619        528.907738436657     
   2.48391964945543       0.584641051019871       8.953182748042951E-002
   8.84125818537723        30.5148279180371       3.389967074313899E-002
  0.492549195516057       0.279463009767679       0.172449713878553     
  0.237649057579213       0.215074125183404       0.768485985311940     
   1.48762682243974     
         123          15  0.668705245414483        522.139386774164     
   2.01547188200882       0.648334220641204       8.834698470347041E-002
   9.64039580457902        32.6834790098070       4.609286476741271E-002
  0.523663582778067       0.180316940936007       0.184003737183315     
  0.222305462115568       0.166259220705902       0.597815760775154     
  0.914108443757056     
         124          15  0.753324505546952        399.613178980722     
   2.12230067523561       0.629252381864524       0.104864219294567     
   8.66375209929247        30.1091671418282       4.038143361569348E-002
  0.606459284365667       0.249038595267839       0.166749730991638     
  0.244138236086172       0.142692075942109       0.468796029660906     
  0.119680297947650     
         125          15  0.810959227385475        598.853570370599     
   1.98974728478465       0.455901222879423       7.101433473940501E-002
   8.12163236844935        28.1093081306062       4.190010616633603E-002
  0.449345338347121       0.246544698115582       0.174744608922149     
  0.227431603097014       0.216706551620805       0.760740544829066     
  0.787494257985821     
         126          15  0.677566187826431        564.759324457298     
   2.60561009276601       0.488466046517201       7.222332058508663E-002
   10.2338624271943        21.1315135464515       5.638970982220558E-002
  0.636340926401998       0.266699225007152       0.212150066794129     
  0.155031338630189       0.251861470690244       0.477472154311904     
  0.813583111207796     
         127          15  0.652449440015298        625.344358234981     
   2.37430140881207       0.419567520764437       0.115952855943367     
   10.2158732837066        30.7227613871892       5.074162792971508E-002
  0.562610810697322       0.221354930091067       0.179165306339342     
  0.182398421277073       0.148529237478506       0.763436516066739     
  0.481484521522151     
         128          15  0.659672182709154        540.067536901231     
   2.36603009879621       0.524400452450294       0.106083034894032     
   9.99098077505769        23.9109691600608       4.433829146565164E-002
  0.527816522089562       0.165471635454355       0.140098924416268     
  0.142217858694973       0.247554243942380       0.718819694181028     
  0.886440426330326     
         129          15  0.713034179945769        506.681416562231     
   2.23334584333574       0.532639181773480       8.285130791670835E-002
   9.89658821938210        32.4715200045335       4.324785700911889E-002
  0.617242554043673       0.225990676563562       0.175804062129259     
  0.190795198602136       0.241012413781342       0.444332841509364     
   1.68532443101478     
         130          15  0.687272423709100        537.614867041189     
   2.59672828506580       0.453048120175920       0.109063411354197     
   10.3988308407133        21.4964615184750       5.369218928813387E-002
  0.657108088241510       0.166644459786715       0.190162058790379     
  0.258421210641082       0.147247908928719       0.428823777522056     
  7.906134578323178E-004
         131          15  0.818322243557340        603.535263966906     
   2.43197904232974       0.361270854821401       0.110961830220014     
   8.18712954281073        36.4334878406186       3.439777974223937E-002
  0.497364438857154       0.158199698163402       0.217356036941672     
  0.225319063096951       0.238343896236312       0.597236370370271     
  0.229309798436675     
         132          15  0.828036950064223        536.196889423402     
   2.57345988818653       0.495536410284694       0.117350814619601     
   9.71472215165850        33.9611903964181       5.656004726552021E-002
  0.492793712676304       0.276377854723237       0.191524699382443     
  0.160395820779890       0.162058117074262       0.552903444459593     
   1.58853290125904     
         133          15  0.673552738895832        638.875135128140     
   2.56763374467851       0.426334326382836       9.462922877265716E-002
   6.77273415788659        24.9739890951621       5.431838006957790E-002
  0.506621076145374       0.281094764130279       0.222243693466024     
  0.158861628341187       0.141219199680970       0.440511758055141     
   1.10938139607252     
         134          15  0.767915766199078        503.219369079692     
   2.59945764619871       0.604875884461045       9.001125532709173E-002
   7.55009500529559        20.7099431821437       6.092037311787820E-002
  0.567200622753945       0.272858109739458       0.232220609739546     
  0.209095232690794       0.175535495951909       0.772853835945374     
   1.69421128497220     
         135          15  0.812460575369362        419.625023406458     
   2.15117095102424       0.417724117692320       0.115662443320068     
   10.9106180553266        27.8005104022170       4.232924610434600E-002
  0.521980857552854       0.182478059474030       0.146320927235407     
  0.224475907359875       0.223329234582728       0.776256418913014     
  0.943462141698532     
         136          15  0.727648685193994        368.045717316187     
   2.22246785299665       0.469304634407265       0.129074194292634     
   6.44257919389638        28.6809273119060       3.396896437691141E-002
  0.643051790769037       0.198976976935170       0.251589611162062     
  0.195040735284907       0.243303073787213       0.769936170953819     
  0.875195809690833     
