1

                                             * * * * * * * * *  L H S  * * * * * * * * *

                                             LATIN HYPERCUBE AND RANDOM SAMPLING PROGRAM

                                             * * * * * * * * * * * * * * * * * * * * * *


    Run on  5/16/19 at 13:49:25.46 with LHS Version: 2.30 Release 1, Compiled May 31, 2001        


0    Pecos::LHSDriver

    Random Seed =      446702

    Number of Variables =  15

    Number of Observations =  136
0   The sample was written to the file: LHS_samples.out
0   Input was read from the file: 
1

    Pecos::LHSDriver                                                                                                             

    VARIABLE  DISTRIBUTION          RANGE            LABEL
0       1        UNIFORM    0.651     TO  0.881                                                        
0       2        UNIFORM     350.     TO   650.                                                        
0       3        UNIFORM     1.94     TO   2.62                                                        
0       4        UNIFORM    0.350     TO  0.650                                                        
0       5        UNIFORM    7.000E-02 TO  0.130                                                        
0       6        UNIFORM     5.95     TO   11.1                                                        
0       7        UNIFORM     20.6     TO   38.2                                                        
0       8        UNIFORM    3.290E-02 TO  6.110E-02                                                    
0       9        UNIFORM    0.371     TO  0.689                                                        
0      10        UNIFORM    0.154     TO  0.286                                                        
0      11        UNIFORM    0.140     TO  0.260                                                        
0      12        UNIFORM    0.140     TO  0.260                                                        
0      13        UNIFORM    0.140     TO  0.260                                                        
0      14        UNIFORM    0.420     TO  0.780                                                        
0      15        UNIFORM     0.00     TO   1.91                                                        
