1.7164360000e+04
1.9275320000e+04
1.6343530000e+04
1.8211360000e+04
1.5690380000e+04
2.0239890000e+04
1.6338410000e+04
1.5390800000e+04
1.5177490000e+04
2.0789940000e+04
1.6181910000e+04
1.9300870000e+04
1.8434350000e+04
1.6255770000e+04
1.7990040000e+04
1.5163120000e+04
1.6763740000e+04
1.3434300000e+04
1.5560000000e+04
1.7439340000e+04
1.5391500000e+04
1.7616500000e+04
1.8027460000e+04
1.4765080000e+04
2.0903100000e+04
1.8252080000e+04
1.7365940000e+04
1.5026190000e+04
1.7550020000e+04
1.6590120000e+04
1.7530010000e+04
1.7632110000e+04
1.8485230000e+04
1.4437300000e+04
2.0378090000e+04
1.4410240000e+04
1.8320010000e+04
1.7009930000e+04
1.8976220000e+04
1.7687160000e+04
1.5970100000e+04
1.6694860000e+04
1.6087570000e+04
1.6309350000e+04
1.8770500000e+04
1.8778660000e+04
1.5923140000e+04
1.6255780000e+04
1.6879820000e+04
1.6582050000e+04
1.4672340000e+04
1.5843830000e+04
1.7193300000e+04
1.7545140000e+04
1.7211830000e+04
1.5553830000e+04
1.9190130000e+04
1.7754240000e+04
1.8390990000e+04
1.9476270000e+04
1.7732140000e+04
1.6789790000e+04
1.7508430000e+04
1.5894150000e+04
1.8908680000e+04
1.7415800000e+04
1.7056090000e+04
1.8734010000e+04
1.7254710000e+04
1.7426840000e+04
1.7594640000e+04
1.5295870000e+04
1.6285200000e+04
1.7165160000e+04
1.9794800000e+04
1.7917120000e+04
1.6998450000e+04
1.7634980000e+04
1.9233640000e+04
1.6747250000e+04
1.6314860000e+04
1.6990510000e+04
1.6945550000e+04
1.6667710000e+04
1.7090150000e+04
1.5567170000e+04
1.8036600000e+04
1.9042040000e+04
1.8608890000e+04
1.6973850000e+04
1.8176400000e+04
2.2918940000e+04
1.6318670000e+04
1.7162150000e+04
1.5160130000e+04
1.7318510000e+04
1.5636700000e+04
1.4011720000e+04
1.5639010000e+04
1.7319470000e+04
1.5820980000e+04
1.7495950000e+04
2.1721230000e+04
1.7020090000e+04
1.6112240000e+04
1.7512440000e+04
1.7205220000e+04
1.6297760000e+04
1.4078570000e+04
1.8620520000e+04
1.7179320000e+04
1.6041090000e+04
1.6346620000e+04
1.8323670000e+04
1.6382320000e+04
1.5648340000e+04
1.6670490000e+04
1.6878450000e+04
1.5006950000e+04
1.6264640000e+04
1.7027290000e+04
1.7319560000e+04
1.6459510000e+04
1.9216820000e+04
1.7293160000e+04
1.8147310000e+04
1.3629470000e+04
1.8413810000e+04
1.5386160000e+04
1.7082130000e+04
1.7845280000e+04
1.6883040000e+04
1.7619570000e+04
1.5198690000e+04
1.4615850000e+04
1.7045340000e+04
1.5813390000e+04
1.7052580000e+04
1.7891920000e+04
1.4743560000e+04
1.7795930000e+04
1.8132720000e+04
1.5257730000e+04
1.4969220000e+04
1.5040620000e+04
1.4575140000e+04
1.7105090000e+04
1.7009020000e+04
1.4943640000e+04
1.5852620000e+04
1.9566450000e+04
1.5988110000e+04
1.4245660000e+04
1.7506560000e+04
1.7786570000e+04
2.0875170000e+04
1.7723650000e+04
1.6597010000e+04
1.7486530000e+04
1.8786870000e+04
1.5573120000e+04
1.6021100000e+04
1.8122700000e+04
1.5856330000e+04
1.6640890000e+04
1.7938140000e+04
1.7925950000e+04
1.7315920000e+04
1.6570130000e+04
1.8165340000e+04
1.5938840000e+04
1.7860020000e+04
1.7399940000e+04
1.6159030000e+04
1.5341530000e+04
1.6856910000e+04
1.6384410000e+04
1.8038430000e+04
1.6178780000e+04
1.8162080000e+04
1.7446940000e+04
1.7673740000e+04
1.5424800000e+04
1.4173720000e+04
1.7300850000e+04
1.6204180000e+04
1.8949520000e+04
1.6589650000e+04
1.7569900000e+04
1.6311620000e+04
1.6665480000e+04
1.6160650000e+04
1.9147850000e+04
1.7967400000e+04
1.6564210000e+04
1.3092730000e+04
1.4143880000e+04
1.9250370000e+04
1.7075840000e+04
1.2254040000e+04
1.6743290000e+04
1.5104810000e+04
1.5238360000e+04
1.4858940000e+04
1.7410610000e+04
1.5005870000e+04
1.4700670000e+04
1.6978610000e+04
1.7087550000e+04
1.6971140000e+04
1.5346500000e+04
1.7915790000e+04
1.3151900000e+04
1.5283600000e+04
2.0244970000e+04
1.5336530000e+04
1.7081550000e+04
1.6573680000e+04
1.7908260000e+04
1.3411870000e+04
1.5691870000e+04
2.0228290000e+04
1.7629120000e+04
1.3807590000e+04
1.5993560000e+04
1.3399980000e+04
1.8033990000e+04
1.5041390000e+04
1.7795540000e+04
1.6412510000e+04
1.5409350000e+04
1.5218670000e+04
1.9139430000e+04
1.4480290000e+04
1.7724350000e+04
1.5536270000e+04
1.7957280000e+04
1.8367970000e+04
1.7200120000e+04
1.7234030000e+04
1.6840650000e+04
1.6619810000e+04
1.5117370000e+04
1.4863600000e+04
1.3685240000e+04
1.6113220000e+04
1.5152320000e+04
1.3714390000e+04
1.8700600000e+04
1.7229280000e+04
2.0081290000e+04
1.6000410000e+04
1.5642430000e+04
1.6004400000e+04
1.6773860000e+04
1.3965870000e+04
1.7537540000e+04
1.6895520000e+04
1.5215080000e+04
1.7566040000e+04
1.7023190000e+04
1.6321670000e+04
1.4871490000e+04
1.5693580000e+04
1.4498790000e+04
1.6159400000e+04
1.7155210000e+04
1.7028340000e+04
1.7924250000e+04
1.7124930000e+04
1.7927530000e+04
1.6170540000e+04
1.4060750000e+04
1.6209520000e+04
1.5184230000e+04
1.5431100000e+04
1.6223340000e+04
1.6688150000e+04
1.5695080000e+04
1.6619080000e+04
1.5356140000e+04
1.7320180000e+04
1.6415780000e+04
1.7401360000e+04
1.7645980000e+04
1.9787930000e+04
1.6201950000e+04
1.7035450000e+04
1.6363010000e+04
1.6061550000e+04
1.6038360000e+04
1.8305580000e+04
1.7295670000e+04
1.5920950000e+04
2.4290320000e+04
1.7107070000e+04
1.4091950000e+04
1.6753160000e+04
1.7510900000e+04
1.6312860000e+04
1.5582010000e+04
1.7688910000e+04
1.6943390000e+04
1.6228990000e+04
1.5765110000e+04
1.9867770000e+04
1.6525320000e+04
1.7978520000e+04
1.5260040000e+04
1.4917010000e+04
2.0793810000e+04
1.6591140000e+04
1.7751310000e+04
1.5681150000e+04
1.5295150000e+04
1.4887380000e+04
1.5656890000e+04
1.4719460000e+04
1.8726210000e+04
1.2598550000e+04
1.6209130000e+04
1.6840080000e+04
2.0953680000e+04
1.5619110000e+04
1.4852210000e+04
1.5398990000e+04
1.6447400000e+04
1.6895110000e+04
1.5501630000e+04
1.5837740000e+04
1.5748850000e+04
1.6153570000e+04
1.6180900000e+04
1.5964730000e+04
1.8536560000e+04
1.8235890000e+04
2.9737680000e+04
1.5169760000e+04
1.6923110000e+04
1.4178320000e+04
1.5922760000e+04
1.7558440000e+04
1.5410630000e+04
1.6324110000e+04
1.5112120000e+04
1.5804510000e+04
1.8998550000e+04
1.6370110000e+04
1.5497760000e+04
1.6943500000e+04
1.6347310000e+04
1.4815080000e+04
1.3723600000e+04
1.4621960000e+04
1.8991250000e+04
1.6963410000e+04
1.9633300000e+04
1.7026210000e+04
1.5632880000e+04
1.3143800000e+04
1.7797880000e+04
1.6571160000e+04
1.8546100000e+04
1.5610250000e+04
1.4795820000e+04
1.4461120000e+04
1.4154290000e+04
1.7399420000e+04
1.6008600000e+04
1.5390390000e+04
1.7194460000e+04
1.4979290000e+04
1.4766420000e+04
1.6681950000e+04
1.9008250000e+04
5.6497360000e+04
5.6877460000e+04
5.5439810000e+04
5.5427290000e+04
5.1669120000e+04
5.5157610000e+04
5.6698300000e+04
5.3133730000e+04
5.5738170000e+04
6.0905780000e+04
5.8575620000e+04
5.1906400000e+04
5.7978450000e+04
5.8748570000e+04
5.3327120000e+04
5.7758500000e+04
5.4198400000e+04
5.5266860000e+04
5.4219110000e+04
5.3711420000e+04
5.6206910000e+04
5.4206670000e+04
6.1928490000e+04
5.9329000000e+04
5.9419610000e+04
5.2387690000e+04
5.3973040000e+04
5.4272590000e+04
5.6066640000e+04
5.7419080000e+04
5.3214950000e+04
5.6224230000e+04
5.6839520000e+04
5.6951530000e+04
6.6708970000e+04
5.9440770000e+04
5.3105070000e+04
5.9094110000e+04
4.8503440000e+04
5.8413110000e+04
5.5089180000e+04
5.4976050000e+04
5.7148290000e+04
5.6932350000e+04
5.7091630000e+04
5.4480030000e+04
6.2326480000e+04
5.7728810000e+04
5.3947780000e+04
5.5428150000e+04
5.7083790000e+04
5.7030010000e+04
5.6119600000e+04
5.8321230000e+04
5.2356640000e+04
5.5581900000e+04
6.2203010000e+04
6.0291790000e+04
5.4079940000e+04
5.5193970000e+04
5.8826400000e+04
5.9849240000e+04
5.7665480000e+04
5.6019820000e+04
5.7342800000e+04
5.1489350000e+04
5.5348170000e+04
5.3836390000e+04
5.7406150000e+04
5.7448420000e+04
5.7385540000e+04
5.8908980000e+04
5.2580700000e+04
7.1758180000e+04
5.2275640000e+04
5.7097150000e+04
5.2087670000e+04
5.7418070000e+04
5.6653520000e+04
5.8891400000e+04
5.5485910000e+04
5.5230190000e+04
5.7280470000e+04
6.3004150000e+04
5.1911490000e+04
5.7061050000e+04
5.3471210000e+04
5.7163790000e+04
5.4392510000e+04
5.4438200000e+04
5.5521360000e+04
5.7105360000e+04
5.6213330000e+04
5.3535650000e+04
5.9546240000e+04
5.7562190000e+04
6.1030640000e+04
6.2698540000e+04
5.6109780000e+04
5.1929220000e+04
5.1749230000e+04
5.6436440000e+04
6.1947600000e+04
5.9138730000e+04
5.7335120000e+04
5.2466050000e+04
5.2432250000e+04
5.7870800000e+04
5.7609870000e+04
5.4430080000e+04
5.5345050000e+04
5.3892140000e+04
5.4661160000e+04
5.7207530000e+04
5.6102510000e+04
5.5895520000e+04
6.9178340000e+04
6.0207630000e+04
5.8395720000e+04
5.4120760000e+04
5.1391780000e+04
5.8759030000e+04
5.8495210000e+04
5.4312190000e+04
5.6706850000e+04
5.6256650000e+04
5.3703610000e+04
6.6069600000e+04
6.2436870000e+04
5.4145040000e+04
5.1989640000e+04
5.4412990000e+04
5.2051590000e+04
5.7561660000e+04
5.0397300000e+04
5.2047050000e+04
5.6275430000e+04
5.0618010000e+04
5.8391870000e+04
5.7010470000e+04
5.6053940000e+04
6.1159140000e+04
5.6840500000e+04
5.8735800000e+04
5.3825330000e+04
5.9726030000e+04
5.3754920000e+04
5.5658990000e+04
5.4858520000e+04
4.8490180000e+04
6.0433100000e+04
5.6886010000e+04
5.7385430000e+04
5.0778610000e+04
5.7658550000e+04
5.3955650000e+04
5.6231100000e+04
6.1446520000e+04
6.8096140000e+04
5.9164360000e+04
5.3452710000e+04
6.0390500000e+04
5.2974010000e+04
5.3617410000e+04
5.4301050000e+04
5.4821450000e+04
5.3399780000e+04
5.2586690000e+04
5.8314120000e+04
5.5301240000e+04
5.1973050000e+04
5.3307880000e+04
5.4493970000e+04
5.2968600000e+04
5.2812430000e+04
7.2523940000e+04
6.1330680000e+04
5.4172090000e+04
5.3003000000e+04
4.9217750000e+04
5.0103560000e+04
5.6571250000e+04
4.7526330000e+04
5.6982580000e+04
5.1778190000e+04
5.4269830000e+04
5.5237910000e+04
5.2018350000e+04
4.6562090000e+04
5.5963730000e+04
5.0472400000e+04
5.7230300000e+04
5.1025450000e+04
6.0811350000e+04
6.0450840000e+04
6.0411840000e+04
5.1269710000e+04
6.5150730000e+04
4.9813330000e+04
6.3598960000e+04
5.3454640000e+04
6.2962760000e+04
5.6402150000e+04
5.4978420000e+04
5.0541660000e+04
5.9184590000e+04
6.0214270000e+04
6.1330540000e+04
5.1087290000e+04
5.6463880000e+04
6.3516540000e+04
5.6545930000e+04
5.8239670000e+04
5.6728250000e+04
5.4141480000e+04
5.2661830000e+04
5.9335560000e+04
6.0405550000e+04
5.1707930000e+04
6.0783400000e+04
5.4488600000e+04
6.0781760000e+04
5.5630110000e+04
5.4491250000e+04
5.3772400000e+04
5.1886740000e+04
5.4248850000e+04
5.3722060000e+04
5.9357510000e+04
7.0078090000e+04
5.1801910000e+04
5.7967560000e+04
5.7145780000e+04
6.1363100000e+04
5.5085150000e+04
6.5975020000e+04
5.5707000000e+04
5.3640340000e+04
5.0307110000e+04
5.6583000000e+04
6.3041520000e+04
5.3895000000e+04
5.6947250000e+04
4.9427530000e+04
5.7844030000e+04
5.9824370000e+04
5.7307830000e+04
5.5305550000e+04
5.0928740000e+04
5.7403240000e+04
5.5043590000e+04
5.8529070000e+04
5.0698330000e+04
5.7347460000e+04
5.5084100000e+04
5.1703090000e+04
5.8097580000e+04
5.5126980000e+04
5.7306230000e+04
5.8430770000e+04
5.3507680000e+04
6.1721670000e+04
5.1978280000e+04
4.9763990000e+04
5.7390540000e+04
4.9863570000e+04
5.1363360000e+04
5.2954110000e+04
5.3946420000e+04
5.7264500000e+04
5.4429050000e+04
5.7296350000e+04
5.0152810000e+04
5.1318680000e+04
5.7064320000e+04
6.4346550000e+04
5.5375610000e+04
5.5292550000e+04
9.7877590000e+04
6.0049600000e+04
5.7293520000e+04
5.4049100000e+04
5.4625540000e+04
5.2940050000e+04
5.9555210000e+04
6.0456310000e+04
5.7472800000e+04
5.3851330000e+04
5.5257000000e+04
5.3289570000e+04
5.3932820000e+04
6.0708460000e+04
5.8409220000e+04
5.7740800000e+04
5.3471210000e+04
5.8233430000e+04
6.0950080000e+04
6.0301040000e+04
5.2770450000e+04
6.2533920000e+04
5.4346390000e+04
5.9512270000e+04
5.8356800000e+04
5.4590980000e+04
5.0472960000e+04
5.6010110000e+04
5.2888220000e+04
5.8663160000e+04
5.7373730000e+04
5.9733950000e+04
5.7871890000e+04
5.3596610000e+04
5.1845460000e+04
5.9360360000e+04
5.8483700000e+04
5.6957320000e+04
5.8095000000e+04
5.0992610000e+04
5.5733910000e+04
5.3324590000e+04
5.5734840000e+04
5.9596640000e+04
5.4776280000e+04
5.4215090000e+04
6.0481220000e+04
5.4605730000e+04
5.7616100000e+04
5.7659090000e+04
5.3555020000e+04
5.6571080000e+04
6.1385360000e+04
5.5204720000e+04
5.2041780000e+04
5.2738090000e+04
6.8529520000e+04
5.3899240000e+04
5.1275810000e+04
6.5910500000e+04
5.2603360000e+04
5.4879400000e+04
6.9526670000e+04
5.5717560000e+04
5.9509010000e+04
6.0229700000e+04
5.9869760000e+04
5.9083380000e+04
5.4830490000e+04
5.3840220000e+04
5.5735100000e+04
5.8083440000e+04
4.8889700000e+04
5.2785300000e+04
5.4679670000e+04
5.2509060000e+04
5.2786390000e+04
5.7546500000e+04
5.3217570000e+04
5.7162310000e+04
