 $ LHS File Format Version 1.00 
$
$ This LHS run was executed on  5/ 9/19 at 21:25:50.29
$ with LHS Version: 2.30 Release 1, Compiled May 31, 2001        
$ The run title was:
$ Pecos::LHSDriver
$
$ Message output file for this run: LHS_distributions.out
$
$ Input file(s) for this run: 
$
$ Point Values for the distributions follow:
$
$ All point values represent mean values that
$ were calculated from the actual LHS sample.
$
    Normal1               7.6593063E-01
    Normal2               5.0001228E+02
    Normal3               2.2800757E+00
    Normal4               5.0001104E-01
    Normal5               1.0000766E-01
    Normal6               8.5010085E+00
    Normal7               2.9398528E+01
    Normal8               4.7006337E-02
    Normal9               5.2997505E-01
    Normal10              2.2000023E-01
    Normal11              2.0001849E-01
    Normal12              1.9998324E-01
    Normal13              2.0002347E-01
    Normal14              5.9990057E-01
    Normal15              6.9261488E-01
$
@UNCERTAINTY
  @OBSERVATIONS    240
  @VARIABLES     15
    Normal1:           
    Normal2:           
    Normal3:           
    Normal4:           
    Normal5:           
    Normal6:           
    Normal7:           
    Normal8:           
    Normal9:           
    Normal10:          
    Normal11:          
    Normal12:          
    Normal13:          
    Normal14:          
    Normal15:          
@SAMPLEDATA
           1          15  0.767912774528190        523.109246714471     
   2.24605192261019       0.485882998117886       9.586752551593165E-002
   8.47688012449563        28.5085873547179       4.481690294493476E-002
  0.594366243940488       0.240806612371355       0.171307562399122     
  0.196524186320156       0.155660936754274       0.600735222059512     
  0.211035985834084     
           2          15  0.787640206672464        523.567784572591     
   2.45981875227566       0.450993504817268       9.640787508005774E-002
   8.65123988839924        30.0052728522601       4.750365751270244E-002
  0.624174828241887       0.214346515560257       0.183652527532841     
  0.244736136155429       0.232442173862465       0.557465204648303     
  0.731458899605786     
           3          15  0.779305405867173        426.036670110082     
   2.19498355435534       0.489186630809522       9.102508107167223E-002
   7.74024512350842        25.5341471689396       5.018369500082036E-002
  0.474948896333949       0.196937319232107       0.196733046238440     
  0.174038455800112       0.216317067473698       0.611741248907189     
  0.949986651435981     
           4          15  0.804734099206199        510.864499428838     
   2.43941110529680       0.545970186369498       0.110036629688807     
   6.97644913142239        26.5086168924741       4.073415972661645E-002
  0.545402760364098       0.251268110594940       0.216074208312706     
  0.188644038248779       0.236442096833750       0.620055684438796     
   1.06990450569527     
           5          15  0.841576609630762        484.536886180874     
   2.13714843156222       0.485733847298423       9.873888608393191E-002
   7.36769384428867        28.1041017268244       4.446341681022419E-002
  0.444812095554238       0.233730928802604       0.190633379238378     
  0.209094552005458       0.243309859043818       0.579637782373722     
  0.225393015748519     
           6          15  0.825806139138314        500.260218643233     
   2.15080961418556       0.505614386738989       0.100596701650477     
   9.63621705874153        29.3743724593709       5.052748917640643E-002
  0.539008250617999       0.221590082861867       0.194548302178860     
  0.210154889418361       0.185957147874656       0.641578092289535     
  0.761607159495804     
           7          15  0.757837051875136        494.692620783590     
   2.26503666497837       0.584867987276608       0.127869683385927     
   7.02879601519973        28.4445022398057       4.356234667349209E-002
  0.525372900485793       0.200184658405346       0.167003409783743     
  0.182751620074131       0.172368833464250       0.588269876880844     
  0.199204970867999     
           8          15  0.750573268987737        483.656946661442     
   2.30533080183681       0.427016428132171       0.108246091251447     
   7.16677437171002        30.7929201167630       4.250870565910966E-002
  0.479549043115835       0.218659868315245       0.209765508367381     
  0.196720831196546       0.162135035248785       0.600099463743234     
  0.434904529787994     
           9          15  0.803097755695807        550.793389647835     
   2.08479667623988       0.613729351480214       9.512432405050721E-002
   9.46551139112588        30.9087832979410       4.327916971639068E-002
  0.564089754437887       0.227013906870599       0.187733668065120     
  0.172251169421248       0.203657687628717       0.650055781545669     
  0.794488114117648     
          10          15  0.806941012422775        488.610688092285     
   2.11634740932331       0.622219195694757       0.104947397830880     
   9.58565894904840        31.8468049967371       4.501894932151862E-002
  0.540713551179874       0.267325649561846       0.204333078948191     
  0.234573166116548       0.176197996227626       0.592537164483655     
  0.128658345147898     
          11          15  0.725763639333594        406.108752062750     
   2.17999976139078       0.467615977868326       9.096283306433331E-002
   8.21660514061589        29.6151620862536       5.080298597232737E-002
  0.562768990311939       0.198026691862278       0.187519327704396     
  0.202060852011956       0.180430866808697       0.556398520702212     
  0.803274930737604     
          12          15  0.728298953479534        547.464711238399     
   2.22329397513774       0.536156823824721       7.883749727726022E-002
   9.53336702847122        25.2091787779289       5.485688969358786E-002
  0.451757933043588       0.228742953633365       0.168514178442287     
  0.187402433561805       0.189621025937895       0.609809713442183     
   1.20398230095012     
          13          15  0.785211676329254        482.567142166464     
   2.16945355568037       0.490199280366440       0.107986118185055     
   9.29702229918387        34.1832299493400       4.105615048534750E-002
  0.460413987199637       0.208154188708587       0.215650929328625     
  0.176624826740629       0.195646299706297       0.651085385448107     
  0.704842747559180     
          14          15  0.802692863076852        571.176919239196     
   2.21307411933129       0.403300121596915       0.114013272220926     
   7.99257691270156        25.7998204585721       4.388163712908897E-002
  0.567116459167612       0.235246920906608       0.229977325430919     
  0.224884632592350       0.194377873463121       0.573398402184985     
  0.613786419055427     
          15          15  0.700667270218557        583.523438389594     
   2.23557200941635       0.543872388758737       0.102909047738310     
   8.58046006947212        27.1076013676772       3.764021269987786E-002
  0.497070597041138       0.218926055482704       0.177403537198899     
  0.179660373855034       0.224895305420851       0.643614704311927     
  0.512845842380037     
          16          15  0.769528183769145        552.752715810731     
   1.97194062118158       0.540737153999398       8.537804631025203E-002
   7.54105506981523        31.1738022596620       5.426973038833963E-002
  0.544706197549541       0.193035926865721       0.176484379058662     
  0.233718925877938       0.211442379320458       0.676378190759302     
  0.266125316296672     
          17          15  0.710399603183599        509.059759199628     
   2.47128663931699       0.550278085585082       9.759082112743667E-002
   8.29719043481209        30.8801204319168       4.730423384297400E-002
  0.579637645837765       0.210562234893911       0.202845129820056     
  0.178399978889019       0.173014240446976       0.587653241055166     
  0.107834611788468     
          18          15  0.821863010356527        445.386285744697     
   2.29801583534165       0.477662816893875       9.740338429367026E-002
   8.89273372148732        29.2781203028110       4.463475147413257E-002
  0.533947748487853       0.250204745484270       0.179282055866539     
  0.212400823596983       0.204544512842533       0.524852755088391     
  0.711349002105436     
          19          15  0.760812136280720        508.558319524207     
   2.01791636854638       0.542048736859336       9.539407694187020E-002
   9.86878227324053        25.9310866796347       4.922350741185150E-002
  0.494262841765587       0.212629113457290       0.225320468765201     
  0.168990551083116       0.196958303314205       0.632223062847641     
  0.926989535349759     
          20          15  0.763763183909173        533.235465962246     
   2.55527744935167       0.569252141756724       0.107020027451234     
   9.50486386092899        33.9481431390356       4.658732268630859E-002
  0.551910858956061       0.191840486805713       0.170559432854600     
  0.193451639962122       0.196572569442355       0.606698477108145     
  0.550770883310785     
          21          15  0.765288348543926        440.795199229492     
   2.55430619807561       0.488018305664406       0.109316144747666     
   8.97751014480874        31.8762255769628       4.038726395736996E-002
  0.435770664212268       0.199733939390612       0.199610803540247     
  0.185193575441406       0.228703611097907       0.624724028801578     
  0.393768556150790     
          22          15  0.770057178787114        503.754453571882     
   2.14517523735566       0.552740642142619       9.551101127563390E-002
   9.55279703339754        28.2377790832682       4.163074125772466E-002
  0.512616155211218       0.250353270346208       0.196899887267970     
  0.226231543835311       0.165656332277629       0.550834680487892     
   1.12762376663445     
          23          15  0.693830559724321        563.903164813463     
   2.13629902537777       0.394619371549708       0.114260369837092     
   9.11964878479409        32.3746569852946       5.055751538526201E-002
  0.554092335177187       0.261827230099036       0.204569313180891     
  0.239710867578480       0.176981653376024       0.582716384408982     
  0.866911785075810     
          24          15  0.835506689154842        531.837695404621     
   2.45337611656719       0.567121115335963       8.696135655150601E-002
   7.56494339009306        33.5164226372197       5.546625933612927E-002
  0.412552555040403       0.230539431826421       0.216212501593568     
  0.180310014384862       0.188885714947209       0.563787226190067     
  0.835189194002803     
          25          15  0.788423938854184        470.607467286066     
   2.49158163325751       0.512648799003069       0.115198324127479     
   8.59624081533339        35.1008767718870       5.166779194492345E-002
  0.490050348296365       0.173409039708639       0.228333847825409     
  0.193989051253476       0.206398760721210       0.583046854684601     
   1.08135611289994     
          26          15  0.741936126792514        476.392907609713     
   2.11103532513680       0.445552155916971       0.100933198558020     
   7.20504013809220        31.1291628725462       5.703888440458377E-002
  0.480095268213739       0.259972585366683       0.222387853527479     
  0.205656282522556       0.216715816442628       0.596081301162585     
  0.157925642871172     
          27          15  0.823432020904190        516.188578840129     
   2.23078624437738       0.567836920688590       8.408586061645595E-002
   8.33729462990457        32.7793386386881       4.690539521185532E-002
  0.554955914125239       0.240963014699905       0.195499722672099     
  0.200502656272276       0.197640868465532       0.715463804096145     
  0.436739604358453     
          28          15  0.742459265728161        520.980358320390     
   2.28064916390441       0.480936207592519       9.994528490434830E-002
   8.97406942510347        29.0021028797621       4.987845637673080E-002
  0.527641781626070       0.193904165008560       0.233990172157141     
  0.201412650677116       0.221121437850552       0.756755267425846     
   1.12316666398273     
          29          15  0.684672424543551        600.209158657887     
   2.16334359236557       0.438810653886916       0.105511343391299     
   7.18444452414155        29.2196963601505       4.575788185346955E-002
  0.566660081108080       0.180306040513502       0.208686131498098     
  0.215696430257378       0.225472537475063       0.593972512459093     
  0.467902458715229     
          30          15  0.765095799576367        467.608927771735     
   2.21646353042842       0.531520854789057       9.144611385056507E-002
   8.23696414211002        31.3111502276932       4.313013416087259E-002
  0.561145157400798       0.202766849058728       0.189565879739415     
  0.236227325957547       0.189442865040504       0.559087572551351     
  0.746843299034988     
          31          15  0.747950201954371        512.599233382012     
   2.37213833558174       0.491059670442525       8.798836705832513E-002
   6.52473387097668        29.5766017957472       4.240839684582180E-002
  0.605477670122844       0.244012230818714       0.221838602808624     
  0.201225263605566       0.229766883104879       0.647964657703688     
  3.054462008031444E-002
          32          15  0.814394187541849        543.018895038728     
   2.23753299524274       0.506538794530733       0.103970080105818     
   7.96403385137009        28.4720714912402       4.640473221965754E-002
  0.463189905714821       0.203797452799686       0.178361074841104     
  0.167086127430455       0.209245363191106       0.653438813983622     
  0.571392257608452     
          33          15  0.724014053003991        521.536369422501     
   2.05191712936304       0.593565691075817       0.103117080641429     
   8.19626676538152        32.7083109678370       4.425132407045088E-002
  0.500974455930953       0.239645966696220       0.197766983951030     
  0.223240900095161       0.192347857087032       0.523259720237355     
  0.800501465649434     
          34          15  0.713222409510807        477.140499642636     
   2.05452448889945       0.523387887025762       9.177743054200158E-002
   9.69213024907218        31.0130761059748       3.999757395335544E-002
  0.593085054168989       0.220222537229835       0.184074155229306     
  0.196379238148443       0.212196410139160       0.569607022728920     
  0.735860200184975     
          35          15  0.716092542985411        499.057845734106     
   2.39384691074985       0.536697685112876       8.972524915603663E-002
   8.85341641208582        28.4268383463633       3.840874976931487E-002
  0.547996729812513       0.194870767298270       0.172078099072671     
  0.179282830550266       0.192911357626257       0.668178709328984     
  0.841365735209316     
          36          15  0.796312972976250        536.973632381578     
   2.28874780174713       0.527881194894856       9.686726968795455E-002
   7.07880258293693        27.7174225068199       3.701345160086625E-002
  0.564712853236664       0.247619569035279       0.229820733373520     
  0.169847816886271       0.176348727720392       0.551994397717051     
  0.303301398615607     
          37          15  0.782599712196977        480.459088898455     
   2.12970996716009       0.558409342005652       9.942188780309512E-002
   9.18659179083959        27.8248013545033       4.558695704481378E-002
  0.588719832781354       0.202466174716782       0.177041649931769     
  0.222495862689386       0.220690143146941       0.634637476822414     
  0.560222205753362     
          38          15  0.756319603293408        548.272594282760     
   2.34361050079407       0.425965976393571       0.102961954575844     
   9.57107775461671        29.2690189862930       4.972295592387092E-002
  0.498759541087881       0.260821324795618       0.192245699838402     
  0.170582778764119       0.191102329327655       0.542228794919031     
  0.340026831939129     
          39          15  0.776633141492845        461.378013708588     
   2.02942126574084       0.449660390037824       0.111203650380954     
   7.86971384688159        26.5917301612303       4.276704970328674E-002
  0.478073414456438       0.236948932171612       0.186869184578237     
  0.228423129268608       0.180036821424209       0.635398303968740     
  0.683504096774183     
          40          15  0.812312102121523        473.557081360181     
   2.50240827162343       0.533719790231508       0.102741248114557     
   7.42453415838089        28.3159277806690       4.810399534043511E-002
  0.477159384893576       0.229531790365269       0.242777113323708     
  0.200144229295487       0.202438962528130       0.527940584140618     
   1.47300691234855     
          41          15  0.689390478990349        495.984774301870     
   2.46395643370428       0.526177715122846       0.111994026013097     
   6.30383676107852        26.6163900411370       4.554457185256678E-002
  0.483331190369633       0.216790914942610       0.222551394918667     
  0.175025501433082       0.219843748209062       0.655913954088200     
  0.844066525899753     
          42          15  0.857774548209996        477.652027650353     
   2.06348832321357       0.532001539490600       0.121582872341183     
   7.87521702957272        31.6025348507619       4.945139877775864E-002
  0.567972977818776       0.206142411746933       0.174810620166159     
  0.186158918329915       0.223971884238704       0.515409170036963     
  0.818936600677681     
          43          15  0.743862824200203        506.921094944337     
   2.56193401073212       0.554457290059756       0.106827502718048     
   8.81530916258485        30.6014678850910       4.865929744429118E-002
  0.526167140460999       0.232502482172677       0.213482116516732     
  0.175723587749510       0.185526279784128       0.638703691656095     
   1.03114863396094     
          44          15  0.771872670632116        495.674412730273     
   2.25734566398736       0.500125100034237       9.733023792652375E-002
   9.15727952361373        30.5299778911494       4.427763347588602E-002
  0.645836015675072       0.251596866800679       0.186778649681726     
  0.164460778851274       0.219019185914868       0.539247489249812     
   1.52713487318498     
          45          15  0.792223178560121        545.720819865399     
   2.17132202228013       0.540223302873702       9.813644000820919E-002
   9.13440904763588        30.4749548938539       4.207808488189733E-002
  0.550428016378870       0.226489742643866       0.232755635163202     
  0.203117561338717       0.229913958428901       0.646217382534253     
  0.691278988047780     
          46          15  0.780143803790792        418.647475676694     
   2.38207347730440       0.475988300026564       8.322138286186376E-002
   8.87737465315796        25.9000321566588       4.139653514860790E-002
  0.511510283822909       0.179067383126393       0.238336843745396     
  0.210346183493066       0.214704546493934       0.630795543647357     
  0.248300722697353     
          47          15  0.698200396887686        470.085821678034     
   2.34751676093276       0.497389302273853       9.067749577987398E-002
   9.65447731245984        29.1422904432758       4.612596678273338E-002
  0.531696298072861       0.212469847607386       0.192339450924021     
  0.199555899690892       0.223403642602001       0.546278966697597     
  0.746000011211733     
          48          15  0.791158910746861        517.348048414757     
   2.24050000434705       0.463614507738772       0.101874263460994     
   8.12982957544805        30.2739802952648       5.565953769565112E-002
  0.487156814421088       0.207390921578223       0.199021100834078     
  0.213248185289945       0.226271051284144       0.570121895026647     
  0.486378413635744     
          49          15  0.773420926096342        574.542969337146     
   2.47753420096782       0.513693593623423       0.106619079900042     
   8.55199113077003        23.0681661249281       4.914718476552803E-002
  0.485529183257015       0.225872164015585       0.195271287729906     
  0.207727734299824       0.194039543238631       0.672320870873171     
  0.495971909189837     
          50          15  0.774706945467513        549.856537176775     
   2.49465369702813       0.572224230020130       8.838518907649161E-002
   7.51868264858280        31.2540220484848       5.497927341309394E-002
  0.469231446311513       0.183660231615128       0.219929392059870     
  0.195062156583914       0.231135809643439       0.561404881382698     
  0.389919904064186     
          51          15  0.765666150523764        464.755460726472     
   2.33112919006432       0.556816042342281       0.101707970906189     
   7.40691765597525        28.5705213537083       4.806331716358626E-002
  0.520636799660212       0.203696890901837       0.202971836004321     
  0.194793361282791       0.207358752906372       0.684055904545793     
   1.09945221575975     
          52          15  0.863476657224384        527.800165793928     
   2.28341393143485       0.434886038585866       8.828155580872399E-002
   8.04926341839936        30.7113861067218       4.378802133713314E-002
  0.529746211258095       0.229927001318148       0.214821567638458     
  0.191399709049027       0.201852191769602       0.547889348601452     
  0.896436034664869     
          53          15  0.719134382431629        560.811261106096     
   2.20864655030322       0.516059005763540       0.101661242749282     
   8.75204143977363        30.0591750106067       5.085487839688015E-002
  0.474045641993480       0.185169860141498       0.208321230394712     
  0.190536814063739       0.181397078119389       0.623627286796403     
  0.556836322836483     
          54          15  0.746946838217690        507.396302622558     
   2.31617240366318       0.452698080032023       0.114612136462677     
   7.73035257990415        33.2052876196313       4.601262639735314E-002
  0.582395728943811       0.246937877496596       0.187112388484092     
  0.223628507092863       0.219381502177022       0.661553777244534     
  0.623383147815435     
          55          15  0.798992335230161        520.635781230696     
   2.61416358581764       0.546580435877006       0.103257619374648     
   10.7273864676106        30.6444617185647       4.218226581153598E-002
  0.568797939231553       0.182339152889324       0.191612535933134     
  0.153329704662771       0.183654174156028       0.578102276463631     
   1.16169555955471     
          56          15  0.778282513332227        556.182431750654     
   1.95698201670964       0.504263769577962       0.113202085717128     
   9.16393269919730        33.0534771752378       4.884045151209503E-002
  0.521162143059157       0.220824613976275       0.220073883097911     
  0.192386272364269       0.204100160206692       0.575362362512673     
  0.754125624564234     
          57          15  0.713785643544244        460.536238378067     
   2.59927101911909       0.469043727989304       0.100422643407361     
   8.91527470864364        32.3293484578290       5.347120208885729E-002
  0.584794136985281       0.226937331520874       0.220521676553958     
  0.216220944066865       0.172840540426214       0.616034745666909     
  0.576057199542772     
          58          15  0.807639749805589        498.799423878706     
   2.25529827856719       0.408176225390307       9.391389208611026E-002
   9.45546553981653        33.0859948924762       5.218252813558656E-002
  0.661937414412946       0.186076226148142       0.164570842607401     
  0.203769201604258       0.188198768364093       0.630468332823573     
  0.476375706313063     
          59          15  0.832680094370848        568.228184935323     
   2.31155951960025       0.503155891339786       0.108443362104967     
   8.52759032788658        27.2645681389042       3.947930733894719E-002
  0.545914162718233       0.237260588701546       0.194116649167269     
  0.217196317527632       0.231794575731329       0.504947312872031     
  0.821526569594629     
          60          15  0.773038691989956        505.179089788228     
   2.08640752340764       0.441723535286148       9.167472780201991E-002
   7.29780463910638        35.0136261690250       4.565170560644088E-002
  0.595821536613437       0.236071534785194       0.211798650486676     
  0.236873280949606       0.211318816100164       0.662891017497316     
  0.639104395514989     
          61          15  0.835662915370768        483.299430939135     
   2.44481427827153       0.450895988885045       0.100791598665692     
   8.60191575082345        24.8959060710813       5.129693358691823E-002
  0.504033187718881       0.209658860801592       0.188652680423829     
  0.212106258113110       0.194181192758193       0.608822518899635     
   1.05241751268858     
          62          15  0.781598671994397        553.818519657646     
   2.14342493965572       0.496297560224166       0.100684519267596     
   7.35151489905534        29.8145996273839       4.725571668290608E-002
  0.555755186908025       0.213869956882757       0.148717063172507     
  0.217989680274496       0.214445704683594       0.679247510803644     
   1.17210903497015     
          63          15  0.755237635995555        395.014407504453     
   2.24839963285277       0.421102462853307       0.115827241910652     
   8.76144320486513        27.7711796823414       4.851217510064783E-002
  0.445758631542216       0.205234078822416       0.214084066355844     
  0.214455303953683       0.204402809149905       0.619337698885726     
  0.934300923254794     
          64          15  0.800505998388024        511.661164885884     
   2.17656747097528       0.562589397815613       0.111021825216342     
   7.95122987798076        29.4822732543414       5.153080002944213E-002
  0.581783391598499       0.227929344588742       0.205937983038003     
  0.188127323634866       0.177113943529154       0.536559001984733     
  0.305503019694372     
          65          15  0.786597537214508        465.855121091575     
   2.38605138641476       0.454325608332673       9.633576193286957E-002
   8.08274879154470        24.6584460184764       4.321832783132162E-002
  0.559372940532261       0.225151355267166       0.175391477593340     
  0.220341630170181       0.215859451848692       0.647472189415502     
  0.665059962534706     
          66          15  0.805535666028964        488.078546093218     
   2.25370808522408       0.524032001279994       9.702480780015658E-002
   7.98162487754876        28.0908171181923       5.325923924849763E-002
  0.597395339351974       0.188307392507024       0.182111798294118     
  0.181743535468508       0.201011993935962       0.549997444977293     
  0.136777198533815     
          67          15  0.805553646128566        475.234798387583     
   2.21193311100604       0.574872265890956       9.249027899976593E-002
   8.68778108305117        31.3443568554236       4.364233048427159E-002
  0.573298999522634       0.222288720163488       0.193803482135951     
  0.233153484652628       0.162660964677605       0.659735498592369     
   1.24976956674506     
          68          15  0.816240534859818        481.614118819724     
   1.96501206241164       0.483187799603204       0.115451061671753     
   7.77022148675492        31.2998585073888       3.791035916091103E-002
  0.561654562505198       0.257993494679808       0.209742230118103     
  0.205983254142936       0.215246578887137       0.642766437333039     
  0.607203862399671     
          69          15  0.752513195008075        544.842575770833     
   2.35864186589877       0.463961262547086       0.100182483749520     
   7.71709637384593        25.6097426282171       3.973958442707452E-002
  0.476829150012681       0.211699522306669       0.197457966190630     
  0.166040419439341       0.202907881514991       0.596292089412841     
  0.443816460071432     
          70          15  0.789709893108861        549.960090319499     
   2.00311713147726       0.438458458880430       0.107920539117969     
   7.38558267143432        30.1175209608508       4.130754659385601E-002
  0.512512512305375       0.200590278192883       0.211287228322044     
  0.193364199326817       0.199001215813848       0.569252804174238     
  0.687727632995586     
          71          15  0.784502588009261        430.728629938053     
   2.39036103098128       0.508321069562721       9.191547740142955E-002
   6.89031637312714        27.3758631365400       4.472335719014286E-002
  0.503284533474116       0.242450129242441       0.184281973789170     
  0.205906326855765       0.181183884242660       0.581726490548471     
  0.873906836570739     
          72          15  0.757088334438052        620.556503849278     
   2.42158649179393       0.460642943379961       0.112659887357877     
   7.93352256415325        23.6845337055085       5.066285332185150E-002
  0.551348294734157       0.181393310836654       0.203314381771876     
  0.195500152238094       0.198467084889213       0.509298790791983     
   1.62203369199293     
          73          15  0.762898335690078        418.026496793691     
   2.03958469919523       0.560681283082145       0.103909554085833     
   6.78432997003177        27.6784037322435       5.014619825688687E-002
  0.523114277170618       0.230804953023262       0.193550231647050     
  0.220118979252403       0.198790321093459       0.468225166818279     
   1.43039793893058     
          74          15  0.694468492677641        429.123925920175     
   2.60602976358607       0.491261048292480       9.219752354627603E-002
   8.78730524793795        27.5952407347191       5.194923104584447E-002
  0.617799073318902       0.248944662403775       0.161613528531278     
  0.198869883076116       0.210101963503414       0.736029976411080     
   1.15086299557977     
          75          15  0.830354033973041        545.962704880031     
   2.18835307461199       0.446069057542686       8.877656480388073E-002
   8.52563821107885        24.7901871558574       4.707120732630823E-002
  0.575354182912442       0.212125664105813       0.169028717389987     
  0.182069252448408       0.169264962609706       0.607453114999096     
  0.815210200746329     
          76          15  0.740527520266688        501.029948882856     
   2.41891912246407       0.545349550514603       0.112361319903546     
   7.80108086171029        24.3905493920155       4.264687442621164E-002
  0.533107584547203       0.205871074979638       0.200265873537917     
  0.177761671837511       0.203886406004784       0.537747035373451     
  0.191706006168931     
          77          15  0.759198242897937        543.747479880679     
   2.38417481907421       0.510448479250657       9.520049149803372E-002
   7.83392503941390        28.0229256537775       5.111818026366955E-002
  0.454932067685764       0.223148900225342       0.191771072896431     
  0.185381018429409       0.209324395982423       0.657987336641293     
  0.673104579651850     
          78          15  0.707635328785265        489.484996603781     
   1.99230734606112       0.528689471730044       0.117444659976100     
   8.66797897417792        33.2425616863503       4.711531205490376E-002
  0.467730928497567       0.214571629654711       0.218089575148772     
  0.190233229690672       0.184978453873828       0.640866523588982     
   1.01452526182847     
          79          15  0.746773787172696        493.325904012709     
   2.22151859664119       0.430968834526387       9.875217636002348E-002
   10.0576086800529        31.4494325909673       4.607743310427000E-002
  0.499111045337263       0.196111991336506       0.194404879959260     
  0.206974469180659       0.195200807599214       0.625611596274473     
  0.321187763248724     
          80          15  0.728797235340114        434.025645427424     
   2.36080102506743       0.565749823627307       0.104442527273252     
   8.28286173777865        32.9933311540611       3.960487874772495E-002
  0.637084383948640       0.213032550099007       0.192891773280330     
  0.200291750154384       0.200055545245967       0.531207747812802     
  0.942248542031653     
          81          15  0.717031569766870        522.523875367366     
   2.19193279646411       0.431911612349431       8.457782129625480E-002
   10.1382861033017        32.5518381264167       4.026895610840966E-002
  0.570635990199889       0.216605059169377       0.196217998129006     
  0.219596582000826       0.214006376222267       0.547186295487741     
  0.417544847910420     
          82          15  0.762138208719257        524.423891574107     
   2.12614671089722       0.472107922952142       9.283191533382908E-002
   8.53646231656400        32.8358573806002       4.641485649899853E-002
  0.514957113009481       0.202014903846516       0.186408990177681     
  0.204140994243871       0.213765809333818       0.558526986217231     
  0.930468162325339     
          83          15  0.717388739002797        472.824164146835     
   2.40417670174951       0.509649723299567       9.650471050060307E-002
   8.90355446794890        29.9590233583307       5.183734851307968E-002
  0.560402594034144       0.234492445304202       0.193312552116198     
  0.211729064570468       0.186874873622687       0.628225122666451     
  0.695529392143051     
          84          15  0.793101742207436        497.303624974859     
   2.27480171571378       0.511495778066886       8.396268827883840E-002
   7.89504515587256        28.3611426731611       4.625042559918285E-002
  0.513907571914013       0.221367343183244       0.234420532361956     
  0.180414067762574       0.189293228146905       0.613253712915240     
  8.626669528456110E-002
          85          15  0.762415652884790        525.383722509740     
   2.34223516659959       0.466935475883312       9.856946734370915E-002
   7.77732206760289        26.9386036549082       5.044510750655664E-002
  0.606218222591507       0.242999493582836       0.180913372681279     
  0.201709581009548       0.167822305412499       0.617332718335838     
  0.259063226782080     
          86          15  0.745994052891697        412.130048173072     
   2.37505262446896       0.532845442546434       0.102578437236262     
   7.94879219042438        23.8980071065271       5.321640204021792E-002
  0.574887675550245       0.203239352985911       0.178086185934274     
  0.220879077331580       0.196386923001353       0.598203780828348     
  0.502160160516769     
          87          15  0.718459277923569        479.216879106152     
   2.31423435546049       0.579546018800127       8.921780508230012E-002
   6.43355453148965        30.4394979969819       4.863494037207885E-002
  0.556337676577624       0.257175400092794       0.201957100666217     
  0.197351220524441       0.248425878708217       0.588834073131375     
   1.64320367044995     
          88          15  0.727720244014143        458.665167637595     
   2.01517837334667       0.500676225910878       0.105782654108329     
   9.15162092899426        27.1907395365203       4.435711512487230E-002
  0.602018467133622       0.240001794830234       0.198119756730166     
  0.193803632681636       0.193590663644218       0.543369735746254     
  0.585277572753149     
          89          15  0.825162934596703        498.156005697487     
   2.43568926917443       0.518818461514449       0.107283496636225     
   8.06326497736691        32.8943653695779       3.928580968674280E-002
  0.613035034857397       0.201564936387940       0.192560475811325     
  0.205173789606445       0.210603597119644       0.680215649652028     
   1.34146891977544     
          90          15  0.755732066190925        532.792446659955     
   2.06881465306472       0.508434316948302       0.105141406227750     
   8.57882997380511        27.8817867177972       4.827794834124745E-002
  0.518195758828870       0.201008204059729       0.207315147900498     
  0.189111487494001       0.195394834050130       0.691135336311206     
  4.074918255483329E-002
          91          15  0.796569129390326        505.659566794077     
   2.09983220537502       0.365974329938869       0.106984366458358     
   8.08676823568908        26.6924173487985       4.903462004455685E-002
  0.541922844536267       0.232852312080012       0.159978835864980     
  0.230794346705518       0.197361385541584       0.597811404320902     
  0.379509576541630     
          92          15  0.720102151564944        441.773022101058     
   2.39936983724597       0.482116463523686       9.358411849778885E-002
   7.81591461077424        28.1701563984902       4.947566584130489E-002
  0.517455269714923       0.192734407628353       0.176127523786028     
  0.185994409988305       0.179648538998701       0.574274558543684     
  0.700125692833851     
          93          15  0.778863068004012        581.474651834374     
   2.02204967302472       0.507659208979875       9.029044717892845E-002
   8.40331875262084        22.5329977031252       4.333579020101826E-002
  0.565696789323286       0.228326586151313       0.191358211794701     
  0.202696901337734       0.184393629058512       0.499708011653353     
   1.03900634802968     
          94          15  0.726385172750369        432.072746348414     
   1.97870421482669       0.448118513793969       0.110851636080774     
   8.96124505139239        29.6644611938915       5.416528981542799E-002
  0.482840486947789       0.196644300492132       0.192047668786852     
  0.181224217213460       0.203038607803808       0.610089153063423     
  0.780568690246941     
          95          15  0.729342528637881        493.794438883541     
   2.59717436436852       0.550855488903387       9.776084334329745E-002
   10.2784810865127        29.7542871109662       4.412473806950749E-002
  0.569893810716950       0.278358045095113       0.166270512116712     
  0.197597663312122       0.196673036706134       0.645199697960196     
  0.400197413256907     
          96          15  0.741224526968291        530.785595213423     
   2.44797724952874       0.525943395411266       0.103459955171293     
   8.99353206991250        22.4681224943973       4.237517643014477E-002
  0.402550473228197       0.216309476500929       0.196447574372971     
  0.214197438105858       0.210987741875958       0.685119406819125     
  0.284850017721437     
          97          15  0.786052904606448        460.241347208088     
   2.36997577648664       0.504917645631265       0.101128617106011     
   9.27854525219636        24.5848386368931       4.661891395929196E-002
  0.539743174259744       0.238628536125629       0.235355970959369     
  0.203414825532593       0.238101942043395       0.666862709402482     
  0.862798337940014     
          98          15  0.761785578768250        540.619158917763     
   2.09599006393503       0.461536663527082       0.110380559753378     
   8.32856377408810        31.3853728221644       4.648062439147364E-002
  0.589954163031818       0.214969394093516       0.227711271641831     
  0.225983025325880       0.202682172719686       0.622988013948115     
  0.914404237072793     
          99          15  0.791689238351209        478.864094190625     
   2.19709778327231       0.554118993562364       0.104829606429884     
   8.61482511594429        31.6880180903578       4.281732584954268E-002
  0.533774628478313       0.190042482411476       0.210422356949019     
  0.192991487729551       0.171013319628153       0.651879183209429     
  0.543546385936380     
         100          15  0.753119646048558        486.122570097967     
   2.52614003732087       0.499450651337295       9.434954772128436E-002
   9.26685491984757        30.3135453076367       4.305570177636883E-002
  0.456616986134761       0.200352680592798       0.180242155755347     
  0.224039524481199       0.202133765116223       0.719859062032730     
  0.773110544410034     
         101          15  0.811940412992518        450.633939394127     
   2.53682790289338       0.466136087976995       9.447034563975309E-002
   10.3898137645621        27.4311928623107       4.454989696244731E-002
  0.472793060707720       0.214167881201837       0.210782476940125     
  0.218062043509378       0.228036607271876       0.544326508449431     
  0.597501235964849     
         102          15  0.809988454277412        529.983064294571     
   2.39576472757743       0.510866689762180       9.378555616064235E-002
   8.15520405542031        29.1123608963024       4.630179855744202E-002
  0.523648800872086       0.189393893483035       0.183329658878584     
  0.185632443010411       0.195110563887874       0.633569385839092     
  0.981548214233576     
         103          15  0.772762506867706        529.072557027618     
   2.28700979744023       0.518567908360810       8.903905637034319E-002
   9.60654195533270        29.3508236748908       5.256918166332399E-002
  0.529274699754087       0.194513311750175       0.202227230437763     
  0.213546186093028       0.200610266631422       0.611245289866101     
   1.13709143952918     
         104          15  0.773947248672572        586.594317752255     
   2.32378361517428       0.449042041334950       8.349075094191800E-002
   8.03410645600207        36.0511031194544       4.049524172290690E-002
  0.495439330671581       0.222408029828087       0.165149745790486     
  0.194385217659938       0.235826961813356       0.591370077307778     
  0.647718365120359     
         105          15  0.747714352500146        511.513778801880     
   2.26696762068540       0.523041048304639       0.119150607084913     
   8.83865280681867        27.0320118385384       4.998894053924439E-002
  0.597988536699221       0.165022931482596       0.204068958431893     
  0.208781971893489       0.205758830041840       0.580385826748092     
  0.253932937356004     
         106          15  0.745671626329426        491.586664186520     
   2.20049554805574       0.535207584766192       0.105866098534643     
   8.45269899935846        28.8850321105735       5.247172573099326E-002
  0.453386586580494       0.211519918616334       0.196239302254830     
  0.200664555440951       0.201934115632126       0.502025894937935     
   1.35169626126837     
         107          15  0.768885042250646        517.898709796464     
   2.05985390076246       0.498935603269074       0.100413528899265     
   8.62969890226415        30.3880797914634       4.581439680365641E-002
  0.508928181111398       0.213347718928035       0.199214490544030     
  0.191621008568191       0.177662863511860       0.608278482213639     
   1.27906100910083     
         108          15  0.794066968587832        432.821475012448     
   2.02690227285249       0.507291706172174       9.892915570306214E-002
   9.47873718096559        30.5133867497946       4.595378666787416E-002
  0.626912560524422       0.213631838180595       0.170017722119755     
  0.194534371323335       0.192174222167386       0.583583864213976     
  0.464166515308560     
         109          15  0.838535058294206        485.413199043623     
   2.31081293762397       0.458070197987771       0.105277223198797     
   10.6512385646181        28.9248623345054       4.531427357194846E-002
  0.633878608479889       0.187340042363711       0.245698344086174     
  0.186474731201348       0.210394039559856       0.604501003186452     
  0.534352470338583     
         110          15  0.757421818641632        577.776181804589     
   2.39751645232668       0.459852343132555       9.785393525298329E-002
   8.90970432455396        33.5788260946696       4.418048084143446E-002
  0.426563006282532       0.244490841763778       0.205832428577947     
  0.202099565265493       0.244118179031660       0.676931095489887     
  0.366379339830324     
         111          15  0.828799685635174        451.420976180636     
   2.43223367065119       0.511939611204304       9.496023689641206E-002
   9.03021878855561        23.2771790630482       4.699643687275971E-002
  0.530876007183749       0.209980082274540       0.218524879419457     
  0.221229743597385       0.201655559486644       0.615414376929224     
  0.242510174596849     
         112          15  0.818449125185194        557.894562674689     
   2.53962524076714       0.497444092573401       0.103336472431896     
   7.85866955941384        31.5454668935657       4.754039874423932E-002
  0.603744143912642       0.211115526512726       0.204925696982231     
  0.186657438855257       0.191840955635614       0.653027233473166     
  0.280720742839420     
         113          15  0.783684329886003        591.362149570006     
   2.30212634795664       0.522342076155144       9.408337014294842E-002
   8.73588838310242        32.1474480367069       5.202426212145755E-002
  0.618804747778074       0.219873393692736       0.214738585282368     
  0.199707606805848       0.185486498814326       0.593653620642192     
   1.30912305257712     
         114          15  0.815174845245173        454.512865063195     
   2.51874315427755       0.488713411364174       0.122892415303534     
   8.77621742800093        29.6944448148834       5.446171985146515E-002
  0.513306730995700       0.243659827607303       0.201522570117412     
  0.210485820158187       0.215920261346614       0.579064792763649     
  0.358332014022878     
         115          15  0.785690143376616        486.758113283999     
   2.46594590385938       0.517144133127338       0.106441606968354     
   8.75032557850016        27.9000143231264       4.985066141042922E-002
  0.665276852492525       0.223638310010338       0.223037609005459     
  0.218324408502072       0.255759899416355       0.687780675885973     
  0.645215707170159     
         116          15  0.754583176150707        552.092120372792     
   2.42766198585979       0.435256918758196       8.773590322658062E-002
   8.70181628608230        28.8620194679692       3.992558890768750E-002
  0.518714535396351       0.210879468123070       0.217056467321506     
  0.196184338468548       0.200654352224512       0.497468426173723     
   1.36559415316592     
         117          15  0.759738291974367        514.166919244043     
   2.09114854161426       0.538105170665326       0.101325193138302     
   7.90667839214724        31.1910077257156       5.029866538356639E-002
  0.475428649217732       0.226108024336688       0.155576921342711     
  0.192140029776474       0.184742758986663       0.584673493533570     
  0.783340546034910     
         118          15  0.774906745146657        490.794791819123     
   2.32179576354804       0.605865810731908       9.076592045091297E-002
   9.30966799988369        25.4860556431560       4.112891103855792E-002
  0.553957608183371       0.204658596817875       0.211571451302282     
  0.191132910972200       0.212897113377162       0.516454347624830     
  0.359827044800755     
         119          15  0.687679320371836        554.667010911323     
   2.00732325942716       0.489529046071006       0.107718794172289     
   9.38421114334757        33.6468986398140       5.269812932821974E-002
  0.525024096661509       0.187167156242287       0.185477368518172     
  0.208400055018383       0.208789273794818       0.477783751531038     
  1.427548400826761E-002
         120          15  0.781011800318914        534.364054811218     
   2.15626732907170       0.486449323863893       0.111604217973856     
   8.83429647285238        30.1526167642691       5.073168410448312E-002
  0.532491221390560       0.205500161349294       0.188568084906234     
  0.177887589938642       0.173540584729300       0.636375111265643     
  0.296518932952997     
         121          15  0.784190045960056        449.062035350335     
   1.98579290545649       0.574469645761690       0.106064228694798     
   9.06309585312795        27.1012565692057       4.526139806368407E-002
  0.531290499020238       0.175206995218127       0.202359314087228     
  0.209895104861161       0.193134899562178       0.576919308801968     
  0.429461595881876     
         122          15  0.664806719697748        513.491630664586     
   2.22916172381995       0.582291443169049       0.107463751805088     
   8.25380538672218        30.0362593118264       4.504773600936333E-002
  0.521820373339269       0.232086859002251       0.198695248204274     
  0.187754193152687       0.227425292306680       0.435539695710894     
   1.26932333865328     
         123          15  0.749558751252308        520.058775917817     
   1.94183554226466       0.455438896030325       8.612473405034315E-002
   9.52254659994264        28.7378066235036       4.350906645332632E-002
  0.558444993384400       0.225659987842359       0.200990241687868     
  0.215262013440785       0.241416545423226       0.597428517079991     
  0.484225147895544     
         124          15  0.720688484991919        528.348434350582     
   2.46107834060627       0.484432258290795       0.100286652214468     
   8.14859668156951        34.7066884896680       4.770065962497074E-002
  0.525779393058662       0.230077027911887       0.189373024276098     
  0.204859858808823       0.199539665801272       0.554912687570383     
  0.450634188637843     
         125          15  0.776442054555995        443.608062167798     
   2.26190729573808       0.491810602829930       7.559286101884560E-002
   7.55526923741608        27.8562951318394       4.524090147582024E-002
  0.481517000569963       0.207729370761217       0.205328767366275     
  0.182562492259421       0.198626088817971       0.585858496134629     
  0.983385931416938     
         126          15  0.783070224916706        492.793050093141     
   2.47685294259944       0.512245739707452       9.350122780038381E-002
   7.63160167209499        32.0569158656694       4.536880511349377E-002
  0.501753666366180       0.192093005186736       0.198146247694123     
  0.228832577271984       0.178057468933808       0.572716502698235     
   1.04901833778635     
         127          15  0.754815075524078        461.839428423501     
   1.97311095593119       0.534792989050817       9.489053569356386E-002
   8.24458660725053        27.1654488456571       4.782057658898944E-002
  0.466968663866286       0.206735679409782       0.207511133675574     
  0.199942203849827       0.218772942299053       0.729951187957739     
  6.888506742906120E-002
         128          15  0.753928105324428        482.179192660532     
   2.52084978917542       0.388371327949665       0.125349827839035     
   9.82572486213138        26.4447840346010       4.679529938598158E-002
  0.506843245141845       0.205197190706116       0.173691553341477     
  0.183540306942417       0.178568394931270       0.567717831250873     
   1.23825074152410     
         129          15  0.797269948523750        515.195351430169     
   2.40806772254267       0.549682672906162       8.719116179160527E-002
   8.86771875529253        26.7367881676101       4.775939570227709E-002
  0.571062677807547       0.272115023708533       0.201338178270815     
  0.203194073083021       0.160949506112928       0.639857395302097     
   1.76907682723142     
         130          15  0.827975941076207        541.255025237412     
   2.54979220203300       0.515248575732623       0.105680374149193     
   10.0173060130142        28.1783688881909       4.966176723879570E-002
  0.509554364491896       0.270359114332416       0.174268573162331     
  0.157498347789705       0.228306331234459       0.538209010072296     
  0.312954652388106     
         131          15  0.843399483343293        489.624610969493     
   2.07993272763824       0.557850639254421       9.574944250344256E-002
   9.92052708468274        23.7898314750193       4.650994041311009E-002
  0.586314465314113       0.217145783949339       0.190887749283568     
  0.189054958970155       0.196002319693229       0.564303926579546     
   1.14604247349295     
         132          15  0.706250256263131        457.138966869248     
   2.33854454131549       0.513956932116373       9.852561958752984E-002
   8.43817067057652        28.9781411719349       5.400818135648131E-002
  0.608731691596075       0.195583787225101       0.195689284652952     
  0.195906202643605       0.220425342232367       0.518458828921064     
  0.368774631607905     
         133          15  0.730310585560317        472.311283414447     
   2.16823354663893       0.462899605893095       0.104259522726117     
   9.19071616785739        26.9838966013832       4.786455717552537E-002
  0.502333386662114       0.265542388726157       0.227180659844040     
  0.221582581608213       0.205176563025114       0.562439618982452     
  0.580289788821978     
         134          15  0.781460394182782        575.521206391814     
   2.17513318239446       0.595804024979288       8.581661357450351E-002
   8.68475383253820        30.7304336265116       4.952931282965839E-002
  0.586995752134695       0.227996073638728       0.217138755268590     
  0.188063496786413       0.222236162399648       0.603587449380712     
  0.335004278461411     
         135          15  0.798093798714590        484.986696750825     
   1.99971411256312       0.555325604627639       9.803803197955334E-002
   7.83864688794001        29.2020115645155       4.931582117919671E-002
  0.548454269623398       0.241885357378103       0.191120068867617     
  0.158858523587601       0.194868328306651       0.620546422070199     
  0.918115400527577     
         136          15  0.775708590388445        540.374700363453     
   2.12933352880186       0.541923933409905       0.101934742052403     
   7.64685855522690        31.6509717949164       4.957700320731918E-002
  0.536879279371447       0.203101398842980       0.218633298990985     
  0.197123842003554       0.199752797486692       0.623903799997263     
  0.884840438171308     
         137          15  0.763484786981142        518.164661176956     
   2.47413678775312       0.469771812875982       0.109572602871979     
   7.25371349503518        27.4709944390389       4.876256406917011E-002
  0.492749362911781       0.211923749175243       0.203535281843693     
  0.217436724066675       0.222578856426682       0.485252398557631     
   1.40432008090463     
         138          15  0.770502870333942        501.502145662984     
   2.24225498313693       0.538863716715364       0.110243383026190     
   7.49303361512488        30.9833911099910       5.336204301928953E-002
  0.504698775294020       0.230456640872970       0.189846587128350     
  0.240977987200036       0.197872554580114       0.632925216628389     
  0.507228023210905     
         139          15  0.722368586703406        439.406892346035     
   2.26979073858741       0.533585075554473       0.111262086154048     
   7.47009696620906        26.7631834465176       4.872380232333265E-002
  0.583767703477204       0.217881011292486       0.226135772499949     
  0.151843492476563       0.207189781097803       0.697895465793471     
   1.31299556726800     
         140          15  0.764089480952663        525.780200866997     
   2.26025279786776       0.443942524986477       8.279071469118102E-002
   9.34337940407222        27.7497360274722       5.809858609552644E-002
  0.592425446578842       0.190726594260426       0.212477904852198     
  0.171821723969257       0.207547774635593       0.560645040628054     
  0.725557771063719     
         141          15  0.794912879219266        508.037883741094     
   2.34606789131811       0.634295754921183       8.999889684595883E-002
   7.68549919746428        28.9667703520534       4.308478255018389E-002
  0.528493210497979       0.209400895072580       0.228825652671537     
  0.206346523783824       0.192024390220045       0.533455513237867     
   1.09244393984324     
         142          15  0.809752687636997        438.082889557223     
   2.37892236931367       0.560257061465815       9.298727282879102E-002
   9.69912385746441        26.3320819460198       5.262437452218911E-002
  0.427345525267960       0.221041139764659       0.163608766859248     
  0.200914583715001       0.187791241839057       0.549532576995697     
  0.445570936788918     
         143          15  0.723263734410044        465.606572533508     
   2.29537779642646       0.577718448694325       8.670330031526108E-002
   8.94429324741600        21.6118807688960       4.053683819336130E-002
  0.488363729038314       0.231053441209163       0.215313734425664     
  0.222745244805133       0.208522779147152       0.628912453545698     
  0.998687345431306     
         144          15  0.724725510962499        584.177065133903     
   2.29870307035328       0.416556320542805       9.118334392179890E-002
   7.70170162730510        26.2919109820817       4.723132050328369E-002
  0.535186908306457       0.237998892983194       0.220678088969140     
  0.207184183219882       0.178821007526406       0.562805254173280     
  0.492189049371358     
         145          15  0.766365510825192        603.480779582387     
   2.36814790452673       0.586787002776887       0.109664715337915     
   8.70599341903564        34.5244355335498       4.568380063440319E-002
  0.465042321796468       0.216491495989325       0.253655399479262     
  0.221836006563400       0.159714011905936       0.586306680401560     
  0.517647120913912     
         146          15  0.790225735159903        510.204510594282     
   1.98819906491341       0.468320650259311       7.667483689763349E-002
   8.43436809739310        24.9562476297913       4.939602834498294E-002
  0.580377728739192       0.215581233050246       0.197594018042695     
  0.189566557044617       0.205575694153884       0.521120659492210     
  0.792453801639096     
         147          15  0.798540056109419        490.177243704099     
   2.51398072997310       0.378924361614246       0.101408957077474     
   8.92703415566697        32.0190999485556       4.493088885079036E-002
  0.574439104389680       0.208915664008088       0.217949871574822     
  0.168477453423060       0.221612083619763       0.506513794677654     
  0.670305001926200     
         148          15  0.706635759934583        526.907684810230     
   2.51243510096754       0.521257354660069       0.101186192761312     
   7.65663629561616        28.5604171765564       4.606247665122157E-002
  0.557759789560225       0.218446907265274       0.197178298599729     
  0.215478752159527       0.218322783985967       0.605199767597165     
   1.02117713225133     
         149          15  0.760579611296259        503.516874227302     
   2.18374511226060       0.473702757458813       0.112146171576231     
   7.99906543404099        24.2255967289461       4.992853162540370E-002
  0.505085495994673       0.199127062693694       0.200509155371300     
  0.184062351529397       0.181707491381701       0.553344054646425     
  0.637209421143596     
         150          15  0.726793716550644        409.251852488540     
   2.37563410247125       0.459464267311756       0.109834403611489     
   9.21258721609478        31.8062391682504       4.719135047168982E-002
  0.578536318247856       0.224767375306493       0.217548223061441     
  0.183079731624950       0.193402447882623       0.598966784776339     
   1.18851101723281     
         151          15  0.777803156534362        565.933123543506     
   2.10625635904373       0.409847883792088       9.306636822891869E-002
   7.75301511093129        26.5390930452564       5.458162011875533E-002
  0.600138479996680       0.234970247169820       0.185154317255129     
  0.209363647951920       0.180903360183919       0.614149314097895     
  0.602708139121796     
         152          15  0.782293899670400        567.233380127997     
   2.20342344069848       0.443080758685043       9.673984857992816E-002
   9.08325361885695        29.9208353006584       4.262038122602637E-002
  0.461965867711342       0.242246313749276       0.216632920935361     
  0.170976162846848       0.201051212006193       0.698190510954406     
  0.219158908450068     
         153          15  0.744501599073541        479.832237870776     
   2.25097614598075       0.515830764292843       0.113485997817251     
   9.23528148104070        31.9274593642043       4.175702731793998E-002
  0.572169797002404       0.223289450720261       0.186107773659554     
  0.212462561769763       0.201352657576637       0.556481532202412     
  0.407896124776110     
         154          15  0.789201002408114        638.245534204949     
   2.32144832445204       0.528177719609333       0.108157148362933     
   9.22075888043242        29.0418994914990       5.192269602703275E-002
  0.506237353478461       0.231923884800986       0.171484371556458     
  0.204217852207193       0.152470622795263       0.694486645742599     
  0.769142915565366     
         155          15  0.758154150433265        421.329490550942     
   2.48150353966023       0.412069746647563       8.762910096912013E-002
   8.46933968906300        31.5099338677952       4.199322044089085E-002
  0.544437650083220       0.206593133221286       0.226540339069652     
  0.162350417666454       0.165372248913038       0.681627343894996     
   1.00679712944306     
         156          15  0.813589098085070        556.403019806223     
   2.38875747475402       0.467884107369396       0.103729698596231     
   8.35395634949348        29.5226613151941       5.665537976187658E-002
  0.553153502598365       0.225520857649246       0.213287795331763     
  0.213751016937110       0.194654356378471       0.590101294508448     
   1.38123839116881     
         157          15  0.761394608391048        515.490855411586     
   2.35303165754843       0.496540478224430       9.422355296896676E-002
   8.10178433241346        30.2658049782783       5.608888897957781E-002
  0.489139266981565       0.224181356201144       0.212754247758941     
  0.184143733568072       0.188063891159684       0.604240987145084     
  0.651346285268637     
         158          15  0.738773185617575        451.954844148806     
   2.15991203353805       0.537300953410315       9.328687628891018E-002
   6.83902261376584        31.7127028777135       3.860212138946593E-002
  0.510278681236202       0.198432258471386       0.201674918686308     
  0.219207801656095       0.175336578514023       0.616485091063404     
  0.121328937762733     
         159          15  0.768120643547580        474.959967462214     
   2.23415761885532       0.503925714323872       8.966120265422473E-002
   9.02464187710054        29.8763757897326       5.119748697239836E-002
  0.552700015788126       0.235399740033813       0.224462091264878     
  0.175908622788651       0.208982368238452       0.512870651022168     
  0.848703923812336     
         160          15  0.817376015312864        506.497771784341     
   2.43576286254400       0.514307153883573       0.105102298842071     
   9.95012372326114        26.3943358163508       4.900335667215122E-002
  0.510177760170749       0.243482724680981       0.240223189695598     
  0.246929810960396       0.157434608056838       0.533904808901542     
  0.462278925921871     
         161          15  0.714376767108883        464.355143387727     
   2.04596462753356       0.487703197761611       0.103835086761842     
   9.39678656116898        32.2250279285748       4.547713675260017E-002
  0.497620139025276       0.231666337342837       0.231365904507564     
  0.168100250380420       0.200393694970581       0.587027881286900     
  0.537755852016150     
         162          15  0.779524751567794        579.008799123283     
   2.41461655642426       0.495284835638411       0.108810976917880     
   9.00615111218731        31.0457323010104       6.010015799588943E-002
  0.522634484575928       0.245660645388396       0.205059970325508     
  0.196865676822949       0.217405700385688       0.559677275409224     
  0.288916989169486     
         163          15  0.774192365992250        509.876969326549     
   2.50561053010982       0.604463046624885       8.108889291954863E-002
   9.07758505503953        32.2693866416099       4.440762202837950E-002
  0.471877887437374       0.253436512981778       0.152574973415714     
  0.227257716502150       0.212966271561375       0.528823791500359     
  0.757422171066023     
         164          15  0.769743094616228        491.654684464372     
   2.27843755311989       0.418766656611133       9.824077791415363E-002
   8.82270661375589        27.6443871481222       4.682412845288573E-002
  0.543304721621106       0.248255066362615       0.208983360434039     
  0.229962877035581       0.209677083448879       0.636941584393846     
  0.327048426725069     
         165          15  0.750885625647725        589.977323510590     
   2.17793393229767       0.446978243893673       9.529154281666555E-002
   8.46442818748432        36.7131043816084       3.877633637316386E-002
  0.516223482574417       0.227371935764787       0.207100670913076     
  0.165049805422734       0.174451610494574       0.524926627491480     
  3.515229204907211E-003
         166          15  0.768769933625448        475.651179039255     
   2.14923971939921       0.570961212230789       8.172608393922967E-002
   8.79216307319704        28.0396069823004       4.489169889104105E-002
  0.546551047876596       0.236706336596292       0.195026397309523     
  0.203908295166767       0.189935407567886       0.747508682181641     
  0.679128209363674     
         167          15  0.735956327819101        376.792211986129     
   2.41754894568844       0.478031014988182       9.722222208605236E-002
   8.26821207202646        27.9941040505881       4.667934591214162E-002
  0.538405218710028       0.218389333024566       0.184898592611186     
  0.216879649423793       0.167226975746733       0.605739598853592     
  0.528382817820990     
         168          15  0.799650330189195        519.535982944972     
   2.52819367497905       0.502740019253366       0.120122581674662     
   7.92570452742449        27.2697170345446       4.793757064143945E-002
  0.612172680636719       0.249593339050770       0.215481565478397     
  0.186823008318549       0.204766722249810       0.581258763451563     
  0.231879121887728     
         169          15  0.846817943083813        512.748322345625     
   2.18924736790257       0.428648409575353       9.796890624774178E-002
   8.01976500703645        26.8825990121056       4.512338560098422E-002
  0.516683139752604       0.219178804910499       0.212398827503852     
  0.174708421800060       0.179286121129192       0.527253690407185     
   1.03635112403978     
         170          15  0.734395174153782        506.243458695556     
   2.33306916158311       0.548206326596232       0.116359883444043     
   8.04517818380883        34.0012685584101       4.803545371265742E-002
  0.540113110381678       0.256130345318859       0.202686355700759     
  0.204526613835740       0.206211160011932       0.568085684614790     
   1.57913829526030     
         171          15  0.735301444537117        535.012349946487     
   2.35666104858066       0.548016035891646       0.107241823611227     
   8.26318178010521        26.1198584655029       4.516951716876744E-002
  0.559674032477437       0.220469927593285       0.195829464726278     
  0.219937385520777       0.220192970936830       0.601425617373986     
  0.351277999848619     
         172          15  0.736794337103160        608.328766064158     
   2.56975115245570       0.457893198890062       9.209935908638169E-002
   8.57058898948955        25.7360766687559       5.023761904169133E-002
  0.448084956949646       0.212800519404345       0.219095672243433     
  0.188345876255703       0.170064068421355       0.595015023986284     
   1.17900588876375     
         173          15  0.748546420641828        462.890069325935     
   2.13298075093012       0.472742261671367       0.104149541267754     
   8.63994568884498        31.0881139894365       4.483520686603794E-002
  0.549389824260128       0.236403914059636       0.221257082454306     
  0.199141484588838       0.191382195477287       0.571139050280634     
  0.766288301768083     
         174          15  0.771600142872700        396.785958963319     
   2.42316893038286       0.452626084060177       0.118018272919936     
   8.41149620535868        26.8276874958669       4.193671589972964E-002
  0.499988937732182       0.170848524582906       0.181417310867796     
  0.207533810634195       0.197241474435888       0.578820063422719     
   1.10744844911334     
         175          15  0.750338307191360        542.394770909423     
   2.41069980496165       0.470494707603147       8.493494536958017E-002
   8.67062157048916        30.2125424792720       3.742860700899132E-002
  0.583857465726883       0.246517133692111       0.231048441056798     
  0.202416830546301       0.183130264498971       0.687493923978270     
  0.909515886368800     
         176          15  0.733635593674784        437.100729154395     
   2.18536564971156       0.439816748785898       9.273533332095962E-002
   10.1728913397550        35.8558679510561       4.145766178500527E-002
  0.487025487613795       0.199287344806601       0.207731923977998     
  0.173378120662573       0.182125599345511       0.552298506326188     
   1.29482179715495     
         177          15  0.749536518866333        435.226315531661     
   2.12123408936616       0.495721350770645       7.929142468853338E-002
   7.48476422964083        31.9816643998426       4.738981983017767E-002
  0.437256296760331       0.177429750961806       0.247651889959226     
  0.251612658956513       0.199354908179034       0.590657319087931     
  0.832925519490207     
         178          15  0.759083538318281        486.875228027055     
   2.11865046591872       0.498252965858282       0.101500463404201     
   8.37463337644436        29.7875266494361       4.085978859676474E-002
  0.547072907403302       0.184276478593462       0.206483974536482     
  0.229570248187775       0.196166360709472       0.657427751513170     
  0.720498396524660     
         179          15  0.734772364341533        423.799098978612     
   2.50654881865053       0.486973245507638       0.102013969846722     
   9.23857403275261        29.0676399333898       5.091829626014547E-002
  0.494692361371079       0.240209621423576       0.193048624369316     
  0.212812323078174       0.211925638174457       0.566507332623354     
  0.629651735271310     
         180          15  0.745268411629527        481.247466573133     
   2.20880514072508       0.436242299728630       9.602947905099263E-002
   8.31053377819656        30.1031016317034       4.400465707387745E-002
  0.470602425914892       0.227672775913416       0.181794065068648     
  0.226768500013866       0.182691402355800       0.637467387257867     
  0.676464311798831     
         181          15  0.790331462171100        539.403912488858     
   2.04330267218681       0.476782539322866       0.106583311638146     
   7.67486305624428        27.5475545485450       3.541436709953581E-002
  0.526749905157741       0.195960429225620       0.185564541772215     
  0.191816120920296       0.198037623359819       0.599954142692696     
   1.21686308412019     
         182          15  0.794621731776112        474.346983528382     
   2.45677929226251       0.506152362918669       0.108920706341631     
   7.59148790884962        34.7785802636782       4.586377886858271E-002
  0.577152610756162       0.224571388700165       0.185983768203075     
  0.189453508752196       0.206913377887498       0.481764005121787     
  0.326391498680619     
         183          15  0.751625541669085        495.099425610833     
   2.10989689200878       0.492795363219845       9.961733416051553E-002
   8.85648290191110        29.5921424248060       4.924304660071753E-002
  0.576555389891310       0.241308598825322       0.182964897602224     
  0.184641200301798       0.208048715403821       0.703955205233041     
   1.05902465590063     
         184          15  0.744907480852603        537.778380207354     
   2.59259874045780       0.492671636622346       0.117123448764545     
   8.80213159178476        26.2377292301145       4.188876444443647E-002
  0.563181874646658       0.226689241760620       0.208517458943830     
  0.207263433426787       0.205037595399646       0.535614595512458     
  5.201173027265638E-002
         185          15  0.771130737064813        534.043827511788     
   2.32882633465331       0.518005153108260       9.711068028251642E-002
   9.01557111754919        31.4871253796174       4.577565932028669E-002
  0.386081074816387       0.204603156014881       0.190361704963532     
  0.210852694444692       0.205315819630885       0.612091193299274     
  0.973313952803788     
         186          15  0.850456876731780        385.500819668807     
   2.15331431857516       0.432845887746997       9.906591321791569E-002
   7.44159173550396        32.4014315282330       5.222311706948342E-002
  0.543548358002933       0.237697297595176       0.206978814272707     
  0.194119778941108       0.182618201397168       0.660299012490809     
  0.424117211109639     
         187          15  0.806284617115603        422.179981888914     
   2.04977936709950       0.424682499065380       8.016377376692724E-002
   8.50489852237142        29.4341538026903       4.289661227789634E-002
  0.418095823862657       0.263493792733502       0.204648991396338     
  0.190794488194425       0.187219819248051       0.565169028719255     
  0.104257551181370     
         188          15  0.819800652311266        427.509693357664     
   2.36421144979554       0.520114687458214       9.952563044745720E-002
   7.12273808766001        31.7655123997966       4.371993238890813E-002
  0.511210509840326       0.198246649691374       0.167987184803742     
  0.177010130561185       0.217302589124395       0.709843030582560     
  0.413563806488152     
         189          15  0.752826228638884        458.038221627123     
   2.40169199973003       0.475550335423599       0.102271075588886     
   8.94570757095851        28.8410999801452       5.150939167602510E-002
  0.557312082239835       0.239187313908077       0.201203525268504     
  0.195300224636424       0.168501977750917       0.622146412741497     
  0.140891551589200     
         190          15  0.758446332279785        536.694834868256     
   2.56819040965279       0.519604551863451       9.842405156738317E-002
   8.72427994545062        27.4133588156854       5.230247913161114E-002
  0.541399186731128       0.220454428976502       0.182903621582813     
  0.232290687789176       0.175641554191017       0.545661150734843     
  0.628297195669314     
         191          15  0.788145632591078        502.991574924111     
   2.10187200458229       0.542934993075448       0.106142420612777     
   6.67870953925292        25.9991174848120       4.339892644438390E-002
  0.490969380463049       0.232730566413555       0.210187032678083     
  0.198438316029383       0.209831225943977       0.462222230881424     
  0.173165984887236     
         192          15  0.801738754365122        400.476965296382     
   2.01291319500344       0.454211013246364       0.108604637355284     
   9.37640285099114        33.6999175412013       4.404774642638198E-002
  0.520503828209633       0.207150683339332       0.173443116982785     
  0.208057762782643       0.234431137141570       0.573927823022280     
   1.00319847281624     
         193          15  0.704666735079684        546.589702159126     
   2.57420906652332       0.485096063260752       8.554326307403821E-002
   8.61695956040531        28.7062728747989       5.360412192311284E-002
  0.519541157663720       0.215288291446380       0.199982356465727     
  0.218664311906706       0.226610720017620       0.629710903466328     
  0.273601489274229     
         194          15  0.753458343763529        536.100092148209     
   2.33699215268153       0.465169271758123       0.107617414146128     
   8.28904656900095        25.0728186941602       4.452991260361184E-002
  0.530235332905784       0.235744805184747       0.180663629908164     
  0.201511471206060       0.187392385464270       0.621639112036173     
  0.991190805344918     
         195          15  0.703360316002140        456.137774662850     
   2.30690415173731       0.423637551243556       8.725796564275087E-002
   7.88864202546214        32.5101137077342       3.656769037369417E-002
  0.464688253343650       0.221999328748148       0.189047723108584     
  0.202781936661708       0.203348213517724       0.592254537574536     
  0.827785996194383     
         196          15  0.787268184037081        415.539733174733     
   2.35355282668788       0.579779611982940       0.102335526293888     
   8.51171814616203        32.7561561447257       5.170495419781906E-002
  0.535659004166563       0.253858680599862       0.219346580276457     
  0.198310044014268       0.225590552490976       0.642023998770506     
  9.589136142199794E-002
         197          15  0.742792458985243        453.256640186092     
   2.10484347617523       0.516800741635399       7.177570664234939E-002
   8.49533743660323        25.1359259210659       4.975775151602058E-002
  0.538184229163131       0.214693939835632       0.188189876192294     
  0.208220414952800       0.190158201810334       0.494626282536904     
  6.231160723592066E-002
         198          15  0.801520670729028        499.901785130695     
   2.28514707803670       0.477272670661875       8.940326278292207E-002
   8.34310280797601        29.7374898574177       4.468041608132690E-002
  0.622587240355322       0.191024489239600       0.223875117438143     
  0.173615405471076       0.191627969291047       0.565801324158076     
  0.476691474157431     
         199          15  0.669525491137400        613.041408878152     
   2.22564563176690       0.493262038714584       9.661003984748820E-002
   8.36507521905308        33.8762689742859       4.815309372624323E-002
  0.524273739130594       0.234192585266291       0.158491532716870     
  0.180794853030503       0.233514392332691       0.542083374118122     
  0.810233269921970     
         200          15  0.818796400325035        558.612761081190     
   2.40957144031322       0.529902207751164       0.103601109926616     
   8.55776300491423        32.1196923986129       4.838566674033613E-002
  0.536341022878159       0.189003635028307       0.198455266594062     
  0.214709033693742       0.211700640669302       0.654486854048884     
  0.406326613891951     
         201          15  0.803582976927438        492.163357756423     
   2.22648097965840       0.544473581031568       0.101002966475594     
   9.80608591372843        35.3173296651148       5.375216197134886E-002
  0.439853505959112       0.233237332045806       0.224714807245759     
  0.189954936039403       0.190433746556314       0.540779607544971     
  0.654278796926877     
         202          15  0.737311359890026        471.417973030699     
   2.32692726687042       0.552025088495771       0.111675769985752     
   7.59864644903002        29.8382690062803       4.368763744565313E-002
  0.578126473751873       0.222852525408330       0.200802658343560     
  0.243686808796542       0.222913865342708       0.670940013605104     
   1.23152614459327     
         203          15  0.764539062029490        446.415535269908     
   2.62077621445848       0.482740512272505       9.932023060771471E-002
   8.16596501997667        34.3916017851628       4.631664207769368E-002
  0.442267834787010       0.223988280143788       0.179429315853748     
  0.206576250393148       0.192553602758244       0.584983718538363     
  0.786928157775514     
         204          15  0.767280727081924        563.529686452937     
   2.26788108446793       0.478616807067376       0.112941372354508     
   7.06736932787455        32.6278178205825       4.846037082103755E-002
  0.505892393418356       0.229007931948582       0.182615387413291     
  0.190388428363621       0.190611556562190       0.602997297145397     
  0.959399896870643     
         205          15  0.740205529355931        514.458615286235     
   2.07246128991090       0.526777659751171       9.461493283417881E-002
   8.19147849034882        30.3634904878245       5.635037166600269E-002
  0.557062954119691       0.255140441215855       0.213136261848251     
  0.224385478766094       0.186069464915689       0.655462600047831     
  0.948013611154468     
         206          15  0.699050364988791        407.066554496742     
   2.14107176230711       0.525368666752941       9.567046450160162E-002
   8.00751160342476        28.7929589661348       5.526671542289562E-002
  0.550005241020444       0.231398406628562       0.184606216533653     
  0.144945719843283       0.163964878015480       0.703015878700217     
  0.344128387354944     
         207          15  0.766630294866730        526.184244104169     
   1.94688718614683       0.529787127169096       0.104529187973735     
   9.73613988692600        30.1999720385838       4.544854291820072E-002
  0.490578233471626       0.218002046367468       0.198825354551560     
  0.198639360316525       0.221822990048439       0.594923388429968     
  0.880423763733069     
         208          15  0.780331490902132        455.253973594186     
   2.53469242732269       0.464468514214992       9.608807475608945E-002
   7.79391779380206        30.8492581557990       4.788836705272050E-002
  0.565069167246923       0.210068719147632       0.209381174231397     
  0.199271816325638       0.217802593629714       0.491612854089245     
  0.899582756999784     
         209          15  0.756326291324924        454.229219999598     
   2.07390912616126       0.539374633940891       0.109098935094203     
   10.3659389412835        25.3718159177766       4.095610012635907E-002
  0.507439921462814       0.217514941359555       0.203839904433110     
  0.206458851036350       0.212599557050215       0.452001488973681     
  0.178943657110760     
         210          15  0.775513796323966        519.167262942026     
   2.30458390794834       0.456762697542364       0.102745584307621     
   8.12486795611703        26.9021639088986       4.766441143630484E-002
  0.591741133108966       0.204170273375350       0.232316787147028     
  0.178769595399089       0.198234902549407       0.638841652967083     
  0.563290557349202     
         211          15  0.736228738116239        487.433949676184     
   2.48492435446367       0.588855732452626       0.106285428026165     
   9.32550604225305        29.4102443618335       4.296396107016130E-002
  0.631005886240909       0.223724474171813       0.240587756371359     
  0.205299766296937       0.183893380079253       0.674539336084535     
  0.590268715766438     
         212          15  0.785035656489083        559.949497250930     
   2.58015847151866       0.414309099603889       8.216341446956364E-002
   8.07574348048315        33.3211502287321       3.500839077421430E-002
  0.514581716421713       0.193554671794585       0.190064267856649     
  0.237736459319581       0.174712650657568       0.627419355061857     
  0.741137450055176     
         213          15  0.772230176560430        529.426451849234     
   2.54590835928860       0.397697325299042       8.644932778790525E-002
   8.31786828771925        27.9386632872487       5.303897915425508E-002
  0.548979700768974       0.201288090477007       0.221466199699550     
  0.216627154795740       0.224209820546590       0.607748789916733     
  0.457922589657732     
         214          15  0.743383131551376        463.121507018345     
   2.07746591835385       0.530743072997382       9.245281021034732E-002
   7.61610138110237        33.3707998306695       5.288627519152318E-002
  0.501422076536439       0.228670663750650       0.203654867250659     
  0.159774853622792       0.206107497557789       0.589397460556886     
  0.385502950858019     
         215          15  0.677730093110984        531.098868268750     
   1.95081012537742       0.401018863915035       9.917512372009292E-002
   9.05238410921941        24.1281353700450       4.739285845522725E-002
  0.648044960281535       0.219348907714677       0.213796274052319     
  0.181557756830317       0.214888854883158       0.708594810763702     
   1.07682650383195     
         216          15  0.793437795381383        468.089453314688     
   2.29089781198131       0.509380202095463       0.120114907908710     
   9.04891091124043        30.4105072919733       5.008065285429136E-002
  0.498280140825302       0.209193835899299       0.172636050418557     
  0.197947967620971       0.217046366505738       0.720971065901482     
  0.170116983282950     
         217          15  0.760381643286845        443.929554117690     
   2.29441847656773       0.524808297754558       0.100039226873902     
   9.09948729858435        30.6845213677051       5.776271534423528E-002
  0.610541150459979       0.215784230634287       0.237231082819690     
  0.225319501153231       0.193695666212497       0.612762244894990     
  0.618509357974197     
         218          15  0.731395542491506        572.998647403213     
   2.19983187760427       0.562691803619939       0.102470237865576     
   9.25861074481702        25.3182147679898       4.231020349037275E-002
  0.519135309597228       0.219706340187826       0.212017112791794     
  0.204643800525869       0.206591985058658       0.648746534010457     
  0.547784817156124     
         219          15  0.822011645644990        496.639950285893     
   2.25239327385905       0.481844774167544       9.755962636603041E-002
   7.32096750445918        36.9234400442960       5.281980844058193E-002
  0.616142744304459       0.176487345765175       0.177868957420870     
  0.211621254507753       0.188815186487048       0.626766304705195     
  0.712332859516885     
         220          15  0.709617470234712        449.931921560700     
   2.31751205357224       0.502326631435413       0.115958805840328     
   8.13860710649086        29.3302729882447       3.895826042694550E-002
  0.571635164456381       0.234788706402891       0.214268095128280     
  0.210997032564692       0.147335484738235       0.554486537574850     
  0.569428233492466     
         221          15  0.810881922497992        459.525360706329     
   2.58554335269814       0.474845908662122       0.105428843969319     
   8.37924629342131        30.8240025973652       4.156377711243202E-002
  0.493511918699495       0.254651302514845       0.175836770891840     
  0.172612952348615       0.186348224359561       0.618596693043518     
  0.611618638146831     
         222          15  0.730823029953815        448.292099548252     
   2.09381529547734       0.471643677756850       0.114362885843922     
   8.42526854843111        25.6713287991075       4.891991548035436E-002
  0.534756860368801       0.222543999889221       0.189271434050822     
  0.192824035185766       0.184221671565631       0.618367951788384     
   1.46867906353923     
         223          15  0.792548794645476        562.188357730920     
   2.03437220408026       0.501429213674704       0.118231348016523     
   8.71775313961915        28.3947903538012       4.748188802330126E-002
  0.492088469448698       0.207563033378714       0.181227690678166     
  0.213107548497757       0.188565345356871       0.664429267448618     
  0.868603352726933     
         224          15  0.766932416816173        501.839685487171     
   2.20533411152156       0.501685604734061       9.625236751988019E-002
   8.39245194574505        29.9372414246930       5.034911108193730E-002
  0.432594202730266       0.216007556257121       0.206282840075869     
  0.192652683003639       0.203523625665675       0.644674386606290     
  0.661048171914303     
         225          15  0.748759285395604        497.576608371933     
   2.27226908721240       0.470976092682720       0.104655570185780     
   9.35540259199325        29.1813929367586       4.823464650786510E-002
  0.450193989246280       0.229292342300740       0.225941856895201     
  0.187276311557799       0.213559092250992       0.691852525042649     
  0.888018001291307     
         226          15  0.777342195372277        466.705816188921     
   2.45014106875301       0.494201788023982       9.046601455767254E-002
   9.41704745702195        34.3125021876350       4.909629267158356E-002
  0.537495798789134       0.245572619618725       0.211009769677799     
  0.184777273755561       0.239002571869268       0.577567587294093     
  0.963218816298193     
         227          15  0.751887267652493        363.274608263035     
   2.15732331092718       0.480531242114094       8.864996434072642E-002
   7.28289886352133        28.6763596639990       5.141327902759028E-002
  0.515715070849955       0.238832212080423       0.200084535219361     
  0.191883804180053       0.213191024022709       0.601941296443222     
  0.905602054881358     
         228          15  0.732899406198806        502.210666668475     
   2.24467922055495       0.456246961680906       9.322017198741750E-002
   8.48688800810481        32.4646069622592       5.095846524377705E-002
  0.469644074079771       0.221721302662170       0.208052453393165     
  0.227746442668003       0.170482491116664       0.488015723562592     
  0.522667908938746     
         229          15  0.737778990946753        446.746852079487     
   2.06434745929065       0.520856418273601       9.982667536656428E-002
   9.43910927056120        28.6394092256538       5.102593170974463E-002
  0.508391909614379       0.245047270464386       0.193897258845954     
  0.177429607967016       0.210843007754127       0.519761406725042     
  0.722104900771437     
         230          15  0.711398991451152        569.259130973166     
   2.27784688055074       0.564038714913011       0.110591747882433     
   9.11363372957126        28.2184272636549       4.619343629096311E-002
  0.457262209280180       0.197568073681310       0.209058159993233     
  0.216046349806925       0.183356912491395       0.663102163643132     
  0.594696483129854     
         231          15  0.738576354596383        523.864710908191     
   2.33577874377135       0.462328307191503       9.394599611105391E-002
   9.79052141781614        29.5201886729834       4.689216650545674E-002
  0.542467534273768       0.208485916262840       0.199460612484413     
  0.215047344339436       0.215536721479928       0.572117314923674     
  0.966570128068260     
         232          15  0.777182748110808        516.589464842829     
   2.16429450276308       0.483948885764642       9.976226967760130E-002
   8.65917501370702        28.7522118025491       5.136097580167919E-002
  0.480722701152440       0.208660598110198       0.210470529692667     
  0.195756995621780       0.208248000586054       0.669004661773115     
   1.20065114421863     
         233          15  0.795435923614509        595.854321880315     
   2.21817310927615       0.494765002500429       9.150591411706548E-002
   8.10908184757752        27.5183929539691       4.857801973320520E-002
  0.485749432017799       0.238323278733318       0.179826171660661     
  0.197880770838352       0.190942289613251       0.631400475530933     
   1.10860825057797     
         234          15  0.732099832002851        504.639515621351     
   2.48892125363369       0.598447212935240       9.011580041016805E-002
   8.20722888278500        28.6100357537371       4.840684926699367E-002
  0.601381913245472       0.163877323776261       0.206582406483329     
  0.211390503819379       0.171771119224465       0.531771360944647     
  0.205694867837499     
         235          15  0.808667379663902        469.347131064307     
   2.36610618133546       0.499598194312133       0.113643698637419     
   9.99906205233987        26.1762401126963       4.763569525293689E-002
  0.419308522238327       0.210389595303090       0.188065509173015     
  0.231850957285558       0.232731124379767       0.614572575542743     
  0.503473102076323     
         236          15  0.721819556709231        468.809366180015     
   2.44151366577307       0.441445033349420       0.102177530331879     
   8.22877464969776        30.5840392596218       4.393084750157079E-002
  0.587954946849516       0.252623217617149       0.178629965219090     
  0.163585855806408       0.207763131515164       0.672830498246499     
  0.235525313013057     
         237          15  0.732601450153045        477.983497042591     
   2.49643250724532       0.480132052336330       9.469880435760877E-002
   6.91019860982166        26.0861688224198       4.701905926874778E-002
  0.528239578158139       0.233458698456757       0.205564967190153     
  0.179920843286810       0.199997799295335       0.512003862128937     
  0.148968306577847     
         238          15  0.739654437470984        440.300382908191     
   2.42836571425064       0.522024719397654       0.104308425764337     
   8.17447327529237        28.2718486266438       4.675480802809810E-002
  0.458659099409088       0.225073877738067       0.194741476545268     
  0.209526506970247       0.186655950888452       0.626039057869701     
  0.378525179514088     
         239          15  0.741572153796144        538.676438075962     
   2.34996534451549       0.474072928792820       9.901571208697928E-002
   8.39664527501405        27.3421938401015       4.830007646709515E-002
  0.495900855612701       0.217345325279210       0.157893496280273     
  0.183306354483733       0.218195347402060       0.576140871814523     
  0.532409185382318     
         240          15  0.800248974242073        471.504727274668     
   2.12426354736691       0.479425700471229       0.109308958640653     
   9.75931070216058        30.9653490796278       4.887944316869005E-002
  0.484638308092944       0.247068134653758       0.223618100764237     
  0.209001044178399       0.180370457424916       0.666044735736853     
  0.854448898624623     
