 $ LHS File Format Version 1.00 
$
$ This LHS run was executed on  5/10/19 at 21: 8:15.74
$ with LHS Version: 2.30 Release 1, Compiled May 31, 2001        
$ The run title was:
$ Pecos::LHSDriver
$
$ Message output file for this run: LHS_distributions.out
$
$ Input file(s) for this run: 
$
$ Point Values for the distributions follow:
$
$ All point values represent mean values that
$ were calculated from the actual LHS sample.
$
    Uniform1              7.6601677E-01
    Uniform2              5.0001481E+02
    Uniform3              2.2796980E+00
    Uniform4              5.0008034E-01
    Uniform5              9.9990452E-02
    Uniform6              8.5009440E+00
    Uniform7              2.9401315E+01
    Uniform8              4.6996148E-02
    Uniform9              5.3008418E-01
    Uniform10             2.2000792E-01
    Uniform11             1.9999275E-01
    Uniform12             2.0001232E-01
    Uniform13             1.9994878E-01
    Uniform14             6.0011349E-01
    Uniform15             9.5601324E-01
$
@UNCERTAINTY
  @OBSERVATIONS    136
  @VARIABLES     15
    Uniform1:          
    Uniform2:          
    Uniform3:          
    Uniform4:          
    Uniform5:          
    Uniform6:          
    Uniform7:          
    Uniform8:          
    Uniform9:          
    Uniform10:         
    Uniform11:         
    Uniform12:         
    Uniform13:         
    Uniform14:         
    Uniform15:         
@SAMPLEDATA
           1          15  0.678047224782454        413.297085550627     
   2.06958036404111       0.596892535659101       7.854161358298049E-002
   6.97204055193870        26.3997677679389       5.049123757703278E-002
  0.504573811721057       0.281080505204175       0.161673544763711     
  0.203414276996080       0.215205832155257       0.667687014791882     
   1.84069110298142     
           2          15  0.768619964731578        558.227666969212     
   1.99421366295623       0.542435351720162       0.110456349945709     
   7.60343321055698        31.8016484156706       3.397277670833385E-002
  0.586556141592346       0.253947324995267       0.170729947026052     
  0.204615156030803       0.241267019737074       0.649386526707505     
   1.73160878102730     
           3          15  0.700691097762230        492.139426216154     
   2.52461854402277       0.480234777855666       0.123464730066857     
   8.05891152023687        23.4611033750012       4.701226517401382E-002
  0.497162068498865       0.234884201792213       0.242313406991101     
  0.194818754616015       0.206842586199945       0.734030591656166     
  0.417525852699518     
           4          15  0.784758859879303        381.368039703161     
   1.95695841326192       0.584400653549100       8.959449040241238E-002
   7.21902364059351        33.7909815766221       4.645691637213801E-002
  0.538051387233937       0.284914001939531       0.227123981186682     
  0.239576579074663       0.214279444786336       0.449170337865430     
   1.31395769878631     
           5          15  0.779801608402963        476.747445447494     
   2.31710163702786       0.366159572497674       8.508158407899935E-002
   7.66070572176250        27.2606749336260       3.378695444750106E-002
  0.468502232460990       0.222488724418347       0.257049747583566     
  0.148606810954482       0.191519251327606       0.559900513307452     
   1.29394395996395     
           6          15  0.718098867532669        385.687649290091     
   2.45154997750963       0.379494720857988       0.116712687133250     
   8.14221836523793        31.6676393978283       4.197094550484976E-002
  0.410197760196673       0.212702249828206       0.166435888626079     
  0.246682689207168       0.251870037921814       0.481832295534584     
   1.05493111550133     
           7          15  0.716183858099016        480.720689527944     
   2.34325812771359       0.547383812898154       7.106826533909258E-002
   8.20161251832033        34.8094145398775       4.036679673356942E-002
  0.621010654024639       0.214033094243516       0.208827754799414     
  0.190812284882276       0.161776366766802       0.643720809095197     
   1.60802602775334     
           8          15  0.855204762652998        384.317636050572     
   2.01416349394860       0.374805780587656       0.119128926580649     
   7.17690870859660        33.6182353474733       4.290966181373703E-002
  0.660033194206600       0.158539698507609       0.221584643573322     
  0.161552545922562       0.164803689760841       0.636900652744259     
  0.606982512988258     
           9          15  0.762641924941037        394.021634919815     
   2.31084048270325       0.599074526200831       0.116865600139033     
   6.58423124968249        31.5397811182657       5.343353022599134E-002
  0.483097608767892       0.206761908834465       0.230158109135844     
  0.186053474484943       0.250082211724811       0.686546245512265     
   1.51401701139022     
          10          15  0.673504036150438        450.414337381645     
   2.22555770998061       0.497976583329557       0.127682047798161     
   10.6169263698888        23.8946802009598       4.607675797453849E-002
  0.426241474976866       0.168268972047680       0.244377255956848     
  0.206258583820685       0.154842658980736       0.475964129182633     
  0.214757629395210     
          11          15  0.841478108145274        374.966944438262     
   2.56246070988627       0.561366820952561       9.460446709000013E-002
   9.84156639353896        31.0243728293884       5.877888054226984E-002
  0.459111681948988       0.248552457714118       0.223961847054443     
  0.160290768782759       0.208715938199859       0.626011444932562     
   1.84921068804347     
          12          15  0.752042828026780        436.332896926529     
   2.23670605767704       0.587609208325568       0.128186292434385     
   10.2435779396794        36.5660397958989       5.740496515635408E-002
  0.478147380787677       0.165567903098363       0.146744666139883     
  0.230452149165794       0.225454256462262       0.620261447571684     
  1.111510380832256E-002
          13          15  0.866515236940476        366.722070825156     
   2.32624222340491       0.417439792186248       8.409179419371546E-002
   10.7246749812417        27.1306084904549       3.756869970239932E-002
  0.520139675141055       0.174533881123986       0.152467885275289     
  0.185521407345762       0.168073332179201       0.429254113269477     
  0.718939913264220     
          14          15  0.704757243255884        456.230896799003     
   2.30876807925573       0.490001151687637       8.854578293024508E-002
   11.0154124811554        25.3638481282681       4.451207853190341E-002
  0.424026797643185       0.241990409198039       0.226402607262819     
  0.257903826874681       0.200145710509216       0.705069456789369     
  0.906240536430545     
          15          15  0.732599119526204        573.373967958340     
   2.51723974285936       0.604238118657411       8.742152331359274E-002
   6.32745643662929        25.0688058321356       4.172788970214109E-002
  0.397627127530902       0.255821228889598       0.157222785756184     
  0.152963089513907       0.237428624871570       0.691523375238895     
   1.36893904302968     
          16          15  0.808931487179361        514.307603590457     
   2.55306403901216       0.541000075179823       9.933919988230200E-002
   9.49698931392923        20.8631774085489       5.966444518279956E-002
  0.682973820691709       0.273607535291230       0.234211302430451     
  0.157782134465832       0.227939846997889       0.589062280994908     
   1.15130129935525     
          17          15  0.849552151250954        471.425246600205     
   2.51133415891712       0.400486564055181       9.843247404236430E-002
   6.81579471951409        20.6451578543651       3.498743238011409E-002
  0.451284499322006       0.179407732503927       0.218826055933228     
  0.229338582582046       0.171206185717464       0.737922982653356     
   1.28336591097664     
          18          15  0.830790994639834        638.861243407626     
   2.51175764696853       0.415592402244425       8.055216837266926E-002
   7.43740633756970        36.4738088992532       4.918841987216865E-002
  0.447465740658117       0.190635746530148       0.231116369857645     
  0.201146057288245       0.187299874491907       0.760661755149417     
  0.506153005218967     
          19          15  0.852779855286020        430.367945105365     
   2.14697754210821       0.467432162348482       0.128735262693817     
   6.21775071864831        26.7724589375928       5.269171299638898E-002
  0.434777793760548       0.189466171626748       0.201026550354573     
  0.149266706585117       0.176077896991389       0.470056371918112     
  0.174705286282444     
          20          15  0.873875799759530        403.142006711877     
   2.09659770578609       0.394036608778440       7.836848224352307E-002
   10.1582232036570        25.9956327927724       3.604145831808838E-002
  0.627399917477146       0.264754706445212       0.207361962929820     
  0.162462932814995       0.142096821014591       0.754084720465642     
  0.422988256678541     
          21          15  0.735834952391772        489.199672421776     
   2.41658391388295       0.385192439251627       7.539474492163316E-002
   8.44905409923522        23.7425835995671       6.087428385955282E-002
  0.390177174412878       0.245437326752108       0.184936304356670     
  0.153273300109500       0.193009651490720       0.486054090872297     
  0.884342425505971     
          22          15  0.850822965741606        503.062984701212     
   2.58093591429196       0.518481084718437       0.107950392838033     
   9.56588155647332        34.9867693778749       5.154757102070247E-002
  0.443019015535305       0.199411300421035       0.173732397873297     
  0.147593671197126       0.257178123471026       0.605584032280946     
   1.57635618437375     
          23          15  0.777532970355537        572.318796949078     
   2.40860595615349       0.465898119081976       0.122160659165546     
   6.05852636525815        21.0830938773872       4.964680819080575E-002
  0.629685551493254       0.239827062847243       0.154798819742248     
  0.254823378698544       0.211154094798668       0.423324462084976     
   1.05103218435404     
          24          15  0.686219245412256        596.773214948103     
   2.49471731134562       0.616130415692426       9.018875879821067E-002
   9.63450372304360        31.9479556844632       5.774227204728934E-002
  0.428203441708920       0.196481482238783       0.169239187412621     
  0.225978747343795       0.229434659528573       0.493757538926267     
  2.840015896344566E-002
          25          15  0.742640314604239        581.523294029723     
   2.22144530082739       0.401545335595181       0.107742458979106     
   9.99935159237648        26.8458759789491       4.389260750514359E-002
  0.488656469414363       0.187947444532423       0.172620755935170     
  0.218775455707424       0.159762813116232       0.581370659988127     
   1.53603834476315     
          26          15  0.792215005342984        612.499816247317     
   2.45708934458908       0.360793817063848       0.129719713671640     
   10.8303765575925        23.1676637561612       4.805361622147097E-002
  0.597815698871115       0.203725134634940       0.189469616257257     
  0.247212659520618       0.223159262330600       0.425529950613991     
   1.08147416440860     
          27          15  0.661679205002628        466.789462326971     
   2.33121794473865       0.432463477664072       0.113541833343710     
   6.71787348940270        24.4430859990125       4.934458849440356E-002
  0.532542659061636       0.170796966219300       0.163194722443655     
  0.187903800040949       0.250509921846610       0.658365914510316     
  5.266921492537607E-002
          28          15  0.696159665324212        577.316511612255     
   2.30229549793056       0.355143714238040       9.199731341320064E-002
   7.34738943372795        34.2311804781706       4.016315234140561E-002
  0.546646523821592       0.206392470182782       0.141822972740595     
  0.166247040763538       0.191088846867890       0.518136973791030     
   1.22016681253450     
          29          15  0.874970848454891        612.523763036006     
   2.60602887957440       0.631545969675747       7.399155212169076E-002
   8.66467098086432        37.0972357983673       4.570178344389937E-002
  0.563141093440614       0.226164285456755       0.172818514329436     
  0.238557366049739       0.233964291457292       0.444389973945628     
   1.55805360243656     
          30          15  0.720884373648106        588.014968580854     
   2.15339482410301       0.607985856740646       9.372800268335542E-002
   8.79518081404094        20.7474562178671       6.109673386061194E-002
  0.536762929903628       0.164073598060442       0.141595895536833     
  0.221521066999036       0.230922661397250       0.515994572432794     
   1.82482062986838     
          31          15  0.675474974822635        499.911680318217     
   2.57656028022429       0.545183878313401       9.911319144207108E-002
   9.01476023433497        33.0052999403216       5.888188516794334E-002
  0.635210307430746       0.165821899019079       0.216512708489112     
  0.209425681105212       0.164195109848002       0.721718400350416     
   1.46141954848222     
          32          15  0.714295611178786        462.496893209583     
   2.19404947770132       0.509702304084374       8.809984172663569E-002
   10.2691568698152        21.7723346193600       5.459125137172625E-002
  0.389499398722724       0.259988805082517       0.251629577767145     
  0.245754039648660       0.257665837238104       0.438360728407690     
  0.461781155483067     
          33          15  0.737284454303720        592.189558676225     
   2.44924010152922       0.577620385770912       9.043694281296613E-002
   8.18846726260090        34.9765945192568       5.190076473294004E-002
  0.544992514201423       0.272557565596215       0.193362625173896     
  0.248500398600488       0.180964820057304       0.474924191761392     
   1.70603215884301     
          34          15  0.734641649580084        620.562397944741     
   1.94191036899530       0.562581198196345       8.663792904938901E-002
   10.9246287459275        36.8997059692801       4.375544245753348E-002
  0.674771567707936       0.219893455265562       0.225390964335050     
  0.241802451092996       0.181868045134264       0.617860720975133     
  0.653718973845189     
          35          15  0.859932840526472        501.876085586606     
   2.11729025293071       0.501675791859538       9.716734597185517E-002
   6.48175017730100        25.3896749939926       4.790292910253664E-002
  0.637025569657463       0.223762983244940       0.204778332737726     
  0.166677795018357       0.246645390780656       0.630395205795683     
   1.85626370775901     
          36          15  0.767492860506156        624.664327444728     
   2.00185960893478       0.574306667963495       0.118825453686603     
   6.01406148332462        26.4458227941510       4.003638759565245E-002
  0.549295854941764       0.181996216846856       0.194961561135989     
  0.156446796509109       0.222492558867054       0.763503077050109     
  0.344799947142652     
          37          15  0.779210437171844        352.964173660867     
   2.38913591424425       0.526053607904332       0.111868236561936     
   9.75048864381388        30.9378638913364       3.476183584416798E-002
  0.371686996101005       0.256937454239020       0.238448447488687     
  0.204108273493373       0.183792937963804       0.613478233801982     
   1.87737367386767     
          38          15  0.844845870540040        520.792967632160     
   2.27546844817464       0.429287093577509       0.126234190809431     
   9.52594610752713        35.5227598186089       5.669098254663953E-002
  0.380803332470097       0.218632872914820       0.252629574522828     
  0.237044615975704       0.212409751281101       0.736747693844304     
   1.75309837527475     
          39          15  0.848234218418739        549.021325276151     
   2.53866514562605       0.508275767169578       0.116206098042038     
   6.47402636710322        26.0347527651566       4.753777606511961E-002
  0.570189574649119       0.230194192515481       0.197431854183498     
  0.218081396837267       0.182479602830580       0.507251813783420     
  0.475084414026711     
          40          15  0.832840545774503        522.837433655342     
   2.52715438558760       0.436298200065571       0.100147897019873     
   10.5049205232790        28.7850530187703       3.782629355159143E-002
  0.509879183969282       0.230952963824062       0.199745455473346     
  0.145232422167832       0.254838390844491       0.555748582220472     
  0.703290439815844     
          41          15  0.765767534510280        585.348911999780     
   1.94647565012314       0.475902067446013       0.113829839918180     
   9.73558726873016        36.2151845775864       5.306912735657773E-002
  0.469808312303356       0.209005985573811       0.237792282362934     
  0.189899864149389       0.144289322420475       0.603792661557673     
   1.13489339518551     
          42          15  0.878123162320354        410.865746360437     
   2.49716860160763       0.619626571546713       0.115354547972435     
   6.37470034049766        38.1848815552523       6.041259556329769E-002
  0.463999137114655       0.161155647794059       0.174691618398407     
  0.227293745026485       0.158563053405583       0.572660277870840     
  0.529541939592979     
          43          15  0.729554350295702        589.582779534291     
   2.02668069053363       0.611587467697716       0.117547301129910     
   7.46568205070216        33.5398876509347       5.855418832042214E-002
  0.438600633009275       0.234173424141797       0.182637472074095     
  0.253502139745773       0.141178167059894       0.628143654554767     
   1.02520517022277     
          44          15  0.825939532451344        360.234775481513     
   2.59843519638316       0.454368653578293       9.131129840395742E-002
   7.29618585687131        34.4473240813501       4.581804930735311E-002
  0.405563118929523       0.262888321703444       0.247656758735162     
  0.205835056078127       0.187713919873075       0.645050996795009     
  0.823987514207688     
          45          15  0.725330564789335        569.062093187548     
   2.17709366968601       0.462405160691089       7.030137532359838E-002
   10.4749081622751        29.5712505539540       5.098925015420537E-002
  0.584284536074056       0.220862831017660       0.206421944632825     
  0.254261615951888       0.171847515893785       0.459294732155087     
  0.999389822810472     
          46          15  0.816421087371563        494.352578706286     
   2.41267792619090       0.456733645848341       8.227644547508510E-002
   7.91600047934335        28.1943813004611       3.884765125805519E-002
  0.638111480597407       0.271133339638808       0.198986964674995     
  0.259813982293640       0.221251750384964       0.632881853037021     
  0.184005851848264     
          47          15  0.870125376061678        619.049873712356     
   2.40054632202630       0.520981237112360       0.125262540651328     
   8.91206346553227        33.8758516854646       5.566162983786130E-002
  0.573539329944459       0.283388824375148       0.185401973909876     
  0.207732318984071       0.179748444875141       0.710910547126961     
  0.358421861335079     
          48          15  0.744383221329782        649.724495994537     
   2.42936752449758       0.642475069459076       9.328743178688456E-002
   6.26865888164029        27.5904867953998       4.241343578012893E-002
  0.575515594614584       0.200566323468051       0.254829919384176     
  0.176090135423412       0.145438813598183       0.577911014186068     
   1.47207584326061     
          49          15  0.699923020421156        563.842724804657     
   2.42500608252507       0.494978002705509       0.110790418323321     
   6.11060576881864        29.3528298023785       3.570268518800217E-002
  0.594365905410764       0.188040018710253       0.214809357127010     
  0.179729228820583       0.207779443432262       0.441167045981856     
   1.35692239016416     
          50          15  0.658956736890142        526.273067926933     
   2.48958660495663       0.350540723145070       9.767416671945658E-002
   9.14294188288914        32.1698198859903       4.771376633991570E-002
  0.632556779261678       0.182302162612829       0.186496030384442     
  0.196579164515578       0.166769151595038       0.486920649633496     
   1.91014962489630     
          51          15  0.692818261570975        483.064699076760     
   2.16025793826392       0.513897253734724       7.080286019755637E-002
   6.52751117673179        29.1890829235505       4.870683390868191E-002
  0.444937465249085       0.178246631613542       0.222380432570764     
  0.215934397441212       0.224597639246529       0.638922309575685     
  0.373247831464105     
          52          15  0.689419810127405        600.391362004687     
   2.18604604854744       0.614079156034003       0.112174477107302     
   6.75215885902580        21.1252514584328       4.339401459085090E-002
  0.646729560177273       0.285166762642288       0.144858368131716     
  0.168424763047575       0.177632262694499       0.490150599192746     
  7.242825325613257E-002
          53          15  0.830116608811344        356.593798840699     
   2.35658279435459       0.410077175242922       0.123867454212741     
   6.66203261537012        35.7218153125689       3.814096923861653E-002
  0.453424105644627       0.226813728646478       0.203796696028371     
  0.249869254844003       0.255905812984771       0.564479071751840     
   1.62588105880463     
          54          15  0.835575600300591        575.995532459038     
   2.47934681498005       0.634156890580540       8.771672765635338E-002
   10.2226382381719        29.6662899984084       3.334714244281366E-002
  0.524952357205439       0.185638531933634       0.153284931549980     
  0.173024496951154       0.259093000869239       0.538265346423380     
  0.845181961441816     
          55          15  0.702382692800501        641.018476011232     
   2.13473068117250       0.357365111372030       7.213724240366205E-002
   6.88542429050722        28.3041614106252       5.325131005869857E-002
  0.411179896572725       0.169574380164213       0.216887759435511     
  0.175118053114822       0.238418018797289       0.446576830774737     
  0.891532420476441     
          56          15  0.726525007047421        635.897392032476     
   2.24262808718675       0.491180185842677       0.111078039585811     
   7.56536192453641        24.0444045929541       5.808535727079999E-002
  0.559832943547185       0.252357217861394       0.191547289101667     
  0.249083192313008       0.200980943006614       0.536195690515588     
   1.40393039547337     
          57          15  0.652184923400983        365.105374230360     
   2.37273619219713       0.373435184779159       0.121373902129776     
   10.0914722968562        32.0951090946783       5.929986071654575E-002
  0.579238460238985       0.278441001124557       0.241171997088925     
  0.257293677734389       0.165661111996947       0.494485975904390     
  0.316773557526872     
          58          15  0.694544354863610        438.403721187291     
   1.97354392505267       0.537167953279191       7.314752375135226E-002
   8.69134213129873        35.8042962050415       3.313976360052304E-002
  0.493956166940084       0.201931841161054       0.155285767225466     
  0.155820790891782       0.219807391705758       0.699584484469310     
  1.949999515553663E-002
          59          15  0.709684954646532        373.382495316636     
   2.20391944811756       0.648962578045115       0.106973027340582     
   8.27742007713823        24.1426609684602       3.708276624676449E-002
  0.566470309586066       0.159101566552048       0.220432108780506     
  0.241417835549903       0.148090836380348       0.701445048530518     
   1.32353112717867     
          60          15  0.805422564817970        604.388825701693     
   1.98813737378317       0.539606035097249       0.117745827461408     
   7.81768774185039        28.4572709795175       3.654546688809333E-002
  0.400960189238174       0.265746081432574       0.164689561637420     
  0.191668975900461       0.194941374340560       0.692834242325249     
   1.34178891999889     
          61          15  0.840272292234892        511.401549165877     
   2.19554441594163       0.576844242487877       7.645951673340547E-002
   8.04738893376780        32.5413823745168       5.621834737557870E-002
  0.551740755468025       0.157065384016968       0.176048241837279     
  0.235186356905615       0.242116370642119       0.665808344966225     
   1.27496796671304     
          62          15  0.706994678982076        459.365444372901     
   2.10521514467349       0.640095927807681       0.104441804958213     
   6.69603976744984        35.9545510355305       3.938717047518688E-002
  0.527594868886939       0.243157907855930       0.181658683952478     
  0.250465781212757       0.174498178269029       0.651269888754605     
   1.50342993347631     
          63          15  0.818399572715599        542.972724843489     
   2.18012332471716       0.453085327621289       9.590324811808601E-002
   10.3357936621644        37.3256372751561       5.778450536089846E-002
  0.501864738370319       0.210151774520253       0.156395378943382     
  0.198140772401615       0.172986125429024       0.480402848066570     
   1.03715989121513     
          64          15  0.834731919292080        414.098510788137     
   2.59679160684796       0.579862933677642       7.577341022100026E-002
   6.43291863418126        33.9794973575012       3.795464740570785E-002
  0.667797350563831       0.236939893325359       0.239143600092434     
  0.213084548416150       0.155142277620856       0.562839345730471     
   1.12056914342224     
          65          15  0.687338893389594        581.969584757976     
   2.48119540090663       0.397382648188539       8.928808230711559E-002
   9.94118141342769        33.3627717926056       5.091644619538942E-002
  0.393049221658168       0.244035213554853       0.229954948521164     
  0.178917095628636       0.168340429173276       0.531417406889857     
  0.446762956411722     
          66          15  0.748617767659910        616.501578218167     
   2.04168881405270       0.422396274031010       0.102726181866464     
   10.5997324874828        22.5534187573907       4.251415195770130E-002
  0.610255825509903       0.225498019867940       0.212118052733336     
  0.202099255794139       0.169197600060964       0.743596291831174     
  0.583682073631458     
          67          15  0.739333557529159        632.226111372652     
   2.27180563453591       0.354402168755940       9.786441615916214E-002
   8.24420258929895        34.6246114497295       3.554432242544683E-002
  0.416698376551250       0.180396704255617       0.148482512457995     
  0.146712212255978       0.245074835435474       0.500514461024363     
  0.734963770156313     
          68          15  0.838559907013589        602.696546358707     
   2.54845481908044       0.635859314120299       7.975488257501960E-002
   8.98080398684542        23.2340716569677       3.968911722887903E-002
  0.460811950984849       0.204944613642361       0.236451595107039     
  0.208071268116371       0.247819622669520       0.757266582793707     
  0.868412981518364     
          69          15  0.802148905092552        394.676037704202     
   2.17375474614738       0.625827091790544       0.121758625684272     
   10.9412302475248        30.7538181998583       3.432991714393788E-002
  0.403090521757744       0.171527256118093       0.212924119135611     
  0.200217629798195       0.194388294049730       0.522064125947106     
   1.25753777518013     
          70          15  0.845956551715024        609.705205673612     
   2.44486489658782       0.438551008649794       0.123183350588763     
   7.10711503281782        30.5509263141330       3.353098865461002E-002
  0.649315410207252       0.210783371975871       0.215792232675081     
  0.196048437443849       0.235455864307621       0.684554002779016     
  0.112197242774616     
          71          15  0.789394409227382        485.689642630271     
   1.98923052906559       0.554094425313216       0.109534452275736     
   8.50250027741422        37.6465332595180       3.623146783806904E-002
  0.655228918893797       0.236155912656138       0.240475552424460     
  0.198346952976769       0.240504751442384       0.609353940804379     
   1.63836399509687     
          72          15  0.653031366463495        510.452771415208     
   2.09139742716312       0.571117975441431       8.303489495435155E-002
   8.48068466408295        32.3615468463046       3.580754678086994E-002
  0.431222268259694       0.156288913270048       0.234649811725214     
  0.252617497482912       0.252155287169701       0.731541421784923     
  0.265973780370052     
          73          15  0.680417619340544        418.895615212386     
   2.16594626867612       0.503444493959678       0.124366341143237     
   8.87459950136836        22.9141526808914       4.149002724763601E-002
  0.484079944234081       0.197216874741148       0.255890305861762     
  0.224226316123626       0.254043245258782       0.597945922633345     
  0.635649881956516     
          74          15  0.771416596437583        444.008647058303     
   2.08633535781261       0.566394219066270       9.210678654972820E-002
   9.29270333440509        37.2466827546750       3.449093937068178E-002
  0.422250231995049       0.274811539186850       0.140607689489296     
  0.220331550705425       0.156748028045575       0.465180956169840     
  0.161578961500993     
          75          15  0.770994170335625        398.003924878054     
   2.00758388001492       0.387245332022191       0.120052635218736     
   7.88755362424126        24.9633115529639       3.847065506246119E-002
  0.376056958140121       0.244855066528373       0.249471526921535     
  0.144208527340088       0.151376102341832       0.583572920363342     
   1.80619722400012     
          76          15  0.762010419449075        627.428398067337     
   2.08366533556248       0.513022219740121       0.107179051818504     
   5.96733337255428        22.3549931970303       3.663818214643329E-002
  0.480440625641776       0.239018382201786       0.188853348611156     
  0.243400332013638       0.198241514371544       0.711849005717360     
  0.623282055290904     
          77          15  0.678409758286814        370.976044594735     
   2.06080066879007       0.644765410481555       0.126636060633019     
   6.91368986640009        29.9226977992372       5.225578974888263E-002
  0.677067945423221       0.276019381694612       0.250474594424218     
  0.183022521068205       0.214080993065282       0.565791630733977     
  0.198627732322897     
          78          15  0.787115455483190        506.865478880697     
   2.15565177307262       0.362170966746635       0.103760150212329     
   9.28674191633472        29.4108739787078       3.906273635026643E-002
  0.448773917326091       0.154472438580391       0.197139953226947     
  0.239708078827380       0.220567853804883       0.497681084681604     
   1.65637015306286     
          79          15  0.861430201522389        504.646241551039     
   2.21962745363022       0.589034067874137       8.088875527973013E-002
   7.84227131644439        23.0283594556835       3.985679406188257E-002
  0.506980436463922       0.270443694698029       0.181450801533784     
  0.210294438932050       0.243877638412626       0.510505327196614     
  0.550265849010876     
          80          15  0.842608603051609        475.434950539356     
   2.05198327793962       0.555352115518797       8.113176227218527E-002
   9.42763942664024        30.6202830301130       4.627120492382981E-002
  0.597478615932043       0.221225783208604       0.176608732457149     
  0.170320269416621       0.188843374052496       0.503380879195517     
   1.18893830371470     
          81          15  0.774668048881899        633.676384071998     
   2.38145133068485       0.395295423787662       0.109897480571629     
   8.94209326192504        37.9884139222991       5.414260255669258E-002
  0.592286859963712       0.278017791938016       0.148855453405721     
  0.258568947544006       0.217125154778717       0.778301126428072     
  0.960223047581684     
          82          15  0.666578951202569        642.060293694479     
   2.54409841520349       0.406816035133670       9.111683196343674E-002
   10.4475200131128        24.5083831827156       4.476432177551358E-002
  0.413621587327510       0.186097056145978       0.191016658194199     
  0.188771136082942       0.170644583260120       0.679292168482549     
   1.88860317036748     
          83          15  0.756044702121150        629.842042183223     
   2.36442374886084       0.442637321523986       9.419989714683172E-002
   7.98986502537155        27.9401373634071       5.118279294707463E-002
  0.556638254467312       0.261498687381158       0.233237498466008     
  0.141590597509639       0.215959924987504       0.435144124739009     
  0.488225968714198     
          84          15  0.795388610553010        358.508502477129     
   2.14016400537597       0.528888748074293       7.697500487406027E-002
   6.08316485652758        27.7237469720547       5.516300255611388E-002
  0.419795050504727       0.224572143786772       0.151236496713108     
  0.178187805732904       0.176210239849957       0.430807217704475     
   1.75791438789802     
          85          15  0.814818971172066        470.188177485526     
   2.05681157706717       0.478384488015196       8.571603316601421E-002
   6.80895451795368        27.4194838532801       5.401327851105359E-002
  0.439697221148369       0.262611872117754       0.258166803949280     
  0.242840293650241       0.189543753550456       0.592016775461311     
  0.304665890364740     
          86          15  0.665765031219032        453.700270777849     
   2.61473822213323       0.523297700551784       0.119583332251538     
   6.59434110825532        34.0931145891109       5.987376284503467E-002
  0.475907697714242       0.207868633299457       0.259281239914502     
  0.176940536216887       0.259587474762846       0.715044238982476     
  0.386858047691200     
          87          15  0.871523835777020        427.478087990654     
   2.10936319608608       0.444978700512644       9.490123374473222E-002
   8.56059738329786        22.7446092486411       5.612059755248483E-002
  0.471915974719279       0.268126556477352       0.228885781461551     
  0.163904112562921       0.157635860930622       0.749859266393914     
  0.540117637885259     
          88          15  0.790808847401997        488.673317914158     
   2.26560502737760       0.569199461265474       0.103206202904317     
   7.00183051523345        32.8903195689329       3.855811645867926E-002
  0.464915010240271       0.217126694545581       0.164737634179114     
  0.194013121948673       0.146331697248388       0.441627081194893     
  0.679087043208624     
          89          15  0.800766441533878        564.274236943867     
   2.03374103863972       0.463771819149363       9.261219412930694E-002
   9.69678916915727        28.5450833887153       4.215952274127357E-002
  0.517812176386542       0.281686790847192       0.179757175539237     
  0.181097049235900       0.253173045716659       0.528487336774055     
   1.66740442264250     
          90          15  0.730949887187483        552.894458458211     
   2.01270054762208       0.496188716601019       0.108393591578557     
   7.03798477989913        35.2677486574763       5.733718461492270E-002
  0.542720316495356       0.192271541545387       0.177079862230868     
  0.169455859224819       0.163244014430435       0.601219751872328     
   1.37983208478423     
          91          15  0.855897351447036        422.327070843826     
   2.29806200785622       0.487180899398107       0.127094608254334     
   10.7692091830948        24.7572285622291       4.898790647204117E-002
  0.640398817014750       0.191181911561056       0.243338057424818     
  0.237933217569816       0.225689345270067       0.575648351814187     
  0.779740221288987     
          92          15  0.657389086778587        401.330990960260     
   2.12410320160022       0.647371639119913       0.114532639979118     
   9.37173485774838        28.9063684040912       4.999122254303075E-002
  0.374416128141521       0.216041840564932       0.143825656605391     
  0.159320638156975       0.226815758482485       0.593214672433267     
  0.837456693415650     
          93          15  0.711022683769999        400.103040009580     
   2.58725169963666       0.516965041073854       0.120457430319648     
   8.57793681932963        36.9604590088718       3.291819199120578E-002
  0.616963328953055       0.272240815935533       0.208819733360604     
  0.227466528622146       0.247541215467089       0.546256748229703     
  0.992168562523828     
          94          15  0.826905126234023        561.717077002600     
   2.02154855077713       0.504866081698599       0.105388893174617     
   10.0481611332361        32.4714160097025       5.549403240179664E-002
  0.554502795563281       0.167144399154192       0.187173021528254     
  0.234168352927081       0.235194619209711       0.680643750353552     
  0.245882215018606     
          95          15  0.671690713887607        539.564570897731     
   2.34875586027473       0.638942625897128       8.449058848357870E-002
   10.1453133829636        32.7179681745630       4.669048349142266E-002
  0.613195346887552       0.173043437286307       0.245396733245511     
  0.142278348390177       0.179100333872895       0.612886416209958     
  0.153050166902596     
          96          15  0.760346405909463        644.261321403696     
   2.25541111779747       0.533965604718576       0.129239493589163     
   9.33712866892165        33.1902149530630       4.133641193735187E-002
  0.486665164739907       0.251405711344697       0.200563259965754     
  0.164923478728708       0.147511265183566       0.770115872262155     
   1.15743010621749     
          97          15  0.654513077327638        518.313809148693     
   2.20691446480973       0.381510726480765       7.300639627141851E-002
   7.30910855077091        36.7544963658485       4.988149637411356E-002
  0.385403648493709       0.246355511705179       0.246924352300942     
  0.222088880074169       0.142774247639977       0.657011634855367     
   1.42259339533101     
          98          15  0.669850712671585        377.748440596898     
   2.26377996297111       0.448562983609051       8.606889184536960E-002
   10.7930838380067        27.4988640374622       5.634614675279762E-002
  0.643652932085576       0.258856369142571       0.168138189626419     
  0.143470867796226       0.239703638513559       0.723539605540949     
  0.950798352896424     
          99          15  0.664471147347658        463.708977787139     
   2.32038526947762       0.450007448107627       0.101578416510602     
   7.70567481821636        33.0954538339424       4.553295441772104E-002
  0.603544021458012       0.280163964289138       0.157769805587321     
  0.177777240655371       0.218628677249037       0.541610120897565     
  0.772614526795515     
         100          15  0.752797678941114        408.337690366384     
   2.53184386005347       0.624520212451428       7.959405299152851E-002
   9.77996033272939        25.6160354964896       4.427503729008124E-002
  0.504012597592910       0.228300154039739       0.253813396797529     
  0.167646380348254       0.192633260336348       0.729674400084871     
   1.59052302953636     
         101          15  0.697388095261881        527.831402968834     
   2.46785986003486       0.609296397565734       0.114574939983911     
   10.0234729218180        22.1577596681124       4.840598412910065E-002
  0.651652766669895       0.233575820599135       0.228124519652235     
  0.186855723813094       0.178336555044413       0.708252285815885     
   1.69668867552524     
         102          15  0.719886940951802        534.714608443798     
   2.28972597033804       0.558979081342627       8.236447236117195E-002
   9.47010037214786        25.6474926835837       3.524906443333500E-002
  0.600497891761681       0.268725969628328       0.178409511438804     
  0.215736279018525       0.174072652082712       0.688911730539300     
  0.662805750586074     
         103          15  0.863166471155433        387.610910366365     
   2.21013471225264       0.594840714041835       0.120966372665203     
   10.6965257099131        24.7079631138342       4.729983861581936E-002
  0.649170743994976       0.177242581988062       0.168523845378282     
  0.233508199867245       0.195780817116611       0.553529889424852     
   1.43576162156113     
         104          15  0.868396125452255        390.633019572980     
   1.97824223850125       0.403908128598671       7.495149827596513E-002
   7.76091243586852        29.8599079242864       5.679501621838666E-002
  0.625062385478930       0.198526990768034       0.187801425631281     
  0.244673109042581       0.233469967614750       0.775169152605265     
   1.53171868826615     
         105          15  0.824738543592969        380.200587681440     
   2.46142715672858       0.550887590756996       7.150411281710738E-002
   7.96209821162338        34.4858398558500       6.008985968483509E-002
  0.685672486919968       0.250642096499091       0.210817031833097     
  0.150448848757249       0.230006045131698       0.514294858208364     
  0.595381040021804     
         106          15  0.879994409223778        547.047038626795     
   2.12142774362233       0.460180835688987       7.247022956301569E-002
   9.10284617732395        24.2486645654693       6.062977388456758E-002
  0.380061236193191       0.282927322894506       0.194596523410394     
  0.210685063383871       0.211482079541242       0.549385986121043     
  0.118094240726588     
         107          15  0.668147680400384        593.135870746268     
   2.40382742027494       0.389837454761865       0.113106744219617     
   9.24688142728119        36.1387077910302       4.311101273711675E-002
  0.396291467171566       0.264488375153954       0.223761701851412     
  0.231220667747274       0.199476218334098       0.752849677535431     
  0.274252783302245     
         108          15  0.754376481436787        441.271150343442     
   2.39413580919703       0.565146443805733       0.104865805782679     
   7.53994081700221        36.3016236596253       5.829356263308368E-002
  0.511792596474512       0.175790467094356       0.202319168738322     
  0.231827195286614       0.203918724491412       0.544264246466679     
  0.691679879271658     
         109          15  0.706712727787159        544.378270388595     
   2.02887970407122       0.583302121803247       7.719763080630562E-002
   9.18125016426202        31.4709552153750       5.435878775732674E-002
  0.456537750431128       0.254895855465103       0.219565864320338     
  0.192212735697805       0.209603329979034       0.453885212211856     
   1.48814013150117     
         110          15  0.781277800007553        367.679593967007     
   2.28260073135153       0.423924952077248       0.115653273517074     
   10.5380623189005        23.6857459702832       5.377198383628000E-002
  0.622377092364182       0.193490888774169       0.192672288901077     
  0.156876733272597       0.186679447259179       0.568382635785897     
  0.940226662789147     
         111          15  0.784254794390869        425.753961401129     
   2.07590291888508       0.431610069006873       8.183472370458357E-002
   9.88519490305043        22.4521900886803       5.018846756356891E-002
  0.531419520849095       0.173820917073254       0.218273196380435     
  0.181535423096365       0.149700339034282       0.471884804286939     
  8.890406735245805E-002
         112          15  0.691117561734423        405.713981163674     
   1.96394150516131       0.418802541538025       0.100902396947289     
   8.61776040953409        30.2827291747630       4.850780936836963E-002
  0.671532541667450       0.184034424176837       0.235423132413450     
  0.160933725345976       0.236585953456473       0.655038153991131     
   1.22927554500732     
         113          15  0.865244458617279        528.763245297288     
   2.10108051869690       0.599592470983215       0.102556955309633     
   9.89865702592360        26.6016331158061       5.250157881327767E-002
  0.529487216872468       0.200801780290977       0.161080202007570     
  0.220248532952837       0.203448744489852       0.621724876550930     
  0.564624884222296     
         114          15  0.811531971841799        606.521539675647     
   2.37670787312907       0.444366388304008       0.104178894450511     
   6.19890084793151        27.0441001883138       5.506434609239907E-002
  0.677790725184402       0.155618520113619       0.213685911937055     
  0.251668618654298       0.144869288263349       0.530018835752887     
   1.24044633708226     
         115          15  0.681929496685052        469.092794783201     
   2.43396646891855       0.550386749487370       7.918945127324312E-002
   9.04976360513538        29.1398178017633       3.493380218464368E-002
  0.687920604218232       0.203032146621365       0.248822595280842     
  0.199614949877620       0.185063435366336       0.460873959040927     
  0.495397930343605     
         116          15  0.817000669193563        566.477334323195     
   2.58445236490326       0.623269557885428       9.984021762560588E-002
   10.9929084518575        25.2464014719187       4.358956551554592E-002
  0.383786943311755       0.258203994573498       0.147097794262090     
  0.174012692717096       0.140298939489431       0.772662723113454     
  0.797876932086794     
         117          15  0.807984542419653        556.851605786463     
   2.25002692112519       0.407788715202204       0.124988723118269     
   8.75560209457181        37.5376898837924       4.069401723499005E-002
  0.681960702009150       0.232057103311554       0.231859028682469     
  0.228771720864427       0.232148167667773       0.639963394518914     
   1.78025336863010     
         118          15  0.794110811151385        645.948707905721     
   1.95933241446713       0.469529587087420       0.106139859898214     
   10.3725340498233        21.5112657407019       5.696059813433539E-002
  0.605049024123055       0.238371871344382       0.258735883911483     
  0.171204605337356       0.244275919079082       0.524520991289276     
   1.41808542022774     
         119          15  0.728088975943612        445.182157547884     
   2.29397982191670       0.434280678369653       9.523228602792028E-002
   6.17009713020234        26.2801417392520       5.575545954172883E-002
  0.433596251811911       0.178308834911215       0.166834436873700     
  0.211907116428826       0.228690469381605       0.746809139587533     
   1.16987562199891     
         120          15  0.747364242072498        416.931852852919     
   2.60939023681987       0.371777777426006       7.366884687049179E-002
   6.96069013540982        21.4257317772406       3.919508406920803E-002
  0.589306503818476       0.228774614992723       0.209818791874808     
  0.255844762394999       0.150274759086452       0.508766344242099     
  0.136046180522903     
         121          15  0.757817363124595        478.241194003118     
   2.36780399642799       0.526586661278784       8.709857099316330E-002
   10.4013129878178        30.3462546313257       5.963088233935449E-002
  0.540488519088762       0.169164034941823       0.162381096557810     
  0.150697882719379       0.218430112555130       0.672618956853266     
   1.19614988778210     
         122          15  0.742284905986445        351.580816182404     
   2.50130574864554       0.389428279650918       0.101899056590491     
   7.11322861019580        30.1094762764846       5.057611024814131E-002
  0.607833681390878       0.163029434159994       0.150128813193056     
  0.172244278339340       0.153439208507428       0.718860308594851     
  0.812276108385100     
         123          15  0.749951582690935        432.806117711452     
   2.06412269060825       0.486664331817369       0.100789944964858     
   10.8974867456011        21.7226787904318       4.449488406265634E-002
  0.664637258650273       0.256808963942691       0.151489682909211     
  0.213611745819764       0.242477853493902       0.725603964074844     
   1.09999919187338     
         124          15  0.857668765641440        599.212873716982     
   2.33983975795014       0.474340343068059       7.441593570011559E-002
   9.07273156823358        35.1910575837857       4.113110904513981E-002
  0.522716496462639       0.194623073009404       0.246110309667488     
  0.225407861568143       0.248891399815158       0.696718097970657     
  0.335870151641029     
         125          15  0.803525390815382        516.423396876267     
   2.43750069773415       0.619115541708615       8.340259340499281E-002
   8.31782072626811        21.2401731979072       4.522380555488738E-002
  0.583746442779827       0.159945951276000       0.179410785080057     
  0.235768590008306       0.184678029054570       0.669053964950144     
  0.755222640471604     
         126          15  0.799640696889207        621.817037868930     
   2.61913368259750       0.601841988820439       0.128252673758132     
   10.6656561861542        37.8447441332649       4.681881035358083E-002
  0.578998456736903       0.247754470491734       0.196008579100701     
  0.146146227974472       0.160549414260929       0.421665186386295     
  0.972363863728539     
         127          15  0.773041776338066        452.148688039982     
   1.94851338892513       0.413022121338187       0.112355848729665     
   8.40795174699742        28.0414067126916       3.743730867076973E-002
  0.561119086604148       0.194765122091384       0.203492558609544     
  0.183580553286969       0.202207402387045       0.456719484262661     
  0.920712875010762     
         128          15  0.723696096061906        435.448502158054     
   2.35143301116199       0.472261932201389       0.125619967535604     
   8.10119025255553        25.8826632281527       5.201940746799365E-002
  0.658276702704124       0.276421360426774       0.171029281808296     
  0.214482986753163       0.151884103426778       0.550520520966212     
   1.68204034898957     
         129          15  0.820369474612961        536.015200394596     
   2.24631385348960       0.369332660913385       9.641452463189661E-002
   8.36992431009130        37.8108893907213       5.290494674059275E-002
  0.662548390514991       0.216401987030356       0.159812846003470     
  0.163447666888002       0.209774715813041       0.741261389012353     
   1.56289674495103     
         130          15  0.684322121177491        448.326827459352     
   2.56030949973749       0.426947705513757       7.777308948680431E-002
   7.52468737618474        35.3951334586443       4.281654617757166E-002
  0.669816544901563       0.214640012834653       0.184086976891370     
  0.152029632772456       0.152662088892094       0.663206964035258     
  6.539812767097911E-002
         131          15  0.797692552231407        554.514683627777     
   1.97182667572472       0.532815102317973       0.118154984585468     
   6.31649308827764        31.1166439113968       5.911849949954126E-002
  0.490348575323930       0.249132320519653       0.254308233505923     
  0.140392021542922       0.197420237637947       0.597318927947747     
  0.233010666493559     
         132          15  0.660817009323654        497.331683856079     
   2.23011276461580       0.592474607402383       0.109245313289918     
   7.41151526756876        23.3624370337982       5.170221599067513E-002
  0.614218974887044       0.184763814719688       0.145918573404471     
  0.154933984963059       0.205510199047036       0.674893859746688     
   1.79129356565514     
         133          15  0.877214495196149        530.934418709469     
   2.47303439336200       0.483792048217797       0.122608867283938     
   7.72539404782874        21.9107301892182       3.704302553121987E-002
  0.407574925838867       0.211666079004651       0.205882916625466     
  0.184189571318806       0.162700181462980       0.464346565024256     
  0.293376300186392     
         134          15  0.822578582382157        361.451438541682     
   2.04498852237667       0.378465715104796       9.675359935807887E-002
   7.25199018995045        31.2257222440960       5.474218551434529E-002
  0.568166333897166       0.267078265633681       0.159303199598799     
  0.223120760631350       0.196982591679827       0.767146148333764     
  0.404156579609079     
         135          15  0.713103381259426        423.453905280878     
   2.56853074500317       0.364406586445950       0.106294600326116     
   8.80992537853308        22.0764979951824       4.513209096483941E-002
  0.514364330274546       0.240666838713572       0.143490879475618     
  0.217473225213711       0.204700825568973       0.765855359830209     
   1.08829637700162     
         136          15  0.813176769415507        541.253302396303     
   2.13069741203900       0.629669494703515       8.485809631946990E-002
   9.59804308339371        28.7334869874059       4.090594920259250E-002
  0.499351915732348       0.161775639435756       0.242531459441422     
  0.193626249959035       0.157864918408724       0.586301737585625     
   1.72507442979201     
