 $ LHS File Format Version 1.00 
$
$ This LHS run was executed on  5/13/19 at 13:31:38.56
$ with LHS Version: 2.30 Release 1, Compiled May 31, 2001        
$ The run title was:
$ Pecos::LHSDriver
$
$ Message output file for this run: LHS_distributions.out
$
$ Input file(s) for this run: 
$
$ Point Values for the distributions follow:
$
$ All point values represent mean values that
$ were calculated from the actual LHS sample.
$
    Normal1               7.6594424E-01
$
@UNCERTAINTY
  @OBSERVATIONS    240
  @VARIABLES      1
    Normal1:           
@SAMPLEDATA
           1           1  0.787342174862757     
           2           1  0.771008080605965     
           3           1  0.768797244452604     
           4           1  0.818320475156429     
           5           1  0.846367907425458     
           6           1  0.799216256618273     
           7           1  0.762353448755612     
           8           1  0.820498525023364     
           9           1  0.814197965983665     
          10           1  0.744225951428643     
          11           1  0.735739712797753     
          12           1  0.780037261281286     
          13           1  0.743246120801729     
          14           1  0.728729010669991     
          15           1  0.693865053035512     
          16           1  0.778941904710434     
          17           1  0.739375750371271     
          18           1  0.824071257403859     
          19           1  0.816436628275942     
          20           1  0.749340265633132     
          21           1  0.805594987893216     
          22           1  0.746082563666568     
          23           1  0.834443401660626     
          24           1  0.755807072873340     
          25           1  0.808172250529353     
          26           1  0.777794627427345     
          27           1  0.766533068206050     
          28           1  0.758639743970137     
          29           1  0.777277553867315     
          30           1  0.810923577290443     
          31           1  0.771670142607774     
          32           1  0.765970058926647     
          33           1  0.734637042043727     
          34           1  0.761514799139486     
          35           1  0.770674200178988     
          36           1  0.837416326673006     
          37           1  0.805347605930352     
          38           1  0.660315057015015     
          39           1  0.766009255376763     
          40           1  0.729242933642039     
          41           1  0.781774615554156     
          42           1  0.752653372144983     
          43           1  0.780718985330578     
          44           1  0.726322762627714     
          45           1  0.809303877814976     
          46           1  0.828227599983182     
          47           1  0.792955143932453     
          48           1  0.826486988598133     
          49           1  0.749796742598667     
          50           1  0.710478732976646     
          51           1  0.799273848424265     
          52           1  0.763711133511587     
          53           1  0.758053568412732     
          54           1  0.738025064964531     
          55           1  0.727924106591670     
          56           1  0.808873584220168     
          57           1  0.796758235314696     
          58           1  0.759804487797324     
          59           1  0.670657155874084     
          60           1  0.844232256215130     
          61           1  0.753994017966950     
          62           1  0.800300075020920     
          63           1  0.779183664754337     
          64           1  0.783640610842782     
          65           1  0.730530249630117     
          66           1  0.795932988974083     
          67           1  0.770237708718001     
          68           1  0.736786670407834     
          69           1  0.765357584699037     
          70           1  0.778395004704100     
          71           1  0.748010871301517     
          72           1  0.807134655476410     
          73           1  0.721120914382287     
          74           1  0.740830369385214     
          75           1  0.783966952566242     
          76           1  0.768648614322964     
          77           1  0.785271516357401     
          78           1  0.813808587307369     
          79           1  0.803856607029421     
          80           1  0.725728979255041     
          81           1  0.773685246570776     
          82           1  0.829754958398404     
          83           1  0.774427275338698     
          84           1  0.774711621445971     
          85           1  0.787804609652821     
          86           1  0.750065462063988     
          87           1  0.721750351753258     
          88           1  0.785954718306060     
          89           1  0.812536832064485     
          90           1  0.792126634379876     
          91           1  0.748674700472319     
          92           1  0.719627290250821     
          93           1  0.753542322122996     
          94           1  0.777486792643262     
          95           1  0.776175146325838     
          96           1  0.761664130976141     
          97           1  0.748534324801935     
          98           1  0.757111372245687     
          99           1  0.751036374691852     
         100           1  0.789854193392005     
         101           1  0.760673324258178     
         102           1  0.841416745139200     
         103           1  0.762718038955065     
         104           1  0.747063785953990     
         105           1  0.720486095586128     
         106           1  0.759271789144678     
         107           1  0.689327691407038     
         108           1  0.779734409468917     
         109           1  0.711767846701258     
         110           1  0.757173742609918     
         111           1  0.772388942228911     
         112           1  0.782699061418886     
         113           1  0.817162138364411     
         114           1  0.722192450490345     
         115           1  0.821719511274481     
         116           1  0.776742922664158     
         117           1  0.802176609295636     
         118           1  0.678482707815914     
         119           1  0.732894229499650     
         120           1  0.696574849769917     
         121           1  0.824859808905683     
         122           1  0.735506293160814     
         123           1  0.732063487811252     
         124           1  0.793378546401285     
         125           1  0.707134409334230     
         126           1  0.684856144597115     
         127           1  0.756431139719454     
         128           1  0.756063510996207     
         129           1  0.701713717107252     
         130           1  0.788767204609260     
         131           1  0.769625094424477     
         132           1  0.738565777413867     
         133           1  0.727429083172595     
         134           1  0.755119601668556     
         135           1  0.688124934202190     
         136           1  0.767580131788603     
         137           1  0.790398532404194     
         138           1  0.709627627628137     
         139           1  0.742899229890787     
         140           1  0.801505508982709     
         141           1  0.751436447185891     
         142           1  0.745796556646775     
         143           1  0.746704938095400     
         144           1  0.794386915715483     
         145           1  0.737602792611029     
         146           1  0.839646259595732     
         147           1  0.695667574996853     
         148           1  0.763517000550116     
         149           1  0.713158936977154     
         150           1  0.741861395360357     
         151           1  0.798547675843352     
         152           1  0.782372706321600     
         153           1  0.742247874960915     
         154           1  0.736449824844696     
         155           1  0.726597644185338     
         156           1  0.723076534749871     
         157           1  0.740234217742519     
         158           1  0.707907918044502     
         159           1  0.747423845886623     
         160           1  0.754508302011677     
         161           1  0.754704172539035     
         162           1  0.752149131854911     
         163           1  0.758779174045116     
         164           1  0.764081019629605     
         165           1  0.772584226476019     
         166           1  0.797786910121423     
         167           1  0.831894829362028     
         168           1  0.750501284445139     
         169           1  0.704126469015915     
         170           1  0.734254965227393     
         171           1  0.714099053964162     
         172           1  0.803184930876982     
         173           1  0.775591169102500     
         174           1  0.859037383491780     
         175           1  0.766803113971530     
         176           1  0.769458451469319     
         177           1  0.715094203787346     
         178           1  0.788069978601719     
         179           1  0.771435926157402     
         180           1  0.767752902806328     
         181           1  0.850391603622048     
         182           1  0.723881345359808     
         183           1  0.741542891398269     
         184           1  0.724430022334583     
         185           1  0.822957063580427     
         186           1  0.792257007737677     
         187           1  0.699308501052845     
         188           1  0.760294445384600     
         189           1  0.739127447144545     
         190           1  0.786242160821247     
         191           1  0.718016808506430     
         192           1  0.800717140552956     
         193           1  0.784460858871287     
         194           1  0.718292374988913     
         195           1  0.810515396886273     
         196           1  0.784697376489949     
         197           1  0.731435688902212     
         198           1  0.733841521327270     
         199           1  0.806260251414700     
         200           1  0.795891571912886     
         201           1  0.863962613815453     
         202           1  0.740590833217766     
         203           1  0.790823555432176     
         204           1  0.831241025351356     
         205           1  0.789315487705819     
         206           1  0.802703718800921     
         207           1  0.729862275465441     
         208           1  0.764708423830392     
         209           1  0.745142463743793     
         210           1  0.743734216426913     
         211           1  0.775849170129869     
         212           1  0.783138794169637     
         213           1  0.814908578040954     
         214           1  0.716456204503950     
         215           1  0.760804798327651     
         216           1  0.794309518095226     
         217           1  0.704940795339294     
         218           1  0.772942609224047     
         219           1  0.786669329748727     
         220           1  0.788831453987673     
         221           1  0.744873795638989     
         222           1  0.732276647282004     
         223           1  0.781568347458549     
         224           1  0.795098878479115     
         225           1  0.716055961904029     
         226           1  0.752128855434089     
         227           1  0.768219626356611     
         228           1  0.763022706812559     
         229           1  0.780635990171172     
         230           1  0.773362137383462     
         231           1  0.819552884916555     
         232           1  0.791314091553617     
         233           1  0.775050954085028     
         234           1  0.797133325965713     
         235           1  0.764828557806677     
         236           1  0.804251556254190     
         237           1  0.811789986653563     
         238           1  0.757949599132234     
         239           1  0.702682397564550     
         240           1  0.753002692454461     
