 $ LHS File Format Version 1.00 
$
$ This LHS run was executed on  5/ 7/19 at 14:22: 1.44
$ with LHS Version: 2.30 Release 1, Compiled May 31, 2001        
$ The run title was:
$ Pecos::LHSDriver
$
$ Message output file for this run: LHS_distributions.out
$
$ Input file(s) for this run: 
$
$ Point Values for the distributions follow:
$
$ All point values represent mean values that
$ were calculated from the actual LHS sample.
$
    Normal1               7.6600350E-01
    Normal2               5.0002058E+02
    Normal3               2.2800136E+00
    Normal4               4.9994314E-01
    Normal5               9.9991947E-02
    Normal6               8.4996343E+00
    Normal7               2.9396527E+01
    Normal8               4.6997520E-02
    Normal9               5.3010364E-01
    Normal10              2.2001025E-01
    Normal11              1.9998788E-01
    Normal12              2.0001143E-01
    Normal13              2.0001657E-01
    Normal14              5.9998936E-01
    Normal15              6.9322474E-01
$
@UNCERTAINTY
  @OBSERVATIONS    240
  @VARIABLES     15
    Normal1:           
    Normal2:           
    Normal3:           
    Normal4:           
    Normal5:           
    Normal6:           
    Normal7:           
    Normal8:           
    Normal9:           
    Normal10:          
    Normal11:          
    Normal12:          
    Normal13:          
    Normal14:          
    Normal15:          
@SAMPLEDATA
           1          15  0.771088119490902        487.767799092483     
   2.04420558931518       0.449765074281856       8.920399252564877E-002
   7.81788406361718        29.9113111008211       4.351558330180895E-002
  0.552649473622369       0.209217791293839       0.204939127105139     
  0.200962657317435       0.216352174152964       0.586137886156336     
  0.615885532559213     
           2          15  0.770239187697650        465.994272146082     
   2.50023450948452       0.484594417266351       9.588759076693380E-002
   7.46706687772030        33.0212096830450       3.626783529854360E-002
  0.640419896520411       0.227354599046183       0.224146020005734     
  0.206061717107334       0.184428944822272       0.670033674550007     
  0.920159518158484     
           3          15  0.699921243155380        564.849668535806     
   2.51396611357732       0.409679390596678       9.014479656454984E-002
   7.36814719217112        30.9044588285158       4.615851043940471E-002
  0.464643119626131       0.197245816521762       0.168518764603141     
  0.193757210727927       0.194039260573843       0.717661565235273     
  0.693501184225283     
           4          15  0.780193951607053        493.077283086792     
   2.54475525367280       0.529976703686171       0.100237003834374     
   8.73428219389993        25.9352808131046       5.764790277917620E-002
  0.508146373270443       0.245132338358672       0.182607556573747     
  0.202314392556897       0.232849302515181       0.657315212699352     
  0.700318611606785     
           5          15  0.839245887098537        430.655743535661     
   2.19242352358416       0.445437965017610       0.115806012684103     
   9.63267772305386        34.1770239595944       4.627772914975726E-002
  0.521793863016671       0.213042391075630       0.204223486084759     
  0.176210179680550       0.211760692167194       0.569893020696657     
   1.17212477871913     
           6          15  0.757031053550643        496.146351631874     
   2.59201852583978       0.519455273138986       8.317063426183229E-002
   8.95706534465037        28.6922291652452       4.469937437807930E-002
  0.567478773254828       0.239572800532206       0.171051921771045     
  0.231603708401625       0.196275007064018       0.511353362713729     
  0.428649477384952     
           7          15  0.810430921631299        455.253620365384     
   2.12733668255183       0.457477003592959       0.112280468436927     
   7.24969704630642        27.6213501991911       4.905402881175913E-002
  0.486101775887921       0.227904911097388       0.198218375838763     
  0.196442287324584       0.185603048769213       0.636007148278767     
  0.451852172893045     
           8          15  0.803121011687423        550.174669258199     
   2.23880483085700       0.473363563787420       0.101096945008798     
   7.97847515093902        31.3355742364959       4.783953276587073E-002
  0.541766250500704       0.211984412817528       0.186550976555349     
  0.219578488878589       0.225457142526010       0.567561217690903     
   1.42065475404826     
           9          15  0.772325016873571        501.439951166019     
   2.36505840363746       0.483954412807146       9.106801835690734E-002
   7.55580624149116        30.7369451877776       4.419356621482850E-002
  0.483011973822450       0.209686509187679       0.165565318243111     
  0.211047875691650       0.204559677559154       0.699950301152034     
  0.277717755100008     
          10          15  0.761307310140259        449.608850440967     
   2.11666721302793       0.516933678741591       9.305169591480515E-002
   8.46212865955287        29.6891800592822       4.425637022208898E-002
  0.458029912077463       0.191028182895781       0.206078586322384     
  0.189399565293238       0.205834530944584       0.563070700253112     
  0.243234909009538     
          11          15  0.790784645792731        552.867610880715     
   2.27098867024704       0.482269461664265       9.972048890871826E-002
   8.50946367726355        30.4325889177150       4.590847488304736E-002
  0.417238952091054       0.265821709428618       0.217963165052020     
  0.201758082992873       0.245501643799656       0.644792423903986     
  0.976975692639888     
          12          15  0.774292405491420        509.897867097282     
   2.07161371817454       0.512638937292174       0.110025359305455     
   6.83857754090405        25.6096804636288       4.661618093288811E-002
  0.501311406727839       0.209815033872974       0.219692118951917     
  0.194281102679717       0.236081322157615       0.605149771500623     
  0.425718024307620     
          13          15  0.808775346188854        509.175330751384     
   2.26007690272526       0.553783801122126       8.887646084817752E-002
   7.44234823612025        31.9875460304641       4.062351425557150E-002
  0.537870285798887       0.226621135862203       0.198580427319114     
  0.197140890066084       0.226016449523149       0.564466825496287     
  0.573129109285287     
          14          15  0.745751441711336        431.338754254648     
   2.13339694337845       0.432370912557541       0.100707932237596     
   9.07777331779781        30.0682478076412       4.537984082724986E-002
  0.559951845069868       0.202164193378866       0.196942876018838     
  0.206863167035057       0.205651421169690       0.599118042045734     
  7.671849442513412E-002
          15          15  0.779064388153404        513.641102616514     
   2.56956520731410       0.493082930657163       9.253974351562833E-002
   8.53027568937459        28.2084469659381       4.271948181496933E-002
  0.622362238082866       0.223966906338842       0.199780206838848     
  0.165996214750581       0.163479278705585       0.642386987902144     
  9.680544379007061E-002
          16          15  0.742374071717374        558.008511054353     
   2.12070682692281       0.522020124464310       0.109943469164049     
   8.02260644575616        29.8671515405353       4.912938914533631E-002
  0.546162787674665       0.194405384589420       0.202705101863582     
  0.175579096495415       0.233531619925566       0.608790134238508     
   1.42371209790688     
          17          15  0.822632523129879        576.524729566760     
   2.37815251888243       0.458546439428180       9.567755853368697E-002
   8.78403751605510        27.9368209454233       4.597083193973333E-002
  0.481303252286220       0.212710893003903       0.211940851767274     
  0.174060356542487       0.212961980206364       0.674954373041459     
  0.386501460961791     
          18          15  0.755093437964406        489.184329489512     
   2.19032091871030       0.549537205985684       8.873114842716179E-002
   7.17488483885628        24.3807037895795       4.773391296760020E-002
  0.494360660560567       0.169468128361063       0.211465390886060     
  0.174614804960321       0.172652744320851       0.666745978679851     
   1.44896900893908     
          19          15  0.741474765060702        390.197318038763     
   2.06413494084002       0.443956880831338       9.537997632252264E-002
   7.40369421973810        25.8203241746178       4.353378106441903E-002
  0.552127581669525       0.238743741875576       0.192413710021618     
  0.198207793017570       0.194978031430517       0.599739166318076     
  0.413674609185300     
          20          15  0.775998105626512        419.674006998299     
   2.21482623568851       0.406754374296565       0.102277315569827     
   7.57342181750622        32.7945063027751       4.390623443198835E-002
  0.481612760216628       0.218189265392331       0.214264493210659     
  0.200270422976765       0.196044663967242       0.538980003429513     
  0.952093874533361     
          21          15  0.781151113882715        498.580918063887     
   2.34521054954168       0.427623743693533       8.243478040065939E-002
   7.91618325669255        27.5431976486905       3.905370690794642E-002
  0.547958249972756       0.202455960132107       0.189765605078792     
  0.210157452036672       0.236515223451602       0.486251711337115     
  0.740846837181778     
          22          15  0.792552712150314        512.716199254603     
   2.29038128570247       0.405497841138275       0.101886688689433     
   9.12039301950256        28.7210587655203       5.211166678333386E-002
  0.514339894004531       0.201181142263896       0.215437266801520     
  0.190177218925338       0.176517018452532       0.588497838063611     
  0.141419885986202     
          23          15  0.810847959924817        502.141340489532     
   2.19856334158906       0.497844043176957       0.108150640374905     
   9.19959135350863        30.1894482780840       4.155200254747522E-002
  0.562977540628486       0.248084654365267       0.181043337078908     
  0.208318048850335       0.217695133224193       0.531176790182315     
  0.433975993011865     
          24          15  0.742972419440786        578.638084437055     
   2.17873687498630       0.442241651662096       8.644746804342181E-002
   8.15245862607616        27.0400693743229       4.974946441255488E-002
  0.431163447051891       0.251820486917937       0.225221040422231     
  0.177782229202091       0.221661938196696       0.565531988266568     
  0.851606819948125     
          25          15  0.830751608464215        606.059588744046     
   2.38953303085995       0.543666901091499       0.114456396626528     
   8.37019719424113        32.6601788413032       4.290408696040143E-002
  0.461669281304053       0.212205707611957       0.238146775249370     
  0.213682683655352       0.166143984304093       0.493937682635090     
   1.05043942047543     
          26          15  0.728220036968614        565.049412127319     
   2.48338027444453       0.509904221206788       0.100936279665224     
   9.53014529876769        30.4931133972748       5.103702755370190E-002
  0.473236411478682       0.212899630850687       0.167426207660562     
  0.203723545245671       0.207976338929511       0.723069620734486     
   1.15180748143747     
          27          15  0.793873712486755        529.989122470332     
   2.12333975710164       0.551462819985355       0.100793274642781     
   7.59254884988569        27.8241748997955       4.653398453542713E-002
  0.442500832683070       0.179842176592773       0.234204769803419     
  0.192371858449303       0.211100082071476       0.640083014066505     
  0.500157349605009     
          28          15  0.749329481010835        447.337722820764     
   2.11434999982798       0.503825024517829       0.100973915317833     
   8.87261632557629        30.4998018557376       4.758755233118083E-002
  0.528127690510420       0.281715960688801       0.197122718375202     
  0.192687048573361       0.177778326646880       0.540419393922656     
  0.698577101503033     
          29          15  0.718085202445332        486.396637616050     
   2.13037917979232       0.513892859768489       0.113428113580298     
   9.22766453500018        30.6408694041005       4.899698981578856E-002
  0.585605086812441       0.236410228573090       0.195456061823435     
  0.190315635333745       0.209316671231027       0.643154668120387     
  0.708465326083463     
          30          15  0.756428949881841        497.604459336680     
   2.43203322375913       0.557644682251841       9.410162696571832E-002
   9.67055754597594        22.8037478855694       3.981427099073727E-002
  0.570188885036915       0.187162527404474       0.186578404347368     
  0.172298635015718       0.219747648525023       0.629419357476187     
  0.751399320937688     
          31          15  0.854473608769136        551.004051543382     
   2.38241140257598       0.576031008770210       0.117274770468803     
   9.36896567723618        28.5722780066324       5.338346552170331E-002
  0.570692779583513       0.192668294395289       0.226109496887215     
  0.192028651348775       0.204698014931416       0.637285396196930     
  0.260693388904173     
          32          15  0.769604018224665        531.564073089428     
   2.24608243740112       0.504485423867405       7.291778407170366E-002
   6.90254747874528        27.2744698888020       4.333891107465484E-002
  0.496782662941519       0.240864029613468       0.201236036330138     
  0.148265236042351       0.195753075558130       0.591010986280009     
   1.18172352300416     
          33          15  0.774493577841087        554.241140246087     
   2.28244751920128       0.525787800030602       0.105112051345467     
   7.84246564768063        32.1114694303368       4.908022524404043E-002
  0.487870304221845       0.213614357670696       0.211228137904378     
  0.197882491147364       0.164623851049700       0.650998369281137     
  0.128299821092091     
          34          15  0.774867674600643        470.805007529180     
   2.29532866899832       0.517987614974680       7.850438317318893E-002
   8.17436356230881        27.7764725657204       5.373318219502154E-002
  0.537582406775128       0.205716857273925       0.199371108696999     
  0.212048539748991       0.194488233568941       0.584281968457653     
   1.23253640843560     
          35          15  0.740025267478628        530.458369049755     
   2.51273251747655       0.466727783231237       9.465401090116314E-002
   9.78724344266550        27.4886776137113       4.220962059732652E-002
  0.513695631802175       0.222220890450782       0.206531435719614     
  0.162978481813230       0.191265554861258       0.576495800445605     
  0.542064333155004     
          36          15  0.773745463159661        492.014619828734     
   2.16758120628951       0.577591819911065       8.414636938532000E-002
   8.70687296791471        27.8441350894880       4.568788489824562E-002
  0.505003776344796       0.259206384733528       0.192807339779221     
  0.209639416707605       0.195320510668366       0.583774692999004     
  0.531925025602714     
          37          15  0.791293087786705        474.778981213005     
   1.94392707133864       0.475179302474514       0.103303980420194     
   8.15779649677358        33.3070245803449       5.454222551684794E-002
  0.577396372175254       0.231381147172420       0.214591346707988     
  0.212244743982400       0.189783405246097       0.587558268049264     
  0.800586827224829     
          38          15  0.794508063597394        566.955988717817     
   2.42472688248915       0.510651745400209       0.102782964541398     
   8.05884574275306        32.9661692297184       4.295344068908501E-002
  0.541108404237914       0.191958354632013       0.170446080783646     
  0.198798908291336       0.178389944028814       0.668040702404213     
   1.14427737855227     
          39          15  0.740558207860692        477.344631203114     
   2.29324971741937       0.518888277337229       8.693686329456943E-002
   7.19644848359480        24.7716401636435       4.004017689156989E-002
  0.590183112156719       0.196873355573603       0.177130414146396     
  0.217638305055024       0.191464138529397       0.669205980700384     
   1.34147462606847     
          40          15  0.729731150308010        616.110948908829     
   2.37571237032952       0.486127711544486       9.142415110028265E-002
   10.4755015540879        26.9691977255755       3.832163015508563E-002
  0.554728090457823       0.187984200962232       0.232683455544702     
  0.215653098142683       0.229612834813072       0.688477467741335     
  0.380512261144536     
          41          15  0.785915968986333        563.600044926479     
   2.19610651440349       0.467935215384049       9.722456515602364E-002
   10.7998111153192        27.9030206444700       5.858915035107647E-002
  0.596679482045434       0.237946187868212       0.215770451139723     
  0.220562580903736       0.214991222438435       0.625917773613128     
  0.974101014135249     
          42          15  0.769595480293018        506.535046872908     
   1.95176988807118       0.477504737375717       0.103106741884782     
   7.68852749140131        28.0646494196528       4.279511907523153E-002
  0.598296550673851       0.234147108561170       0.169818140780217     
  0.194992693288793       0.186774233997971       0.582924779631102     
   1.12001146692216     
          43          15  0.792000914907921        395.380977795518     
   2.49223603232280       0.472010790468069       0.104381119146873     
   8.99444715140928        33.1820552021858       4.584462451574509E-002
  0.423573799827059       0.210480705760475       0.201762467125716     
  0.218330001888483       0.155092697471145       0.622471841057277     
  0.903901436463226     
          44          15  0.782657521828848        534.407670969151     
   2.24097834168906       0.505106419795717       8.969549268944239E-002
   9.25355448710964        33.2746868488813       5.616702608021672E-002
  0.549851149334902       0.180390889597345       0.207393363772364     
  0.207745217755025       0.209054660277598       0.506206494506094     
  0.354769071438952     
          45          15  0.778106221404978        444.513535352645     
   2.21712744006254       0.533968371387930       9.130314770672887E-002
   8.41400557752231        29.7570990384028       4.671919806989252E-002
  0.604868818594084       0.194067696099068       0.217315677437161     
  0.177404714535535       0.206319936375729       0.579720156782596     
  0.490412257126876     
          46          15  0.688923897358520        412.192169381993     
   2.57595416499679       0.486553828069505       0.102730186989859     
   10.0162190111147        33.8755815174603       4.753088102482787E-002
  0.571565200790046       0.222443210517149       0.208002476921663     
  0.235907971526967       0.224153162461477       0.636768105333964     
  0.225332852273721     
          47          15  0.760511716459498        448.411204742890     
   2.23434166984536       0.536269879390454       0.100367458501676     
   8.93836880345231        30.2621682460964       4.855952264385108E-002
  0.605916155466272       0.208394798090364       0.218769026587905     
  0.168157774704487       0.196885413418994       0.616442855962125     
   1.01747886916073     
          48          15  0.768017434829980        583.564606651968     
   2.07564278518685       0.460106483450267       0.105241394176304     
   8.39284085555262        29.3710130517506       4.106195481148504E-002
  0.556379100812960       0.240048397018457       0.181326796012566     
  0.190547153788398       0.168190206900435       0.572109782939698     
  0.469588231561451     
          49          15  0.709725476346383        456.824325630526     
   2.06012277094920       0.476309139775792       8.958390298875533E-002
   7.34714946773884        29.2258481459361       5.026739843974975E-002
  0.459545269963890       0.210592472830450       0.235043866968917     
  0.212452883475006       0.205474961457023       0.762039533158438     
  0.565251253656746     
          50          15  0.696230457952156        488.223711474155     
   2.58590860630091       0.448277264686001       0.112046116877705     
   8.97310144279600        29.4631511099655       4.624382025800850E-002
  0.423363596724940       0.190537430742073       0.176018485616020     
  0.191730528206773       0.196449839609248       0.683911209752182     
  0.527049309890717     
          51          15  0.800075710659726        456.521778469339     
   2.49888981744775       0.397175996642183       9.360239298778392E-002
   9.73109725419435        26.7470908464543       5.584733538355598E-002
  0.542484418264734       0.203887917387966       0.220132691255813     
  0.225688059528647       0.225765021525952       0.543309222599663     
  0.927372906573565     
          52          15  0.780288816000072        515.778854016941     
   2.32431118443610       0.529593045280080       9.991768905891099E-002
   8.45564014443085        28.4420861491541       3.802664474319712E-002
  0.494994382151120       0.225733806486130       0.187898565939647     
  0.196757572173272       0.187439479238403       0.632992985130943     
  0.728771768893048     
          53          15  0.780755082021866        454.209123904499     
   2.51907476105426       0.520688049384848       8.442490503890700E-002
   8.59914931946401        31.5606413448848       4.382735243506322E-002
  0.565604014059705       0.204698509684991       0.215953369405548     
  0.177085265977656       0.198873885078410       0.551730845802584     
  0.444759497333838     
          54          15  0.790278241749228        511.142977763997     
   2.35904351377288       0.527212314481741       0.103873406054683     
   8.03129882277501        29.5257860690311       4.178013783164992E-002
  0.511399428983545       0.202544341950014       0.209166218047962     
  0.163679252992963       0.218876061853413       0.593193889992959     
  0.482175428735934     
          55          15  0.772842831694075        521.116961721955     
   2.24964576646762       0.464276302953386       0.102946172103309     
   8.90666566206310        31.1903445423736       5.149152847869003E-002
  0.517418099274557       0.251275364117135       0.156442601743442     
  0.209805886834294       0.191086986869907       0.660590409796151     
  0.552671301309639     
          56          15  0.705225398350602        538.517984613115     
   2.35725005400303       0.402404688392850       0.100535549956347     
   8.03986712367360        33.4063396267503       3.947346950448368E-002
  0.501673587037995       0.219974820142106       0.253418383903674     
  0.195525343643727       0.178209286564212       0.507776337752121     
  0.634041823744336     
          57          15  0.751571204418031        575.206223377581     
   2.20632251523295       0.436739949151675       0.104000474025730     
   8.65255488977012        25.4237208437928       4.729106026824586E-002
  0.540159582660637       0.261110789994693       0.195648000271457     
  0.181934772726645       0.214188226660792       0.619086023638116     
  0.763205339220959     
          58          15  0.761051807607343        454.291578677151     
   2.12455079459256       0.494972050917787       0.104273441290029     
   7.96142578523363        30.5666592441486       4.051498440660383E-002
  0.478457545438698       0.221220316453537       0.212231571247680     
  0.165602149155700       0.207537458257716       0.735009807720133     
   1.26649997427709     
          59          15  0.702344614251622        542.882943055089     
   2.50278292122406       0.503122626205943       9.243286211006269E-002
   6.07947717799373        33.6452322648041       4.645123774767387E-002
  0.569381628072735       0.262677792260338       0.223343389923565     
  0.215261236718625       0.157956841268308       0.464587246408342     
  0.765199516763482     
          60          15  0.811564518930688        411.204892340066     
   2.41055296827853       0.528618457811707       9.428897628250327E-002
   8.35101644450827        30.3176171812213       4.367089331422060E-002
  0.496273498558274       0.226420636024575       0.205269117353656     
  0.184185145117631       0.202894178547554       0.560854355787684     
  0.249644277161906     
          61          15  0.746633873155605        529.413484562344     
   2.06951141169084       0.478521229945569       9.526639948442989E-002
   7.85883215400558        30.2201266709103       4.188088134431293E-002
  0.599216645842334       0.206277608776418       0.224894397013904     
  0.228942773658622       0.237967864532948       0.566761900635915     
   1.03316348438366     
          62          15  0.814404105537134        537.843214013220     
   2.37377133017010       0.541598464141049       9.861297431121573E-002
   7.87839661809683        28.4115210786930       5.696415368755629E-002
  0.527733607749151       0.236109810388214       0.205731741728904     
  0.221666094086704       0.158893243613290       0.705937201119041     
  0.302968221605157     
          63          15  0.773604966527031        469.559994273159     
   2.16056670851340       0.419986871588859       0.101740096210447     
   9.09222376258077        23.1398658723575       5.349108907090628E-002
  0.491522237589658       0.181624954838654       0.197831261854474     
  0.216314792305145       0.188336216591017       0.572861967925369     
  0.869695143551760     
          64          15  0.750301941000428        547.904532132848     
   2.04132650083984       0.507505134375830       8.380940992152161E-002
   9.01495852018070        36.4485997675669       4.669938765714374E-002
  0.539450731901307       0.206533507076942       0.187745222611723     
  0.182531453556609       0.239063174917568       0.542098248497887     
  0.185529442002447     
          65          15  0.752076391442144        589.959127534562     
   2.38673680664298       0.456498314933149       9.508011920099142E-002
   9.13642129738820        32.1915202793305       5.303286873324653E-002
  0.520878315017151       0.161424322296038       0.198339484855509     
  0.236895850617540       0.175475833802336       0.585271605652135     
  0.732615385584778     
          66          15  0.801225672942800        505.564828047039     
   2.37314227153990       0.433248366407841       9.675065598800715E-002
   8.05544667942417        28.6320251140032       5.120567012021981E-002
  0.574060106274187       0.214712787180644       0.187462281481250     
  0.232746451060063       0.193406974251339       0.631652128505142     
  0.899364108096559     
          67          15  0.814934376562143        539.987940408584     
   2.20782935676570       0.573626301020587       0.106467347293941     
   8.88775034179535        32.3825751158750       4.966663178401585E-002
  0.579482523540051       0.229626459766686       0.222931831591480     
  0.193895896564609       0.168079226023524       0.522844623856625     
  0.793336354762592     
          68          15  0.797721580342151        539.157152085505     
   2.00453354439749       0.485510127429248       9.837969981549508E-002
   7.47696180576947        25.1734838574933       5.097650042105065E-002
  0.580630621173038       0.193457631349920       0.224518893100610     
  0.234569365992674       0.218357589674338       0.629089086754209     
  1.166587691586352E-002
          69          15  0.739218322391861        443.584370098830     
   2.31515186790568       0.459287165398232       0.107850029564709     
   7.93783098764561        25.4655884520560       4.776723141911406E-002
  0.562011177663679       0.216571915879240       0.154563906838020     
  0.204176922776905       0.223283128434465       0.568838293494300     
  0.987885567281645     
          70          15  0.807770157793222        514.809380838766     
   2.26399116261534       0.416663349722451       9.518454045806890E-002
   8.30580130551803        32.2497017976684       4.936783751313618E-002
  0.489268695614400       0.233556347246575       0.206139807775714     
  0.199948667367747       0.215142562716160       0.649204830775594     
  0.931459177026295     
          71          15  0.745216267123737        483.082424783807     
   2.44074110908154       0.606950962518911       0.118278161117599     
   8.42344635484796        28.5333936065861       4.434582403463801E-002
  0.460032160524501       0.223137453355603       0.185508956985659     
  0.191100923538150       0.197404115942673       0.646645123440360     
  0.412199128143127     
          72          15  0.777363664517820        512.208797464038     
   2.44536747360126       0.591178908392563       8.763564133926972E-002
   7.76656678209313        32.1781638163705       5.252382948170060E-002
  0.581174242465599       0.230458440455092       0.243806807379959     
  0.184481279154661       0.188058721079595       0.716310870112427     
  0.685052710720278     
          73          15  0.788777580594362        438.432037935096     
   2.38706213186725       0.555837550815756       0.101487583551784     
   8.89691161682966        29.2769903777110       4.165686587495684E-002
  0.586274185059328       0.229939092134174       0.215190416652467     
  0.218209108258157       0.234587575898278       0.560313542816643     
  0.308584249771338     
          74          15  0.712450152141255        536.128626011338     
   2.05579734987390       0.578783191256028       9.709257948171864E-002
   8.54235843099197        29.8331158191450       4.551978437705075E-002
  0.509441249315671       0.202866956306643       0.183110115816209     
  0.169120587843688       0.184999382313067       0.577769328701004     
  0.399540805428041     
          75          15  0.754306312353920        485.868493129502     
   2.56350638073993       0.506911525707841       9.274551055549290E-002
   8.43689289371395        32.5558539366076       3.998194954645184E-002
  0.659705084941770       0.208061017134932       0.245369786836194     
  0.211435786403136       0.211247906779672       0.607983836227437     
  0.575764897811612     
          76          15  0.710364310964923        459.205188028077     
   2.08900231517850       0.522197269669694       8.075143641118895E-002
   9.81211749323738        32.9155428647004       4.508985532222588E-002
  0.552926847249682       0.205889728699337       0.193034310593732     
  0.160914463030219       0.215914846707575       0.536742304192185     
  0.755359981487386     
          77          15  0.725322154703384        415.626406397027     
   2.20888576428775       0.532366507073622       8.556419709526844E-002
   9.46124269902045        28.8404249270159       4.866289167109221E-002
  0.553691459367216       0.214486089787245       0.199143968122622     
  0.213806313018165       0.188891176831570       0.438088517216815     
  0.476322319207288     
          78          15  0.737167016766987        527.866901448724     
   2.30109875998346       0.455748699577245       9.691308732660814E-002
   9.05857496053868        33.0939133079766       4.704301858394552E-002
  0.582874526948641       0.195819530723052       0.208810243991437     
  0.198719575395617       0.188150721730037       0.594791159688836     
  0.397298281003424     
          79          15  0.767347132609563        458.702681501606     
   2.40022235510294       0.471280334520018       0.123231872292410     
   7.69971797947729        34.5126149593858       4.619078804134344E-002
  0.564460869317423       0.183713922182602       0.178824402847839     
  0.167780074487690       0.197095162690118       0.529388252920786     
  0.674704661362015     
          80          15  0.757896611360499        474.129279584283     
   2.18338518940406       0.451592629146296       0.107542731705378     
   8.32296966187161        32.3041802022775       5.126087653584058E-002
  0.495658471118009       0.228127333433177       0.239989370217225     
  0.211254426255129       0.209832605629427       0.605792677294379     
  0.990151657941798     
          81          15  0.781912987254364        436.526619070149     
   2.28163568824711       0.483133839282280       9.886014518170742E-002
   8.52192570277335        25.1039281733249       4.481547357858042E-002
  0.609483473665150       0.248014953111011       0.194517829684047     
  0.199751938913592       0.210437404373715       0.666229876097861     
  0.645400421415054     
          82          15  0.848806473647973        490.605074951236     
   2.41994374076776       0.462654143644512       9.962157325864431E-002
   8.00594293698992        31.0608009506637       5.110701283961822E-002
  0.464917035439839       0.219661016686481       0.209418352089820     
  0.189975163033228       0.198732275326409       0.535754730235810     
   1.19463165907536     
          83          15  0.729525319307219        521.559649820075     
   2.08026217689679       0.434698764457963       8.729968137174625E-002
   7.74841208457297        31.2835185326251       4.365251593263281E-002
  0.511650567656933       0.188758821912311       0.208444601005272     
  0.214040369849180       0.177168617333564       0.574898912876872     
  0.326399622148038     
          84          15  0.827728346202285        508.737246479074     
   2.47881411396080       0.447379951132691       0.113184752923442     
   9.40212180863897        29.2818812559022       4.557673155034853E-002
  0.556629332074656       0.232762298470607       0.179102129900662     
  0.188904720619935       0.195892142720321       0.627119249452004     
   1.28154316293853     
          85          15  0.720919533367122        446.404741510696     
   2.55854490438244       0.450253061224164       9.580190355962608E-002
   8.72633941006465        34.7683981719500       5.133990270881011E-002
  0.409951926705067       0.219008670537172       0.203115091109070     
  0.185342274481172       0.198535384543558       0.582256835277150     
  0.889453008866006     
          86          15  0.728688775894358        507.356188143027     
   2.27879407300119       0.530571921597058       0.103203880496737     
   8.93261496697390        34.3858435513845       5.049815753086594E-002
  0.539084095578773       0.235173604437295       0.182041264746708     
  0.230547935828947       0.227235397044673       0.557719993722614     
  0.560287790399368     
          87          15  0.857097942662741        453.113445583785     
   1.97904140274933       0.468859057633197       9.870476041134083E-002
   8.98192770845402        29.7950589335828       4.300825265300762E-002
  0.566309594970142       0.207441109164257       0.200721842098357     
  0.193249350206039       0.200273640000913       0.681200436853098     
  9.102524820490632E-002
          88          15  0.764453868628889        441.816850136882     
   2.26892364471507       0.539464467279773       0.110692246322305     
   9.10229941326360        26.2664466818649       5.200645134427700E-002
  0.450149837441982       0.172189467186606       0.209666697496264     
  0.216822269841169       0.171244086494842       0.553791590078723     
   1.07554682111803     
          89          15  0.766251545663407        367.246089618508     
   2.56396988147554       0.470636436531271       9.795075605839389E-002
   7.99991828210420        31.7533862543192       4.373775218115292E-002
  0.468392462072659       0.220142718272798       0.179893976282575     
  0.205691705540082       0.194839267768000       0.570710249566746     
  0.872586388159701     
          90          15  0.783340910459646        441.524008497605     
   2.49345936952821       0.503156585262642       9.416709711254274E-002
   7.90103244668341        31.6434430874493       4.124135525146863E-002
  0.555377622451972       0.232202667656782       0.206666364289040     
  0.205735563810119       0.191914934363216       0.663102546733185     
  0.591442167618470     
          91          15  0.799526765277764        479.900351343080     
   2.28692168282878       0.545235335566912       0.107034007883430     
   7.09658891653206        33.9825132508350       5.057466550268456E-002
  0.522980001002145       0.200428524615179       0.204708303086182     
  0.186191146217428       0.202934343479946       0.600097020439774     
  0.344139547336299     
          92          15  0.805260585063153        536.916397486955     
   2.22704686046825       0.582939965120015       9.071293623127613E-002
   7.67727388259580        25.2394337685267       5.158272178830439E-002
  0.507723454244111       0.211229905695566       0.200414274845242     
  0.216557801613163       0.202597183545818       0.638035196505091     
  0.830812580194626     
          93          15  0.789997077304010        473.540086459607     
   2.36245625835245       0.494612443299177       0.105470601989722     
   9.51966351665539        31.4275594597411       5.546269969520934E-002
  0.545247274417119       0.256556816828457       0.196310620847081     
  0.183596445701525       0.203468648543248       0.546748198132637     
  0.835134359304013     
          94          15  0.756295609391812        503.751902473362     
   2.27177955272394       0.496464237543566       0.103567379951261     
   8.57804184656507        28.9971254118683       4.737528216801318E-002
  0.636269553329028       0.190178197133404       0.187133442846191     
  0.188355888479836       0.189732505310605       0.595589516193234     
   1.03901068010388     
          95          15  0.715558539043414        495.484548931698     
   2.28920836791681       0.464666598592137       0.106752640042011     
   8.58095661955679        30.3750439150884       4.562192143452048E-002
  0.595400189336752       0.203681285871389       0.176618701333076     
  0.199166356927839       0.189456913211523       0.693050222104812     
  0.666412457025990     
          96          15  0.717326793523496        522.923804853637     
   2.32933162498125       0.556845596050837       9.843580049891046E-002
   8.83797751216214        26.1351206785650       4.520243954395101E-002
  0.489610149898990       0.239300696909890       0.247455929811464     
  0.166521397240136       0.184140156613434       0.624883923628760     
  0.365244181053705     
          97          15  0.763188632336990        472.762071574450     
   2.28571157147361       0.527764578256626       0.102104725875535     
   7.79150122538774        30.0316152876579       4.321976068961762E-002
  0.554294160237146       0.176113190861188       0.203210067682425     
  0.200673215439571       0.212927796375854       0.542807597442899     
  0.770940099321887     
          98          15  0.734627520494949        571.887678184653     
   2.36160170741292       0.580202030509830       7.788490951716959E-002
   8.70126588534345        27.1157088317815       4.993524796422535E-002
  0.506814130421266       0.187194443847947       0.212993441851784     
  0.201244900232688       0.206020232377092       0.652535955700869     
  0.943978317620307     
          99          15  0.837474002797987        558.683879105219     
   2.40441111696819       0.561524887483022       0.104769905991740     
   6.49582782434158        32.0521494585574       4.318869771815233E-002
  0.455795596657444       0.208724107775217       0.191364076420691     
  0.210851355447296       0.182682027206224       0.549790079993699     
  3.435524383515753E-002
         100          15  0.821001815384495        547.341229416995     
   2.15172819123269       0.384206103550385       0.110673619073712     
   7.52545596349896        28.1713914374186       4.330594014431650E-002
  0.591072361002752       0.242607337803044       0.200553157076740     
  0.192099994607105       0.228910594245954       0.592414390959784     
  0.689331313251651     
         101          15  0.713829811279794        493.774447501691     
   1.96695873069371       0.481784506227704       0.101186460180372     
   8.61699936857029        29.6172369079558       4.261046626802249E-002
  0.534715405192660       0.221789784423695       0.218442571132028     
  0.206332370059132       0.201909897705488       0.547625704530593     
  0.908590521940717     
         102          15  0.796903324554540        507.920428457052     
   2.05196799367372       0.465679983722022       9.598980882179774E-002
   7.13773126894525        28.6629551573870       4.878281816023676E-002
  0.530303517434904       0.231040307680116       0.231113118885328     
  0.202579330355000       0.253645782396939       0.531423542940760     
  0.821727782748158     
         103          15  0.816401924646690        460.320924068739     
   2.20215396100059       0.633468000751294       9.667916062862131E-002
   8.47263683358949        31.3867070916320       4.720723567900626E-002
  0.437139711069661       0.232986271258887       0.190699393424118     
  0.222772499827151       0.228354824356398       0.619021394058237     
   1.51032344548201     
         104          15  0.764096612563499        471.020775871993     
   2.36728815934479       0.506653718022907       0.109300902202676     
   8.76359191285390        31.0948791455475       4.490661083104890E-002
  0.520148031398593       0.242190213325649       0.190182766556537     
  0.223305084336941       0.199786901110920       0.609841749449226     
  0.536636423890622     
         105          15  0.762292317548986        387.633903094459     
   2.31249474918405       0.528539599835113       9.774556165139975E-002
   8.86227667905035        26.6808932633953       4.851295171853188E-002
  0.510658243853544       0.225282146683867       0.205568259338151     
  0.208886999321776       0.210902758123745       0.554755049850654     
   1.00731981095170     
         106          15  0.758424114888854        479.079776823333     
   2.11236603462945       0.552832232027974       8.590047934105619E-002
   8.08683020611686        29.3146811235177       4.924208274621340E-002
  0.615487913434080       0.253568465363052       0.201904845730781     
  0.171926457650034       0.166786543951777       0.592572887679131     
  0.139059590152919     
         107          15  0.722256124762061        560.749621206834     
   1.97405813112965       0.567691227822851       8.802519658840333E-002
   8.29487252034669        28.4861694404843       4.715895071489382E-002
  0.557581115134916       0.219177369996418       0.190763572171609     
  0.222023673242110       0.181627109360862       0.454601767140380     
  0.389048077271918     
         108          15  0.763836462617763        467.949837005119     
   2.17355890745023       0.518394080792595       8.480084881198305E-002
   8.40933867060296        31.2377305665210       4.921516816106699E-002
  0.616865324022908       0.229396096458330       0.207811767112405     
  0.203544799755250       0.152316294933807       0.612433294875129     
  0.447319468884252     
         109          15  0.747830621338113        540.935700038954     
   2.41582739053244       0.500499254723494       9.633427699007105E-002
   7.50294102764654        30.3384680963398       5.895410182664819E-002
  0.548075413763451       0.196273537920724       0.201425561970132     
  0.224997368816327       0.193712952531229       0.657960115951341     
   1.18775910481457     
         110          15  0.799237553821002        556.570928489724     
   2.01203361524166       0.524279032423770       9.200590946640097E-002
   7.82492608170653        28.3706759062383       4.267431543888815E-002
  0.439949749420575       0.246589431577945       0.160465521793430     
  0.225411322391005       0.184035982407852       0.512870944964921     
  0.505455843402228     
         111          15  0.801027582425122        468.809346863639     
   2.10352548236916       0.603145114749253       9.762590105092921E-002
   8.60759840062733        29.1824352798105       4.405586160668423E-002
  0.515806445913524       0.207196663695553       0.207653622487881     
  0.214733215410198       0.192413013982597       0.587265391378781     
  0.114164981618380     
         112          15  0.798440383037975        401.023705777644     
   2.33761993394781       0.465784201856913       9.092536448087182E-002
   8.83058468434859        30.0976130108235       4.942430885888020E-002
  0.532024157204615       0.204618932185827       0.222608122307307     
  0.185610694389773       0.194127778506661       0.639126585412133     
   1.13884075767225     
         113          15  0.812849767836157        480.293188213063     
   1.94582089199111       0.475921708718420       0.101784661185059     
   9.45565137545381        27.3420744204819       3.955206330653099E-002
  0.534391292091312       0.240828268113353       0.194993274196552     
  0.246604395771936       0.183065386592576       0.627350098090701     
   1.02189450683764     
         114          15  0.834108358933633        519.669939876563     
   2.53162843388262       0.535345301391213       0.116820183732507     
   6.90899178020512        24.8853060662008       5.555256394001992E-002
  0.521177382590123       0.197768169095556       0.197362467419685     
  0.205200701290724       0.227557587407027       0.551077841094868     
  0.783052602105057     
         115          15  0.759661460018060        510.208833081489     
   2.47308909335394       0.467148179877822       9.825633193501443E-002
   8.75063741901487        29.4553031405422       5.185405607539027E-002
  0.535558289776314       0.234825107350593       0.216927652704133     
  0.178169576943563       0.216944139007829       0.641407877620071     
  0.719656993556514     
         116          15  0.779760922389778        536.995221387756     
   2.02039029905842       0.498430103589716       0.108896240613820     
   10.0525772308577        30.9664615230958       3.689102968515436E-002
  0.469439136366402       0.193363902722919       0.184640961108786     
  0.249657042749704       0.220359275917429       0.649653872819081     
  0.847748872705846     
         117          15  0.759239228489618        528.132457434560     
   2.27596408248387       0.375244362615083       0.109699498309301     
   8.33656366893139        31.0037555468733       4.450501505996413E-002
  0.447759955327988       0.234536406889452       0.188848958520956     
  0.184067821590147       0.193031840375617       0.591301926185874     
  0.466561885762267     
         118          15  0.752551131336343        596.745247412288     
   2.25809713390669       0.460755151521581       0.102035853042656     
   10.1574735496244        26.3759820444278       3.417665741111818E-002
  0.530735879937198       0.191566005730747       0.185774655740903     
  0.151532738061161       0.175362731582288       0.480399515004510     
  0.310787225134266     
         119          15  0.768598713183934        571.489953444701     
   2.23381040992527       0.484932421610174       9.050962792666999E-002
   9.74486478040776        33.5776400166229       5.496697132475209E-002
  0.529078426812115       0.226091862536122       0.162262410548658     
  0.239021691566997       0.201795629883640       0.647890135101107     
  0.958594588872015     
         120          15  0.759991607701589        475.796962864430     
   2.09179871642962       0.531978778056643       0.112979318525567     
   9.90265096530604        30.6635546335948       5.089404138848512E-002
  0.643324818400285       0.178725942001430       0.213893269668926     
  0.195701865760821       0.208809272049238       0.552895237928339     
   1.09982005236788     
         121          15  0.785367259027291        463.894217472694     
   2.26220049486270       0.491119963847195       8.937307855603055E-002
   8.06681980459859        32.3965721869247       4.438564665278596E-002
  0.543515625485866       0.242759498857548       0.199563547775612     
  0.191367674883632       0.247598634887395       0.516396591047288     
   1.21027950947139     
         122          15  0.788001085888305        462.381835224842     
   2.44917134158214       0.487210012936712       9.205889546561660E-002
   8.26453296442684        28.9109896358277       4.529578258125119E-002
  0.602805411570490       0.201596265845221       0.164517217204874     
  0.182873208740015       0.212357962442690       0.630373627490820     
  0.658552334331541     
         123          15  0.732185283588931        532.592984853493     
   2.47708841760625       0.472059929442591       8.514396158326427E-002
   8.34781536941110        26.9817137693411       4.252771135101116E-002
  0.547312440775104       0.198851605834091       0.180395649490754     
  0.228469114796450       0.202378721856498       0.580863087812887     
  0.376854272194811     
         124          15  0.823693214973617        417.662202476250     
   2.16305037936564       0.536486835014684       0.105975740269129     
   9.04918316866834        26.0151953402072       4.425952074158349E-002
  0.516204837614894       0.237258974757597       0.182826158010470     
  0.203171217416329       0.208271002461871       0.577221194052103     
  0.794352699922571     
         125          15  0.829671701852697        486.867184919976     
   2.46534587825889       0.469804259440148       9.937618510768820E-002
   8.81355089348720        27.9908051444659       4.790854624551126E-002
  0.498856917523273       0.194889312315081       0.227427283507198     
  0.196932300645770       0.165056544648428       0.533936709447827     
   1.00438888031060     
         126          15  0.802471672038818        424.734514616542     
   2.21761888463893       0.542607781281076       0.105437827750943     
   8.59622301417893        23.8030597251108       3.573977070976880E-002
  0.502663087496479       0.222715011399134       0.214044503400059     
  0.205289958430449       0.186433161046124       0.602366923461228     
  0.568347651598705     
         127          15  0.735793448850420        524.560709841712     
   2.14446748923083       0.512004811856995       0.108546960256125     
   8.21399290360799        29.1487592552589       4.212661857043633E-002
  0.523515848940698       0.228736673407132       0.198062717866922     
  0.227466109190334       0.185274695399801       0.574160716129447     
  0.512947515312978     
         128          15  0.758020753595279        526.762602373271     
   2.31656615238018       0.540813564218439       9.189957165765023E-002
   8.49822033428445        32.8740327392581       4.890405787165009E-002
  0.549567762406199       0.250788588609417       0.174596645670445     
  0.193496707498054       0.160856439162933       0.561973828039983     
   1.10143848043204     
         129          15  0.723627494942297        448.081293055043     
   2.53053210809103       0.570440909878018       9.341804922004307E-002
   8.08101114482503        29.3442235031227       4.694655764228921E-002
  0.514944415666288       0.209514130626594       0.183868674569957     
  0.202807944600598       0.218159780576936       0.549663368499551     
  0.586576817108522     
         130          15  0.684539243534525        481.119591189940     
   2.02292742135825       0.463194770246861       9.157491088229637E-002
   7.04551385686897        34.3056070797830       4.807193799236362E-002
  0.529960514411262       0.207751829183855       0.194768898924517     
  0.207071842745630       0.212497168181319       0.653324023930836     
  0.962891223859819     
         131          15  0.765427827828089        552.442296056213     
   2.17233393051782       0.552281201505145       0.105667710865937     
   8.12432565395845        25.6636031220727       4.495287041416657E-002
  0.444168197329153       0.222018554552810       0.201491694274757     
  0.180105807627356       0.210121654160600       0.476357461903578     
  0.705848742805538     
         132          15  0.701720496754174        524.034480093685     
   2.54710514634611       0.439626744282378       0.110321920701143     
   7.31609928745515        26.5463035108637       5.435122782865432E-002
  0.589537332741890       0.218125100910151       0.211112783313336     
  0.202222350758606       0.194572716602204       0.527508015195100     
  0.807432155499692     
         133          15  0.816757556394926        500.274277691377     
   2.40765057114089       0.497099782496145       0.103799502234716     
   8.19265799383582        27.1897772732825       4.197381637512421E-002
  0.538853966583119       0.243177848114688       0.210408384319639     
  0.240304854017463       0.201365859280739       0.575705143457430     
  0.722910685846924     
         134          15  0.731453032481467        434.294599361489     
   2.39479171885964       0.558809080005751       0.104466720101058     
   9.56996272463739        27.5202135981847       4.456323618764761E-002
  0.536610376181453       0.198645493474036       0.202431299496047     
  0.226942775735907       0.169474597045680       0.634441037444671     
   1.67675109083922     
         135          15  0.750822937285272        445.330225970955     
   2.14585235994521       0.512380149865602       0.102379425924693     
   8.67476720262584        26.0638197988425       5.166032474866202E-002
  0.493269519171864       0.227527648462078       0.203503370955962     
  0.207337755398340       0.179814027629558       0.703925945202412     
  0.639913712570194     
         136          15  0.784595454354067        500.822890603102     
   2.45888006244324       0.420860915574173       0.101608651993219     
   7.88552159956079        26.9107220441554       4.741182008410415E-002
  0.632665160169989       0.217900670772105       0.143425060126906     
  0.184738366748316       0.222772300722337       0.676321935358173     
   1.48072782520657     
         137          15  0.807374493068896        483.679524463046     
   2.44191865320556       0.511080138799969       0.111085777146253     
   7.94478910212953        26.3441557287152       3.885452111056076E-002
  0.533622683239669       0.238433815282223       0.229692230902746     
  0.233938401816823       0.192895322234280       0.590136822988054     
  0.227159452623066     
         138          15  0.765762549281227        581.128367692778     
   2.46814993679831       0.514363774213454       0.127685318724784     
   8.37805246789931        26.4471119134921       3.866969358450839E-002
  0.587589928782631       0.226767849042576       0.191916129067632     
  0.208387424439921       0.179292693262519       0.656714365329627     
  0.995438956984440     
         139          15  0.809507118750685        462.118826694713     
   2.30968477595857       0.430704657689260       0.105006625685255     
   9.98085329173611        30.8414011160531       4.732438605945387E-002
  0.566994300354634       0.217277853939803       0.231377575342224     
  0.223413526088899       0.180437931249123       0.586052558830773     
  0.438148030626330     
         140          15  0.770762836771075        517.107170585320     
   2.24873392996244       0.572701336304318       9.267886328843987E-002
   8.68864893461661        27.7162758171765       5.039471724834862E-002
  0.517167033983751       0.218424995652538       0.203728219857480     
  0.197327816608915       0.176854003359482       0.633667903886457     
  0.373003052534977     
         141          15  0.747138627155595        478.091540190126     
   2.33528880483072       0.474788666874863       9.378118645673304E-002
   8.20213817500927        27.2327243524909       5.142886625864573E-002
  0.526574633496774       0.220351687016009       0.196706453468371     
  0.207978865403797       0.207215343163056       0.571177860189879     
  0.511353399495895     
         142          15  0.804788343188450        519.154602905583     
   2.10752457077774       0.506073816672184       9.494207824683891E-002
   8.31513391817938        26.8101508504863       4.038081380877338E-002
  0.650158956421990       0.213466202675471       0.202193818174237     
  0.219956898959296       0.182230686681144       0.620081440076416     
   1.22457582882406     
         143          15  0.820098965197458        522.326525283810     
   2.29981414191538       0.461357227802743       9.222077846716895E-002
   9.21888430470360        27.5907110634767       4.862242204377074E-002
  0.497709306387131       0.210218314700254       0.212579976302231     
  0.158296138347155       0.174108666302009       0.565876679974715     
   1.30606912214342     
         144          15  0.771876065698058        570.136170146262     
   2.25669925213771       0.502206587921837       0.114619776139809     
   9.65357512538972        24.9347759133494       5.179699144124264E-002
  0.492753049893482       0.223352987016131       0.179558193765593     
  0.186374713360123       0.197708029377944       0.503275785682073     
   1.02881199541506     
         145          15  0.744799998300154        489.555567004131     
   2.23654921426407       0.489705225519868       8.854263560360495E-002
   8.64758489813915        29.7364058752414       4.632557581130695E-002
  0.467008937331028       0.175375628609072       0.191454989772611     
  0.189777886883157       0.198241645986466       0.625508477387946     
  0.934956706936235     
         146          15  0.704402078646995        549.249520021069     
   2.52185930587015       0.515405358704839       8.144184718208491E-002
   6.63945227774576        20.9803607652390       4.659546930377335E-002
  0.490625076826881       0.250048892959309       0.193334875984751     
  0.198056527706209       0.210556096747674       0.579401338982861     
  0.461431507606375     
         147          15  0.749904139844363        461.526785705532     
   2.14798558561208       0.516422244466333       0.103677074745005     
   9.15320120096885        29.0123360173916       5.220425135882688E-002
  0.592849968549753       0.249358711883477       0.205200826700667     
  0.197698723922325       0.172309412919205       0.559407202873692     
   1.90565605602010     
         148          15  0.795868031714328        567.725828891295     
   2.18096241528450       0.584243800711104       9.459114875389821E-002
   9.56097933157097        35.6937369170252       4.894896630199827E-002
  0.582008692715217       0.205157907969257       0.193431997116338     
  0.185196624144382       0.219467988677302       0.696110581661244     
  0.775113007082608     
         149          15  0.824900239932174        438.607296410086     
   2.33940922241465       0.537481158435140       8.665897721951524E-002
   8.63992547878284        27.0830238941087       4.237295046754959E-002
  0.445927281222431       0.208804294193279       0.178530117868809     
  0.215441264108651       0.219214119228756       0.520360005877820     
   1.08033658807652     
         150          15  0.752998808754285        506.969257931370     
   2.55324464679469       0.564794215357431       8.334829965854358E-002
   7.43395555253858        31.6679932126501       4.768402453748438E-002
  0.527231941764058       0.215248367673269       0.188120555714154     
  0.254333630222342       0.188700287424766       0.554879189288350     
  0.743426672651361     
         151          15  0.739724411234119        488.482781944834     
   2.46037748121577       0.498745656890470       0.106970955537273     
   8.11030298841730        29.9991627794195       4.676526955334349E-002
  0.473758383559491       0.235961839980621       0.190342041127308     
  0.176283663546961       0.231051654054166       0.598457047241108     
  0.194292590083690     
         152          15  0.795284756672139        484.534896294342     
   2.15866110004179       0.542949884364609       0.108013591668603     
   8.79773551426621        24.5859669457019       4.990038832185457E-002
  0.546835845701954       0.237086493776647       0.220380512316682     
  0.162149118999150       0.195468987319334       0.651465811681372     
  3.942033481550244E-002
         153          15  0.777154654943418        377.147219564149     
   2.03921693796834       0.480899812893143       9.927824832722555E-002
   8.25128069111816        31.3758862639718       4.794217558430780E-002
  0.578336930620987       0.224357342854099       0.186253330552158     
  0.201392923778900       0.190742970468156       0.555843066967292     
  0.663158918022003     
         154          15  0.727315901437119        526.292147907225     
   2.06239043726581       0.435361258478293       0.113564495917135     
   9.32462175205638        28.1303216570548       4.017886752320018E-002
  0.485527649274955       0.230914954058454       0.192653801977935     
  0.242371023397531       0.162202728940127       0.694944247140053     
  0.867354252188430     
         155          15  0.806256644559921        475.274164689354     
   2.40299470964316       0.448742724496083       9.650628781430061E-002
   9.24785170390526        30.1408212143691       4.396267814138136E-002
  0.572334315721807       0.216255387296829       0.210589848810721     
  0.186004364675700       0.222211715126994       0.623612542536210     
  0.883143522897672     
         156          15  0.744556967000782        463.207099492157     
   2.01590969796814       0.531189188657003       9.783320603356532E-002
   8.36431392715685        31.1401025095101       4.096186064703297E-002
  0.607818071721756       0.215469816006557       0.194298662224086     
  0.178965327970308       0.209677549643070       0.701532764898590     
  0.649158516094913     
         157          15  0.740808418862843        477.722577513316     
   2.22362059889010       0.490942273322325       0.105769309434898     
   6.57266588946291        31.5859149033858       5.317958431674907E-002
  0.551227908160370       0.217612893329812       0.189320955189726     
  0.181603223461425       0.211449088747192       0.578728413068054     
   1.34738672423346     
         158          15  0.752599209616912        545.307721226213     
   2.36989717268492       0.509371664772676       9.748036585936465E-002
   8.94980286281368        35.9199239594104       4.240134912746069E-002
  0.559011048371626       0.261824425284826       0.208178784648474     
  0.172577312873324       0.208453458986481       0.654960900679499     
  0.265272129463895     
         159          15  0.757432958043070        516.369204297740     
   2.22080855774404       0.525211901911074       9.554419813233526E-002
   10.2613089446213        37.3730389528847       5.009831436283130E-002
  0.435981417945804       0.266322635015289       0.172486172097951     
  0.216120864129494       0.220277301121895       0.672608398089424     
  0.172946444095117     
         160          15  0.754051312604801        469.605499937096     
   2.54271184439496       0.480595221678027       0.116153058768627     
   8.57079017095778        31.7982337686986       5.073131635546750E-002
  0.550759529864138       0.182604807745098       0.191125332357780     
  0.210294212318295       0.209022163309105       0.525077428766523     
  5.173080751673631E-002
         161          15  0.765094529890880        439.703783293181     
   2.35236977655443       0.559569480701582       0.102516883321819     
   9.34277758212533        29.4169259053899       5.015181290833386E-002
  0.519421159478823       0.235452579848900       0.189823833810980     
  0.187593015043722       0.180932518405603       0.472514796107661     
   1.06794912973858     
         162          15  0.787201335056189        520.008902523729     
   2.30848782014080       0.456802440226930       8.705341096009381E-002
   8.88352306123395        31.9237545559807       5.402656328120192E-002
  0.587705037004712       0.254659961906246       0.177506428588673     
  0.169611714713732       0.230009312618391       0.607284505620033     
  0.275062978870165     
         163          15  0.719636831493551        427.484275321580     
   2.17667266410630       0.547962357567302       8.910803741650949E-002
   9.43009619986624        29.0392360289299       5.202490209672073E-002
  0.477037006964833       0.245471664220758       0.194355905632221     
  0.230252972558555       0.193625756021830       0.744147571876971     
  0.181914055578387     
         164          15  0.724996348063799        585.431785976723     
   2.07830773065088       0.452043117593574       0.109029939479799     
   7.20946465530096        30.1695673630007       5.174215689624185E-002
  0.568430174839172       0.185344040690184       0.198948260782041     
  0.226467914412227       0.213623168953434       0.594058285014917     
  0.349765452384334     
         165          15  0.759005474319987        535.412351085923     
   2.23137348157713       0.533176861987652       9.906724618353592E-002
   9.06149136337648        28.3149554901764       4.118791837423689E-002
  0.524286828428768       0.215081852834568       0.173685346641682     
  0.173542839047622       0.213430269484373       0.628494300898699     
  0.608427326482014     
         166          15  0.796290954235918        513.714118826730     
   1.99864468853811       0.499838611994235       9.884685586421756E-002
   8.92167368860200        35.3923455094367       4.482232960013693E-002
  0.531643250962420       0.240472603354477       0.175826522444889     
  0.183334623744199       0.223594579583774       0.678126662272642     
   1.08586682814786     
         167          15  0.866619942240617        408.176846114217     
   2.21290985008375       0.487735246487705       0.102982254200611     
   8.84963113570808        30.8715805143981       4.970734020428649E-002
  0.568869267261933       0.201315967407407       0.206858688296093     
  0.208670696610099       0.173142460060497       0.662377576615731     
  0.290734719575291     
         168          15  0.826052075049529        544.638921275194     
   2.08611888350657       0.554605689721426       0.107781472494216     
   8.44508654374396        28.2629040383472       4.602401671255909E-002
  0.487826233369254       0.248907925937282       0.150305682758155     
  0.204314944749421       0.197657885268405       0.500908532863196     
  0.494216541748545     
         169          15  0.792909039753200        532.196746433591     
   2.43323973056960       0.570053085709452       7.492847675430453E-002
   9.28232279029712        26.8602052281399       5.519694197414141E-002
  0.522340137540553       0.221103545765575       0.207192252727365     
  0.195176921804661       0.174931730849485       0.548388987187044     
   1.05793272791602     
         170          15  0.786785798308618        466.466425039621     
   2.13734852394723       0.437626004084902       7.915912840379526E-002
   9.21045280763117        26.1654590650858       4.801842389312946E-002
  0.503373410046562       0.199262191230704       0.176782140151306     
  0.188818894940093       0.184762851817481       0.687216592401554     
  0.485411310206783     
         171          15  0.733590000475334        533.467441540039     
   2.13647808642367       0.426031572849863       0.100164799305028     
   9.41607020195662        27.3852205470698       4.817728374485699E-002
  0.454938725738600       0.227098762932311       0.195856485995823     
  0.179617341312593       0.203340016399364       0.621283353246558     
  0.604756653045991     
         172          15  0.743222959591990        499.965022852405     
   2.35533385605036       0.415035650694099       8.996647121471577E-002
   7.65746877390231        30.5570716187490       4.874520456070065E-002
  0.563728761847334       0.252719791664856       0.181611165534523     
  0.173515404275380       0.171899198181602       0.617651006272887     
  0.879103276294925     
         173          15  0.833409202553838        523.289016811528     
   2.15460844778522       0.563095623434873       8.220805775465773E-002
   10.1097101403598        26.5796987958514       4.761803762737572E-002
  0.505705673416041       0.232481923515322       0.199971451044391     
  0.199533442723881       0.180194112966637       0.621779941946291     
  0.815201532840393     
         174          15  0.708582154243094        520.772938031927     
   1.96150107504283       0.549998901501522       0.102630328931841     
   6.72580096314276        28.1423208031625       5.066395171051775E-002
  0.560402152983377       0.257394705534324       0.193746518681078     
  0.171084463457693       0.181974976776104       0.684568929720195     
  0.539210554768616     
         175          15  0.797382512459962        494.917332418649     
   2.52561301743723       0.614564152920614       0.120394131065989     
   9.50153602656651        31.0215815542367       4.500351001670775E-002
  0.627807868460725       0.212364306885029       0.183522317881516     
  0.217901899969483       0.187028752754364       0.711434080027747     
  0.546695022154195     
         176          15  0.733260739513752        573.609745973803     
   2.03531153959150       0.566237351211376       0.105871023237107     
   9.88211113977534        23.9094382867951       4.823053935946723E-002
  0.573657864042998       0.225366395003668       0.209840675257640     
  0.187972966927961       0.205106101007980       0.527585415754565     
   1.15836981707895     
         177          15  0.776590198995550        529.080165000793     
   2.25178267035198       0.424412549638739       9.620984624505767E-002
   9.03843024195952        25.5132818659169       4.845979069801489E-002
  0.486658476385499       0.211701678192931       0.208888843827106     
  0.194768581008386       0.189209012586530       0.567947150610684     
  0.288022899716622     
         178          15  0.803994745814222        428.458080037160     
   2.45496288137955       0.491779088605589       0.101282501334286     
   7.01004663616878        31.8538136742158       5.229801593703015E-002
  0.528746134057125       0.234491155051346       0.184381648862590     
  0.179760067043976       0.215734629878505       0.537153624342537     
  0.157867846765628     
         179          15  0.755872857207353        471.747792729715     
   2.57810101912186       0.443530720285884       0.116520492611854     
   8.47873591037106        32.0320649239463       4.085566682020594E-002
  0.491606336575321       0.237516661956002       0.221678497971764     
  0.200609429186722       0.190391412464555       0.635251993037139     
   1.38271564294124     
         180          15  0.721369478174743        492.163824988705     
   2.41521414313539       0.453521473800522       9.921666397228041E-002
   8.10046956541788        28.8139973028553       5.331248863088661E-002
  0.602954660668429       0.245955759161962       0.162569385677511     
  0.200006004155034       0.190577011865868       0.680415960373759     
  0.214040939290544     
         181          15  0.783830088008198        496.672966179248     
   2.42907555167925       0.479443714765938       0.109383637728343     
   7.62610859009535        27.1633675597994       4.542499425892123E-002
  0.403880036666828       0.236740092675623       0.165943649754940     
  0.214850779608913       0.213970510913534       0.582148050762705     
  0.167300285458810     
         182          15  0.737898289236437        525.193285311184     
   2.43783212139979       0.505730947607415       0.104589134795607     
   9.38379740544843        27.6534722169907       4.841214877294434E-002
  0.500773361862442       0.255194899985843       0.230024788213336     
  0.213111190076924       0.200032295704154       0.572681377721542     
   1.24790544559997     
         183          15  0.746380064657517        479.255317725404     
   2.18731854517046       0.534287559813179       9.646236409174050E-002
   9.14678773966995        26.7985647944543       4.574634418738856E-002
  0.536658427988062       0.246278496776405       0.228192223352288     
  0.210680300176600       0.231719062144262       0.620972164668722     
  0.236393728148008     
         184          15  0.844692295632254        624.052453968209     
   1.99470006972304       0.477011608191588       0.103503887381159     
   7.80882772884419        30.8249431677570       4.688795114274800E-002
  0.541158078837819       0.199980299833609       0.213473234537852     
  0.221333970097305       0.182534107608440       0.645218286393588     
  8.575388541293893E-002
         185          15  0.772556062458150        425.855968890431     
   2.00640466173614       0.523023279744087       9.728651351254200E-002
   8.13238183586933        29.0674435362183       5.076583133958437E-002
  0.532573973111462       0.200620083093885       0.219425814441443     
  0.180852999016124       0.221113037561696       0.597522675215039     
   1.05621468874562     
         186          15  0.679670746053086        404.519640498319     
   1.96318656626385       0.617317219166687       0.114944407890749     
   8.66490966452307        27.3790889065459       5.387997857224063E-002
  0.453735941399425       0.199797642626953       0.189271265620677     
  0.196071351424740       0.199150301634334       0.581190081093641     
  0.827325248153772     
         187          15  0.730640552771851        514.720547312272     
   2.03141934505273       0.413461424042378       9.162558903757637E-002
   9.29902984317488        32.4526529870603       5.293017595984151E-002
  0.471488573088911       0.214341928369809       0.193877419407490     
  0.189085049466055       0.190154825660975       0.539707920106015     
  0.622214861212794     
         188          15  0.763349711938540        640.380426016679     
   2.34998478383093       0.496085671436394       8.827432913462016E-002
   8.28045122986292        27.7438139090549       4.518905405683681E-002
  0.625712748070742       0.203168966468159       0.185011417366134     
  0.219849745402701       0.187311547434862       0.604428164789977     
  0.817944977151382     
         189          15  0.785093009193427        518.034146838832     
   2.48977024852943       0.561011563241122       8.602632919059618E-002
   7.60919749346060        30.7779420972673       5.287856758994482E-002
  0.544455277940933       0.186049290227867       0.196612965899908     
  0.203880155383866       0.191822218410158       0.556564000933181     
  0.319249290973850     
         190          15  0.789359994954453        559.624599125192     
   2.38199055427213       0.523610207197175       0.107491830341125     
   7.58508398538834        31.4817773957620       4.832501783342071E-002
  0.480550858079599       0.220665109128737       0.229030974257084     
  0.192801651744977       0.242158644592303       0.613997753795406     
   1.37281654857486     
         191          15  0.767024014788295        498.161074091507     
   2.29772994540412       0.453414336417175       0.104956461015309     
   9.11302539216075        29.0972935724374       4.594747681531675E-002
  0.508584499432987       0.210952595478712       0.232532787971641     
  0.204616575826095       0.201528071102823       0.606401197328446     
  0.680581706330360     
         192          15  0.813753564789651        591.323041566557     
   2.10062705442682       0.513546464701765       0.111299954233210     
   9.84350400508101        30.2828088525964       4.812947443031419E-002
  0.504094566532751       0.217041126473349       0.200901775409460     
  0.198452884558736       0.203955698808813       0.532514933506377     
  0.966466910838963     
         193          15  0.736589400796752        587.664130447359     
   2.44899982733194       0.478613176295567       9.442644152932830E-002
   9.59080186175787        24.2639836343717       4.226106501547464E-002
  0.600977450596926       0.223604816341678       0.197606710466103     
  0.194589324958962       0.215469399485995       0.562619054211362     
   1.57302812713373     
         194          15  0.748981076083080        542.155780057544     
   2.18454308339596       0.586872907933310       0.123561707839825     
   7.53810004332200        29.1947522585006       5.277224715845876E-002
  0.543143246606562       0.207014373003747       0.196217553838187     
  0.182292922850060       0.217120150143664       0.616837164016954     
  0.673396936985957     
         195          15  0.738353037005574        467.166550549513     
   2.60544305593494       0.492680288296484       0.100449005419702     
   9.16688150680738        23.5017467582227       4.145865297836144E-002
  0.535518156598463       0.225865707475540       0.213397453263943     
  0.158037231283821       0.170066700919853       0.643741945235486     
  0.594700407245475     
         196          15  0.665983828822299        450.348338983014     
   2.34466768891327       0.565272296694636       0.106443734895725     
   9.93329267598966        30.6082564908367       4.640726969020675E-002
  0.479122887275689       0.252975073558883       0.236332607052124     
  0.186740255472036       0.204983033916971       0.632206148383352     
  0.557447736854247     
         197          15  0.793516735091122        491.407063723281     
   2.50669324219891       0.546495640694574       0.119584425495481     
   8.50189302801085        34.6692129385385       4.202642633199572E-002
  0.533007935223671       0.205474555691143       0.185485272238406     
  0.179241303673294       0.197952296266897       0.624240438073128     
  0.856533462377367     
         198          15  0.819671489998825        459.849252488299     
   2.19419250013486       0.440912968287525       9.953946082475522E-002
   9.70055702249645        29.9327754587095       4.607410756405855E-002
  0.474817344131294       0.218789496194760       0.204046632545542     
  0.224217839660705       0.207416132569012       0.630942784362930     
  0.404847204991523     
         199          15  0.717003477875860        472.481700818499     
   2.32209338781301       0.479703958317100       9.805591390794940E-002
   8.56186038896528        26.5012649186151       4.533388431097986E-002
  0.524923048920197       0.216846714845250       0.202879067777943     
  0.229792233159158       0.220738818489491       0.601586818371240     
  0.915291928109379     
         200          15  0.711697671021451        554.582763721199     
   2.30343025333041       0.517319789789333       0.106164170237954     
   8.80221618800959        32.5292305141948       4.956106955453193E-002
  0.470887468764896       0.222803094508137       0.184903654385883     
  0.195947365698678       0.178878480615469       0.558485005627796     
  0.859821930490840     
         201          15  0.741737699113471        476.735769353294     
   2.39212443537294       0.462245700716420       9.023612788374524E-002
   8.29111392395436        27.8859924255194       5.265402095845265E-002
  0.499137465629459       0.230496278341691       0.225702997862546     
  0.209374269461465       0.173903156541760       0.514840591687708     
  0.789300982664889     
         202          15  0.735033731086362        504.640701219761     
   2.25385270089584       0.428489261176895       0.110381520497582     
   9.62524220874666        31.7096694805081       4.947878447874403E-002
  0.544882305737393       0.195646175607967       0.178184802455597     
  0.153439949004168       0.206531720071498       0.524033914459217     
  1.939716753338760E-002
         203          15  0.732049990666196        561.817123409369     
   2.26701258809892       0.390145140623919       0.112515484331500     
   7.75478660228165        28.9396925792825       5.471085369903977E-002
  0.576066686152699       0.241244765642939       0.221867215865999     
  0.196258159065723       0.200786957224985       0.602662888315752     
  0.342299735523406     
         204          15  0.767768875342028        548.221758426269     
   2.22871524036513       0.482675275039195       0.106252406632325     
   8.16701756032085        35.2942320342111       4.580583124160801E-002
  0.514259730586223       0.220896299082255       0.214891102324976     
  0.170202293197866       0.176247201767590       0.490210064246659     
  0.619766207863094     
         205          15  0.748594137088724        534.207496505369     
   2.14153319212726       0.520990717096754       9.821559242868187E-002
   8.62530810348784        28.5226458737026       4.066788240519212E-002
  0.517976870752320       0.215733914690943       0.183510255458655     
  0.223735392012036       0.224555635794887       0.612636309423127     
  0.359501145897570     
         206          15  0.692396244672393        465.002195656137     
   1.98567278378502       0.524904068547203       0.107312097305846     
   6.98886046942010        28.6090714346311       4.473487033911764E-002
  0.509938973371808       0.184500156452453       0.217408697964086     
  0.181210657573751       0.181141461943234       0.596140818302131     
   1.24466179704604     
         207          15  0.769103161507571        510.637525232816     
   1.99068247730497       0.515265044839631       9.737374395300143E-002
   9.02528964383620        26.6176894789913       4.696436021042719E-002
  0.475780853484418       0.231633164895942       0.181889343605555     
  0.222399182155308       0.226950996731479       0.495819162045378     
  0.155085512992723     
         208          15  0.668914068507583        485.639574659892     
   2.16474518238160       0.546857122624595       0.114286953662086     
   9.27522167304154        30.7247394062712       4.339779968762186E-002
  0.593038444278193       0.241779230335631       0.204513261243134     
  0.187227427437282       0.185868874065637       0.521779325628012     
  0.778847031827454     
         209          15  0.783140616858111        501.586771431871     
   2.24473054590561       0.472729048505088       9.383806434342347E-002
   10.5584750039909        27.4508249701721       5.000416216250445E-002
  0.512067169291460       0.228439785865925       0.210754746036757     
  0.182967403769576       0.217679463585956       0.614931758931542     
   1.29315687524594     
         210          15  0.805673968640623        450.998799477650     
   2.33353943481071       0.502054927629084       9.064313983835599E-002
   8.81938193595083        29.5205564993227       4.461659447896788E-002
  0.562715841877616       0.243540222664978       0.172404167138327     
  0.204671717321770       0.146993020843581       0.588978513793988     
  0.601252359444773     
         211          15  0.706678774021884        518.596072997763     
   2.39710117873224       0.510445029226282       0.121473968965335     
   8.39574411498745        24.1701881108999       5.427360303117700E-002
  0.594377393478363       0.198284306735733       0.188492587662755     
  0.214488579151920       0.203755414874320       0.517664435028089     
  0.255586017285861     
         212          15  0.723952348189828        516.890585669980     
   2.09636812329413       0.438522855706533       0.108448764588542     
   9.30542203757386        29.5637957491633       4.649330590985631E-002
  0.499807699359535       0.189220074707433       0.173142255087878     
  0.199315411177285       0.186151105053553       0.600809321350814     
  0.653660076833075     
         213          15  0.789186667947969        503.576954049786     
   2.31886725575140       0.598203033146836       9.483303755251170E-002
   8.68217314883779        33.7486400982745       4.779971171031785E-002
  0.560936274616358       0.213858304208609       0.175190621287592     
  0.187347267767674       0.207836943714496       0.661376907958746     
  0.734031034095829     
         214          15  0.776307776768144        545.853547609778     
   2.60031628711934       0.490547325762572       0.106636661950812     
   8.22571698625719        31.5062008978722       3.721998547820279E-002
  0.575737754261055       0.211513218716385       0.218016880536195     
  0.204998911698916       0.216747570180531       0.615232790096466     
  0.839788258486943     
         215          15  0.775297391957717        597.451684999112     
   2.48570214443595       0.495633724946773       9.325047775787777E-002
   8.77244461560700        31.9045701892658       4.310956039004853E-002
  0.428176225641340       0.230141387804605       0.240948725447826     
  0.211747594682109       0.187804941180674       0.596336754296988     
  0.750053887412324     
         216          15  0.782017453063928        497.077054662940     
   2.34178288563671       0.489147444401742       9.612304054153982E-002
   7.29565752088388        34.9619819781879       5.247583219125173E-002
  0.558896779348947       0.223762608913112       0.192296511505144     
  0.220892127842557       0.192724011983839       0.608349176709098     
   1.32498345453403     
         217          15  0.726534574785570        420.956233228633     
   2.33160725428710       0.519897118709245       0.115350009615407     
   7.95706585377640        30.4308838332719       4.837905268541463E-002
  0.477265349273384       0.224597095929278       0.216397350191917     
  0.206711290554177       0.204150959827035       0.574944678328897     
  0.480246333378837     
         218          15  0.766628354010634        505.906435627602     
   2.34908404060363       0.423490724659255       9.327912990061191E-002
   7.98416838830846        25.8757782661661       4.824971348016600E-002
  0.579203545086548       0.214203474867837       0.221299841757312     
  0.206427563976463       0.214314952541996       0.611253793291004     
  6.479823842794807E-002
         219          15  0.779006936505773        435.797063558131     
   2.27508365955087       0.488577594290919       0.101410384627317     
   7.72073467380576        26.2362154779885       5.028926222832610E-002
  0.483570617284974       0.231816238638237       0.167127672417892     
  0.175351422012756       0.200533973079456       0.545912821713782     
  0.943367231465676     
         220          15  0.771357896152689        482.969473777492     
   2.46873643046171       0.474363490688036       0.117749910583034     
   7.77741868059963        22.1917475420871       4.682298355246171E-002
  0.525938110849878       0.258787383267271       0.169406170561521     
  0.213210365861058       0.199199717722043       0.617936380729581     
  0.297295509328930     
         221          15  0.761950956681209        543.646939942072     
   2.22539943098733       0.548307708866453       0.104690070006861     
   7.37662195919794        33.5064824395820       4.548260374236909E-002
  0.392569087178851       0.233243411520750       0.188786508750465     
  0.192995564792658       0.202107895417669       0.676905669807496     
  0.454911123678844     
         222          15  0.786344214942993        493.564444033829     
   2.41161707615951       0.469187929305550       0.111523661992840     
   8.14271836784424        28.3542048719961       5.017884545760923E-002
  0.512640686251057       0.221394916701570       0.180373675423247     
  0.190921232071438       0.170380583802728       0.610077606863413     
  0.332005646690979     
         223          15  0.726332195919754        452.252680989925     
   2.08295070761567       0.540321503157600       9.297349968871915E-002
   8.23428663277138        32.7439318394803       4.141238560548350E-002
  0.451679247859781       0.197333638539460       0.174316127702948     
  0.218882388284889       0.204237110157558       0.603523978615341     
  0.803282350454629     
         224          15  0.778290232895459        490.327012068687     
   2.59427500486169       0.508392105466099       8.773771215185201E-002
   8.19028558015725        28.8962997537870       4.505773861741173E-002
  0.462638529802014       0.224965363449676       0.220650100813072     
  0.202959659064187       0.206758398844168       0.664658450951019     
  0.521902612777896     
         225          15  0.719785411409139        484.993668712648     
   2.30574237720088       0.499116331241464       0.112579197573888     
   8.75736088908198        29.5933262880637       5.680392492186877E-002
  0.518560922864988       0.204297629375649       0.210012764179415     
  0.218947801987246       0.199875741776535       0.690617157761106     
  0.517831283941074     
         226          15  0.842755902694868        482.098272561468     
   2.45418922686248       0.364650752039411       8.046851811911690E-002
   9.00467471999456        28.1026582711064       4.930843574607852E-002
  0.468001876729485       0.228557478990490       0.191765272043187     
  0.188205270170090       0.196728395385341       0.597447477142399     
  0.599497639011996     
         227          15  0.818371942174917        525.980711130960     
   2.16927828119622       0.488201393400560       0.110989284865438     
   7.26278363912262        23.4444996782083       4.982708207204578E-002
  0.574528667879327       0.270516134076986       0.227835625860194     
  0.178303137681831       0.183682466797146       0.654320040615305     
   1.12674319199435     
         228          15  0.762724257002198        602.699558872828     
   2.32031478817871       0.526724476941567       0.108729766883211     
   8.48861382527431        31.1779814822377       4.445407486763672E-002
  0.519590114818211       0.224662307570802       0.171650888488132     
  0.212847533078323       0.183355848594101       0.671683980594083     
   1.59343315890697     
         229          15  0.734411758971756        481.496186295972     
   2.20334794933792       0.501535322874065       9.400459842279726E-002
   9.17900992631446        24.6153751688776       4.714643335074769E-002
  0.557800767565271       0.233849628353243       0.211835085844810     
  0.201479556626440       0.221819980566501       0.729255129484938     
  0.712883780931455     
         230          15  0.698267391734370        541.539353458736     
   2.42173841440033       0.508197292752941       9.903922360823415E-002
   8.72050300571145        28.7746228103104       4.884328010238775E-002
  0.548875353082617       0.273680338512713       0.226924245418685     
  0.232080123916489       0.201007607418303       0.509006268852805     
  0.418343281446349     
         231          15  0.743977521000380        494.334451177465     
   2.53537575136106       0.594247500558207       0.108343193509794     
   8.54830073898043        28.2904080998214       4.959073427896890E-002
  0.484263525636937       0.216046384061725       0.222392757483111     
  0.201926475296696       0.214553470266863       0.603892689181315     
  0.656690920828899     
         232          15  0.736899383076375        457.671662687953     
   2.15290167219905       0.493668522713430       0.100027002615523     
   10.3088393887819        25.7452469789916       5.042058420332739E-002
  0.504759945233868       0.206802239401444       0.200158341883027     
  0.180495410563494       0.206829945222452       0.647143000989063     
  0.210808914229233     
         233          15  0.753479958345485        502.648894591715     
   2.42607421597265       0.537765344525099       9.982034954653253E-002
   7.73471933400039        29.8092100054529       4.747627741541804E-002
  0.685134810065394       0.216376478685802       0.158941160867242     
  0.194416928726920       0.224871058025255       0.498442644855488     
  0.581213445656491     
         234          15  0.714624032585364        499.390846297513     
   2.61960521492682       0.538837933262716       0.104099467784956     
   9.47515624085593        29.6492728309068       3.782703011354439E-002
  0.506442005176684       0.229004009349835       0.203950525716849     
  0.217249039188235       0.241609067911028       0.544192584986526     
  0.630894183464675     
         235          15  0.754867994525068        555.818058471125     
   2.60983513013403       0.590248424438159       0.114027642375321     
   8.24551870290332        28.0262423433146       5.366826571333390E-002
  0.584646746073097       0.219387340420094       0.195292352732544     
  0.186885294672457       0.212064225726186       0.589842656018111     
  0.115610614146562     
         236          15  0.690383099185989        465.315307633647     
   2.04846942687042       0.454276939038571       0.107161377588579     
   8.27249069963097        29.9548281354449       3.925190767808285E-002
  0.611226982962475       0.247272076656222       0.237182251281697     
  0.238520192800473       0.192174785765612       0.611753204338959     
  0.893430901272815     
         237          15  0.747661059332098        512.004567460292     
   2.02601185968735       0.544354135843388       0.111725796883919     
   7.92841608025994        32.6373126385216       4.386806656000185E-002
  0.497909462974152       0.244050988982174       0.219269632369593     
  0.207501436709256       0.201100997507788       0.613244855112117     
  0.628070780095852     
         238          15  0.801665025351964        422.973053816173     
   2.32711374310317       0.493959824479252       0.109490777471954     
   7.63772224596624        28.8694892248647       5.085278917932344E-002
  0.613754125226298       0.244433867163263       0.216571088607247     
  0.227781984773897       0.232089391721256       0.640757643480586     
   1.10808210476824     
         239          15  0.751035265409029        433.530980937389     
   2.10983719761659       0.446132618420615       0.119321018470677     
   7.86205478706480        25.3542634362041       4.409409760445959E-002
  0.525532247001069       0.165796131155467       0.187069809150494     
  0.209214911229803       0.179402836001350       0.563573665754958     
  0.335351442429301     
         240          15  0.787437554449525        504.724997441101     
   2.09980611973437       0.500894046281978       9.700590916248614E-002
   9.35906007052380        33.9973827017201       4.707351874324192E-002
  0.620170980296517       0.238857338451519       0.212699434426841     
  0.191505604090168       0.199410801221404       0.659221655935994     
  0.199690524201913     
