1.7853912E+10
9.5600174E+09
5.3724196E+09
3.0347746E+09
1.7843100E+09
1.0795036E+09
6.1040431E+08
3.7853022E+08
2.4201985E+08
1.5530539E+08
1.0005893E+08
6.7576232E+07
5.0419028E+07
3.3072314E+07
2.6752643E+07
1.7836638E+07
1.3601729E+07
1.0173294E+07
7.2245501E+06
5.1638025E+06
6.0287837E+08
3.7808325E+08
2.4225950E+08
1.3403258E+08
8.8610995E+07
4.6298259E+07
2.8136355E+07
1.8051917E+07
1.1792041E+07
8.2249650E+06
5.6579572E+06
5.2759382E+06
3.2882756E+06
2.1078046E+06
1.8609292E+06
1.1455115E+06
1.1619837E+06
7.4530831E+05
5.2449222E+05
4.3034266E+05
2.7555096E+04
2.4684450E+04
2.4604226E+04
2.2120016E+04
1.9054885E+04
1.7397038E+04
1.4698488E+04
1.1725206E+04
1.0574558E+04
7.8275103E+03
6.1334941E+03
4.8708831E+03
3.8185115E+03
2.8965184E+03
2.3124702E+03
1.8354237E+03
1.3817763E+03
1.0493216E+03
7.5494096E+02
6.4029770E+02
2.2409839E+03
1.6517748E+03
1.6967951E+03
1.4162936E+03
9.8488320E+02
1.1200712E+03
7.4802716E+02
6.6577864E+02
5.4655504E+02
3.1548561E+02
2.7703084E+02
2.2605620E+02
1.7113576E+02
1.3982646E+02
1.2143578E+02
1.3200446E+02
9.6841010E+01
9.4096909E+01
6.3030935E+01
5.1175771E+01
