 *******************************************************************************
 *                                                                             *
 *                                 SCALE 6.2.3                                 *
 *                                -------------                                *
 *                                  May 2019                                   *
 *                                                                             *
 *           SCALE:  A Comprehensive Modeling and Simulation Suite             *
 *                   for Nuclear Safety Analysis and Design                    *
 *                                                                             *
 *                      Reactor and Nuclear Systems Division                   *
 *                        Oak Ridge National Laboratory                        *
 *                                                                             *
 *                           http://scale.ornl.gov                             *
 *                            scalehelp@ornl.gov                               *
 *                                                                             *
 *******************************************************************************
 *******************************************************************************
      
                  Job Information
                  ---------------
      Job started on RAVWYMPRES04098 on Thu 09/05/2019 21:53:01
      Working directory: C:\Users\AXP13\AppData\Local\Temp\2\scale.AXP13.4420
      Input file name  : C:\Users\AXP13\Desktop\npCEmeshTallyV7.1ClaiborneTrubeySSlinerOolite7.75RPV\dakota\radialProfile\lhs\workdir.1\mtPullN.inp
      Output file name : C:\Users\AXP13\Desktop\npCEmeshTallyV7.1ClaiborneTrubeySSlinerOolite7.75RPV\dakota\radialProfile\lhs\workdir.1\mtPullN.out
      SCALE executable : Z:\SCALE\WIN-SCALE-6.2.3/bin/scale
      
 *******************************************************************************


    module shell will be called on Thu May 09 21:53:04 2019.
    sequence specification record:=shell
Input Data:

      copy %RTNDIR%\hb2.mt1.3dmap %TMPDIR%\hb2.mt1.3dmap
end

        1 file(s) copied.
module shell is finished. completion code 0


    module mtpull will be called on Thu May 09 21:53:05 2019.
    sequence specification record:=mtPull
Input Data:

      "hb2.mt1.3dmap"
      0
      20
      1 1 1
      2 1 1
      3 1 1
      4 1 1
      5 1 1
      6 1 1
      7 1 1
      8 1 1
      9 1 1
      10 1 1
      11 1 1
      12 1 1
      13 1 1
      14 1 1
      15 1 1
      16 1 1 
      17 1 1 
      18 1 1 
      19 1 1
      20 1 1
      "radialMaxN.dat"
end

1






        ************************************************************************************************************************
        ************************************************************************************************************************
        ************************************************************************************************************************
        *****                                                                                                              *****
        *****                                       program verification information                                       *****
        *****                                                                                                              *****
        *****                                   code system:  SCALE    version:  6.2                                       *****
        *****                                                                                                              *****
        ************************************************************************************************************************
        ************************************************************************************************************************
        *****                                                                                                              *****
        *****                                                                                                              *****
        *****              program:  mtpull.exe                                                                            *****
        *****                                                                                                              *****
        *****        creation date:   unknown                                                                              *****
        *****                                                                                                              *****
        *****              library:  Z:\SCALE\WIN-SCALE-6.2.3\bin                                                          *****
        *****                                                                                                              *****
        *****                                                                                                              *****
        *****            prod code:  mtpull.exe                                                                            *****
        *****                                                                                                              *****
        *****              version:  6.2.3                                                                                 *****
        *****                                                                                                              *****
        *****              jobname:  AXP13                                                                                 *****
        *****                                                                                                              *****
        *****         machine name:  RAVWYMPRES04098                                                                       *****
        *****                                                                                                              *****
        *****    date of execution:  09_may_2019                                                                           *****
        *****                                                                                                              *****
        *****    time of execution:  21:53:06.20                                                                           *****
        *****                                                                                                              *****
        *****                                                                                                              *****
        ************************************************************************************************************************
        ************************************************************************************************************************
        ************************************************************************************************************************



 mtPull - pulling values from: hb2.mt1.3dmap
          and saving them to:  radialMaxN.dat



    Values by voxel
    ----------------------------------------------------------------------
          1      1      1      2.2785000E+02  1.3089969E-01 -9.1440000E+00
          2      1      1      2.3155000E+02  1.3089969E-01 -9.1440000E+00
          3      1      1      2.3525000E+02  1.3089969E-01 -9.1440000E+00
          4      1      1      2.3895000E+02  1.3089969E-01 -9.1440000E+00
          5      1      1      2.4265000E+02  1.3089969E-01 -9.1440000E+00
          6      1      1      2.4635000E+02  1.3089969E-01 -9.1440000E+00
          7      1      1      2.5005000E+02  1.3089969E-01 -9.1440000E+00
          8      1      1      2.5375000E+02  1.3089969E-01 -9.1440000E+00
          9      1      1      2.5745000E+02  1.3089969E-01 -9.1440000E+00
         10      1      1      2.6115000E+02  1.3089969E-01 -9.1440000E+00
         11      1      1      2.6485000E+02  1.3089969E-01 -9.1440000E+00
         12      1      1      2.6855000E+02  1.3089969E-01 -9.1440000E+00
         13      1      1      2.7225000E+02  1.3089969E-01 -9.1440000E+00
         14      1      1      2.7595000E+02  1.3089969E-01 -9.1440000E+00
         15      1      1      2.7965000E+02  1.3089969E-01 -9.1440000E+00
         16      1      1      2.8335000E+02  1.3089969E-01 -9.1440000E+00
         17      1      1      2.8705000E+02  1.3089969E-01 -9.1440000E+00
         18      1      1      2.9075000E+02  1.3089969E-01 -9.1440000E+00
         19      1      1      2.9445000E+02  1.3089969E-01 -9.1440000E+00
         20      1      1      2.9815000E+02  1.3089969E-01 -9.1440000E+00

    module mtpull used 0.47435 seconds cpu time for the current pass.

    module mtpull is finished. completion code    0. total cpu time used 7.3728e-006 seconds.



    module shell will be called on Thu May 09 21:53:06 2019.
    sequence specification record:=shell
Input Data:

      copy %TMPDIR%\radialMaxN.dat %RTNDIR%\radialMaxN.dat
end

        1 file(s) copied.
module shell is finished. completion code 0

    SCALE is finished on Thu May 09 21:53:06 2019.
-------------------------- Summary --------------------------
shell finished. used 1.75452 seconds.
mtpull finished. used 0.475684 seconds.
shell finished. used 0.0637801 seconds.
SCALE driver required a maximum of 8.977 MiB of RAM.
------------------------ End Summary ------------------------

