 $ LHS File Format Version 1.00 
$
$ This LHS run was executed on  5/22/19 at 11:56:39.14
$ with LHS Version: 2.30 Release 1, Compiled May 31, 2001        
$ The run title was:
$ Pecos::LHSDriver
$
$ Message output file for this run: LHS_distributions.out
$
$ Input file(s) for this run: 
$
$ Point Values for the distributions follow:
$
$ All point values represent mean values that
$ were calculated from the actual LHS sample.
$
    Normal1               7.6599053E-01
    Normal2               2.2799082E+00
    Normal3               6.9291085E-01
$
@UNCERTAINTY
  @OBSERVATIONS    240
  @VARIABLES      3
    Normal1:           
    Normal2:           
    Normal3:           
@SAMPLEDATA
           1           3  0.795639092140566        2.52759430361672     
  0.349528148264469     
           2           3  0.738521320776450        2.50002203183899     
  0.161296269691926     
           3           3  0.686532709227039        2.48401949968147     
  0.335247138081187     
           4           3  0.789652588150403        2.37914248568874     
   1.20122888568108     
           5           3  0.817824887213293        2.59351366880315     
   1.27563479191387     
           6           3  0.770128237967601        2.44252728839011     
  0.492581765773194     
           7           3  0.784021048362844        2.45965213238987     
   1.18812596484784     
           8           3  0.701523974754225        2.33343649758819     
   1.06990107505506     
           9           3  0.794017650175810        2.13160229521677     
  0.389679693727320     
          10           3  0.814475619165497        2.22133306516036     
  0.768204293327330     
          11           3  0.734941482620513        2.54364105214127     
  0.211442098887956     
          12           3  0.732079924690100        2.26036213431649     
  0.581484085622060     
          13           3  0.827018232227191        2.16786983548020     
  0.724215766918384     
          14           3  0.758523032786018        2.43740442210520     
  0.786467184971640     
          15           3  0.706833273687980        2.25448567944267     
  0.644977152512765     
          16           3  0.739025786768097        2.34281327517175     
  0.178868016132877     
          17           3  0.785846266756940        2.22324785195122     
  0.664303682935183     
          18           3  0.710614454814022        2.33692479951998     
   1.40405358177003     
          19           3  0.769889352930853        2.02026832997434     
  0.807528350473194     
          20           3  0.678575810184101        2.23836185736599     
  0.982784091286619     
          21           3  0.752416378440023        2.47615202216694     
  0.338660910291214     
          22           3  0.735301403543657        2.40327191198006     
  0.685271254451807     
          23           3  0.811434082565619        2.29727594870985     
   1.37864168922441     
          24           3  0.699771358696214        2.14908258168645     
   1.03547730688075     
          25           3  0.844990858885035        2.56720273120936     
   1.30588475558170     
          26           3  0.771500555658720        2.44734717377796     
  0.592389861687476     
          27           3  0.747914123574562        2.17835782539624     
  0.817278616662099     
          28           3  0.768398670391458        2.42613639802278     
  0.606856706208358     
          29           3  0.775678423257478        2.30537281448137     
  0.424463013610617     
          30           3  0.787451927566864        2.47919126204579     
   1.01557969587723     
          31           3  0.671525911608905        1.96173085975579     
  0.789874997349850     
          32           3  0.730953409066411        2.24156708066441     
  0.735768056881693     
          33           3  0.799746360644700        1.97925789437166     
   1.04557448875970     
          34           3  0.849032843968087        2.40923478189388     
  0.596043489966806     
          35           3  0.720757708630358        2.32178277303697     
   1.12545169103300     
          36           3  0.750530500766195        2.49265732178488     
  0.483110404728721     
          37           3  0.725986929912234        2.20363429056975     
  7.506026367814611E-002
          38           3  0.740110512227815        2.58209672096199     
   1.33660640061978     
          39           3  0.782140121333939        2.19402835641764     
   1.02397864571168     
          40           3  0.792419391453086        1.94794249709650     
  0.655242677569052     
          41           3  0.782519149508893        2.31786344347503     
  0.821981906186330     
          42           3  0.761283876072427        2.05082445886511     
  0.373708151515980     
          43           3  0.764662050884701        2.44010142466286     
   1.02997105052233     
          44           3  0.715391303338424        2.13370341459603     
  0.647186978756262     
          45           3  0.786642573678532        2.09734568140856     
  0.140318507266493     
          46           3  0.790232387714969        2.21927977766237     
  0.453300199259021     
          47           3  0.762743318866873        2.30325603666578     
  0.567232957026840     
          48           3  0.752629958577140        2.51244126205370     
   1.29202458985121     
          49           3  0.811829449253991        2.08100529099891     
  0.323787506710495     
          50           3  0.765219053899921        2.47376965220116     
  0.743527924302468     
          51           3  0.777622945317354        2.20577686556353     
  0.408545859346642     
          52           3  0.805424910068143        2.01290201606783     
  0.292011388903593     
          53           3  0.774653845587624        2.12577777738738     
  0.943205627573317     
          54           3  0.746400942526559        2.35441766231913     
  0.703977512726802     
          55           3  0.830001405219032        2.18607083212679     
  0.521412045559012     
          56           3  0.730596781069399        2.21270504521409     
  0.314836332746250     
          57           3  0.668161145693331        2.03970565522967     
  0.715911729458425     
          58           3  0.824784629743934        2.24276910561675     
  0.538759935248555     
          59           3  0.774353826835083        2.22480872429945     
   1.60609283187154     
          60           3  0.695930675682411        2.25735116751015     
  0.916071042678291     
          61           3  0.741553632250498        2.17659790760694     
  0.548115635122749     
          62           3  0.743581694528627        2.35961676589357     
  0.898316732743522     
          63           3  0.791525671619378        2.40670679407313     
   1.11320936295049     
          64           3  0.736556374751940        2.47106215714399     
  0.740350830780071     
          65           3  0.808237791075937        2.02666742272181     
  0.525076696236200     
          66           3  0.800078663541900        2.38973893146279     
  2.512085926726393E-002
          67           3  0.794939786773842        2.51569846173446     
  0.557861087973029     
          68           3  0.776606280588753        2.50888961703596     
  0.138382926196404     
          69           3  0.724676712993156        2.42842582210825     
  0.218652408632915     
          70           3  0.725170644847207        2.18903950883398     
  0.979822671218188     
          71           3  0.809255737008321        2.26827394449374     
  0.694303626518982     
          72           3  0.759153906607066        2.10742832357064     
  0.108878545471321     
          73           3  0.815203984762178        2.42535666880349     
   1.00187715298933     
          74           3  0.763253306530166        2.30750729057621     
   1.55513751673064     
          75           3  0.757785521695701        2.55596600294329     
  0.462735670261516     
          76           3  0.779379542595161        2.19192733882796     
  0.477384862510710     
          77           3  0.808933762996253        2.28832920762482     
  0.366035716416173     
          78           3  0.840467228960399        2.31426150717450     
  0.346326917658820     
          79           3  0.745222408013945        2.37228312563377     
   1.00801615671388     
          80           3  0.729290509608968        2.54234700274779     
  0.698456886865666     
          81           3  0.796770394361203        2.06383197588526     
   1.07679145488671     
          82           3  0.763726064971759        2.32737924675326     
  0.577221919001538     
          83           3  0.754425372067290        2.52443456172694     
  0.870559105101710     
          84           3  0.776389720148623        2.26199066379015     
  0.448206166704938     
          85           3  0.751691413985172        2.29914908731467     
  0.784601834025989     
          86           3  0.772310061596154        2.11936090146103     
  0.519380299404875     
          87           3  0.806800474305091        2.11865078935901     
  0.708405141994747     
          88           3  0.723040889405277        2.14285340668193     
  0.100830867573517     
          89           3  0.761725998686683        2.51858398448946     
   1.10701155217815     
          90           3  0.823873810312646        2.56130783539126     
  0.799229924982033     
          91           3  0.807503578887382        2.29274692262689     
   1.05973992582045     
          92           3  0.722511575001669        2.12779255377919     
   1.25064732593374     
          93           3  0.716560425407086        2.34244248789745     
   1.23421790857145     
          94           3  0.774960817189666        2.48827234868882     
  0.404874298828904     
          95           3  0.719095051675519        2.22730570288392     
  0.795830029312735     
          96           3  0.804550859495730        2.53759405393327     
  0.305702291823255     
          97           3  0.775327005377054        2.38592474897462     
  0.867227441117551     
          98           3  0.749823617745063        2.55104321818747     
  0.126354884876871     
          99           3  0.769512151258007        2.00877198161984     
  0.610911073229068     
         100           3  0.773196343816494        2.18246786994641     
  0.675246806266411     
         101           3  0.745774630693876        2.04571906229678     
  0.572067270619521     
         102           3  0.817368166710177        1.94169283179814     
  0.996145888406787     
         103           3  0.759397051547006        2.28798634138927     
   1.16796380277067     
         104           3  0.753914710362594        2.60994345717193     
  0.926155973999330     
         105           3  0.714900830394266        2.32926685206136     
  0.991245245318593     
         106           3  0.812489200698398        2.38796921990600     
   1.21252340735075     
         107           3  0.743081634748498        1.96808637876043     
  0.475461640795322     
         108           3  0.720093030607356        2.30239606578050     
  8.511922511559922E-002
         109           3  0.765888160372836        2.25219460071644     
   1.14331655812154     
         110           3  0.781577452807052        2.36811014739889     
  0.763704168574073     
         111           3  0.786359395227205        2.46628777443276     
   1.21610388275456     
         112           3  0.819649728565527        2.30963303205598     
   1.18256533117799     
         113           3  0.737610718099240        2.31967725054931     
  0.970154034157369     
         114           3  0.827102827836310        1.95902344837966     
  0.630725134420166     
         115           3  0.837019792308803        2.19854146233977     
  0.506563874448338     
         116           3  0.697226105034459        2.45103145295606     
  0.757978984403169     
         117           3  0.730068367020943        2.27957235844581     
  0.936807524075105     
         118           3  0.865503136365353        2.23954120684250     
  0.262307306393631     
         119           3  0.852720524341743        2.31637280754679     
   1.38436156963344     
         120           3  0.792857004526451        2.40043543382185     
  0.953107973967960     
         121           3  0.788959544627549        2.58545632395938     
  0.778051975858715     
         122           3  0.778600851720190        2.59985577222845     
  0.587629891879995     
         123           3  0.798636788570175        2.26760440458615     
  0.946707068970217     
         124           3  0.724197681367439        2.21323173279623     
  0.621526652418936     
         125           3  0.757180861803136        2.39743904445458     
  0.444417401464316     
         126           3  0.819811170960363        2.29568617960708     
  0.613587605587566     
         127           3  0.781753820161170        2.57112211797188     
   1.08262360973916     
         128           3  0.689644865616955        2.27294430542875     
  6.539808899575450E-002
         129           3  0.740821072676065        2.05635913302771     
  0.877681517852529     
         130           3  0.773767227678059        2.45224999304776     
  0.828097300692218     
         131           3  0.801117124855851        2.16179252340119     
  0.887078728719594     
         132           3  0.728952327075374        2.21066771913222     
  0.489557026544211     
         133           3  0.726633879748835        2.39439495866211     
  0.530701904040241     
         134           3  0.782931589103115        2.11213325415584     
  0.241263388185555     
         135           3  0.794361496454301        2.15787802832933     
  0.463766347321605     
         136           3  0.832253356990317        2.09243196510797     
  0.617203752889283     
         137           3  0.762156416756810        2.50570952418936     
  0.834218864023578     
         138           3  0.823141594990000        2.12202542924171     
   1.42255679929233     
         139           3  0.787276756985989        2.10258206155007     
   1.08722817470156     
         140           3  0.749176957835830        1.95349158057773     
  0.688390011979567     
         141           3  0.755211005821318        2.49460828988113     
  0.421089055885464     
         142           3  0.743736407195125        2.15914445869810     
  0.904188065353584     
         143           3  0.771069554647722        2.49835593690940     
  3.931176029252359E-002
         144           3  0.777774322558705        2.14561075000705     
  0.667017526845977     
         145           3  0.759681554657581        2.06251917736412     
  0.814275919811862     
         146           3  0.783602758367790        2.21729988707115     
  0.357584995784181     
         147           3  0.830278928581219        2.08556624348036     
  4.820363983395271E-002
         148           3  0.768013888712678        2.46433462012572     
  0.652526278406036     
         149           3  0.800635322124232        2.25075634525990     
  0.955420381751698     
         150           3  0.767099411946816        2.36904255661986     
  0.806624001457488     
         151           3  0.748573054158452        2.29053316567712     
  5.288647218745335E-003
         152           3  0.727934888169296        2.27728991097416     
  0.896742747516652     
         153           3  0.747137523278401        2.15351150966902     
  0.439147575076787     
         154           3  0.770519901500121        1.97693174786611     
  0.198674724684528     
         155           3  0.797342793820450        2.10329280841320     
  0.633248112716928     
         156           3  0.733828775942034        2.26984140255438     
  0.415628038826721     
         157           3  0.704403572396875        2.45536228084310     
  0.544728907458259     
         158           3  0.751788395395327        2.61888540925650     
  0.852423860214830     
         159           3  0.737876623725532        2.39252837494041     
  0.891039430483154     
         160           3  0.742314626876933        2.14179540319034     
  0.860357865898599     
         161           3  0.799208615426920        2.28432849490611     
  0.429060793522436     
         162           3  0.760466707996174        2.36007052721654     
  2.306349870767621E-002
         163           3  0.753468461474122        2.37407666499642     
  0.287225341608389     
         164           3  0.816460844710520        2.60515526671035     
  0.702001970884455     
         165           3  0.773271737052114        2.55046277853346     
  0.973492964487424     
         166           3  0.780681008376672        2.07042023100800     
  0.296548927430785     
         167           3  0.733033967231525        2.34794166904246     
  0.673000691314139     
         168           3  0.744650447152728        2.15044357734270     
  0.929347504419295     
         169           3  0.766159421487064        2.06733773873506     
  0.566313715074893     
         170           3  0.797686252731055        2.04301055681150     
   1.69705763561276     
         171           3  0.763177172261300        2.24688948780654     
  0.514980998366836     
         172           3  0.739280643363869        2.17516147912550     
  0.150000667908155     
         173           3  0.778305192747708        2.33013490637873     
  0.601036208696756     
         174           3  0.756260596268154        2.01463538156785     
  0.168889727475353     
         175           3  0.802259415161304        2.40575388208618     
  0.256895061257313     
         176           3  0.746456019678685        2.37587233334703     
  8.868199066445703E-002
         177           3  0.768826704728058        2.23635327257002     
  0.393821010724027     
         178           3  0.767668734436353        2.07718101348654     
  0.681610126173038     
         179           3  0.736865555603571        2.08533076558409     
   1.11732231257624     
         180           3  0.727571990419839        2.36338319442345     
  0.534931259591782     
         181           3  0.744517194608204        2.44397945214401     
  0.960427083636026     
         182           3  0.771732319654173        1.99386310260814     
   1.09473340129247     
         183           3  0.747593340014386        2.41580468744037     
  0.720490337460984     
         184           3  0.705379639845252        2.09707982037257     
  0.857327744043369     
         185           3  0.732207136687934        2.58791273575202     
  0.269454184194027     
         186           3  0.713079644216203        2.53470980153365     
  0.381658840249203     
         187           3  0.755884803422856        2.27572122128753     
  0.748864854084467     
         188           3  0.760871427952452        2.08842707177738     
  0.360420216219174     
         189           3  0.742141737630765        2.35027241483715     
  0.875483077134242     
         190           3  0.805697266949353        2.28050266059984     
  0.750503241642398     
         191           3  0.790417934084005        2.18031727319246     
  0.497734663676093     
         192           3  0.803777904209482        2.31118224961416     
  0.729076790683841     
         193           3  0.718303461670297        2.41814534962341     
   1.50965006556503     
         194           3  0.760262019625046        2.10885315942926     
   1.83857326035975     
         195           3  0.780933519211161        2.23254943318142     
  0.117267972636906     
         196           3  0.751024009754098        2.04957161555805     
  0.919026811407931     
         197           3  0.767427657886850        2.07474440256773     
   1.31969155732723     
         198           3  0.764337384419465        2.57731657583183     
  0.561774317634037     
         199           3  0.777140705630439        2.43185287938490     
  0.227907279227942     
         200           3  0.813439086686775        2.22869950001744     
   1.03901039463823     
         201           3  0.784677056496623        2.38284463654037     
  0.731696224160273     
         202           3  0.707848260542480        1.98518748500999     
  0.760277145577664     
         203           3  0.709540279936876        2.32557185295586     
   1.15873668652067     
         204           3  0.859437929808543        2.33469924507625     
  0.249408270899088     
         205           3  0.764803463354966        2.16411879993399     
   1.26142415904263     
         206           3  0.711368771540503        2.26382713241882     
  0.304420270680055     
         207           3  0.749088161496973        2.05737265120347     
  0.639013395416965     
         208           3  0.785255078702365        2.24509391644596     
  0.776095600210686     
         209           3  0.788531277817060        2.33883748264245     
   1.05155406363350     
         210           3  0.810581467572664        2.17219762143039     
  0.435581112205953     
         211           3  0.721831543303343        2.41073512606071     
   1.34885742006048     
         212           3  0.756577573376762        2.15493017836446     
  0.319520896561726     
         213           3  0.714111883957194        1.98765720139873     
  0.910616346653234     
         214           3  0.766716196543247        2.13475219908121     
  0.328756197524218     
         215           3  0.734011084886866        2.35568799317689     
  0.837142051585369     
         216           3  0.802408492389067        2.25526527741160     
  0.628187568562900     
         217           3  0.772629616879562        2.48287484369811     
   1.46120661231210     
         218           3  0.756773833965486        2.23050203313464     
  0.470860215939001     
         219           3  0.803073266325941        2.34673844624571     
  0.659220722525736     
         220           3  0.753271320856441        2.18790242328003     
  0.274436355025227     
         221           3  0.735934232261900        1.99622910448014     
  0.583592943485742     
         222           3  0.795953141665933        2.16908976752321     
  0.221340721579984     
         223           3  0.840102328294036        2.36554252886774     
  0.174082749706675     
         224           3  0.788040675414703        2.00155368666210     
   1.47776323691819     
         225           3  0.791977038821403        2.43372808035426     
  0.236235803153209     
         226           3  0.834090311126265        2.20797898846462     
   1.23791181633531     
         227           3  0.682132364353525        2.41312250730204     
  0.276522088018705     
         228           3  0.784522277724670        2.52160398304466     
  0.840557156529312     
         229           3  0.780073826508021        2.03027064182187     
   1.13389596758948     
         230           3  0.779487988054284        2.38105501609924     
  0.510564682411555     
         231           3  0.791251841892366        2.19700591387164     
  0.206194133170888     
         232           3  0.740510655874254        2.35315496020484     
  0.552639735697668     
         233           3  0.821607999268990        2.13897787282238     
  0.191490537518857     
         234           3  0.703296395994906        2.11419950943263     
  0.846284802880760     
         235           3  0.750396048327993        2.42114017221853     
  0.368798223363407     
         236           3  0.793662939065405        2.46275568193227     
  0.501874838713498     
         237           3  0.754698320716804        2.28287588080784     
  0.458148348904858     
         238           3  0.717872080894482        2.02255457136123     
   1.14925600519708     
         239           3  0.693257413947419        2.20131133849176     
  0.386650847244454     
         240           3  0.758095601717411        2.03436912906261     
  0.402160328330540     
