4.8777972515e+09
8.5236096034e+08
1.0236842933e+09
4.7873638908e+08
7.1194283804e+08
2.7484034947e+08
2.9859098177e+08
1.2848110334e+08
1.0942828313e+08
3.9504470524e+08
1.3306146964e+08
7.3105298341e+08
1.2198041410e+08
1.1743738961e+08
5.0620445932e+07
1.6323565619e+08
4.5650687285e+08
3.5553255250e+07
4.3747408066e+08
2.4432971878e+07
1.2223932991e+08
1.0163501874e+08
3.4373981258e+08
8.3235834666e+07
2.5125798805e+08
7.0883223297e+07
6.5509431065e+07
3.0943334722e+07
1.5965072437e+08
8.2656606872e+07
6.2513086004e+07
3.7383662160e+07
3.8973201543e+06
1.5405937283e+08
2.9663714543e+08
1.8051975736e+08
1.0418289166e+08
1.5175014731e+08
5.6650283070e+07
3.9643069584e+07
4.5966173142e+07
1.3291621135e+08
1.3636699055e+08
7.1286067643e+07
3.5826510103e+07
1.5625051604e+08
7.3054554868e+06
1.0385775450e+08
1.0702781368e+08
1.1071370025e+08
7.2834800230e+07
6.1527449624e+06
2.9071320678e+07
1.5465793191e+08
1.2577985026e+08
3.3955285916e+06
4.9590138459e+06
1.4481937573e+08
2.1952525245e+07
1.8386178210e+06
1.3660032686e+07
1.0393142432e+06
1.3284859497e+08
4.1807471738e+07
1.8296028432e+06
1.4241802669e+07
2.9292140753e+07
1.1288720234e+08
4.1055726133e+06
1.6863599716e+07
7.8620467831e+06
8.9976733892e+05
8.4097272799e+05
1.0514145347e+07
1.4229196696e+05
2.2451788906e+04
2.4853865238e+02
8.9192558553e+05
1.6297999252e+07
1.0997307769e+07
2.5840959281e+07
6.1650503120e+05
1.9739286829e+07
5.8316647005e+06
1.2406945659e+07
1.0849495399e+07
3.4978736746e+07
6.7418639302e+06
4.9707692287e+07
2.9254902440e+07
4.0039702797e+06
4.4224878714e+06
1.2348416478e+07
7.9771161949e+04
2.5378015503e+08
2.5480889345e+06
8.5579925079e+05
2.1870044669e+06
8.6553498950e+07
1.5597818734e+07
1.5977181532e+07
6.9155516883e+06
3.7235556659e+06
6.7012020505e+05
4.1033476360e+05
2.6830586313e+03
8.2086684063e+06
3.8864983949e+07
4.6812646753e+06
6.7609345223e+06
1.0308072681e+07
1.0873613183e+07
1.7790830406e+06
4.8234006600e+04
4.2034460606e+06
9.3440204854e+06
1.9840518054e+07
5.5499347590e+04
4.4957694109e+07
2.9626210622e+07
2.6855908028e+07
2.6462545110e+07
1.2110535420e+08
1.0861155633e+07
3.3103023386e+08
1.1265661059e+08
2.0392707358e+08
1.9443269492e+08
4.0625789787e+08
2.7891891749e+07
3.3343536832e+05
1.8820243728e+08
1.4582765463e+07
2.2764976294e+07
3.4132683858e+07
1.8237271266e+07
3.1951429088e+07
1.5422404907e+06
5.2677842998e+07
5.3527017047e+06
2.9765030613e+07
1.9730547342e+08
3.0333710609e+08
1.4588812563e+08
1.9461354923e+07
1.3469959182e+08
2.4118131898e+08
1.8246328002e+07
2.6477611939e+08
9.1993456429e+07
8.0937585316e+07
1.1173653029e+08
4.4049358799e+05
3.8306334876e+08
7.1275392155e+07
2.0602129736e+07
3.9270340776e+08
2.1215779089e+08
5.9962334436e+07
1.5655954109e+08
3.6328782479e+08
3.5921708544e+08
2.7540607248e+08
1.2673993286e+08
1.4708092087e+07
7.3650800405e+07
4.2135915585e+07
2.4014193551e+07
2.7825583662e+07
9.7099064268e+07
1.2607770734e+08
5.0336789981e+07
2.3426490125e+07
1.4345826169e+08
3.3553230696e+07
2.8851489903e+07
1.2706906278e+07
4.0253186413e+07
5.4751034124e+05
2.1833904077e+08
1.1986002390e+08
1.3554282432e+08
8.8948853424e+07
2.5880734159e+07
9.7633502917e+06
1.1660353541e+07
2.2542005420e+07
3.4913952723e+07
5.9225548934e+07
2.6041649128e+08
9.9274384137e+07
1.2778284725e+08
1.1862007127e+07
7.0867443634e+06
1.0521641387e+08
6.6252784589e+06
1.8916206389e+06
2.9334813966e+07
2.4846585385e+08
2.6282896784e+08
1.4373847850e+06
6.3175523850e+06
2.7666834216e+07
4.1940183861e+05
2.3126696351e+06
1.5992320185e+07
5.4622943840e+06
6.4277909268e+05
2.6795657313e+06
1.6754500213e+08
6.1816085907e+07
1.2587400690e+07
2.9382454224e+06
2.6302834259e+08
2.3500247656e+07
2.5073309198e+06
4.7590796710e+06
2.5725394666e+05
2.0845790512e+08
2.5229080465e+06
3.6189754748e+07
2.4562706889e+06
1.5063769530e+07
1.0553215815e+08
8.6245762594e+07
3.0152960431e+08
1.6796267007e+08
2.1785085851e+08
1.8303759266e+07
1.0265822778e+07
7.2685846348e+07
5.8302094937e+06
3.9427252462e+07
1.0585020944e+08
3.2843283473e+07
1.5161767696e+08
3.2784417348e+08
1.5713192306e+08
1.0349485568e+08
4.3930083870e+07
6.9521982280e+07
1.1100015793e+08
6.9449397226e+07
2.9102165804e+07
7.8513668618e+06
7.9871577411e+05
1.3448765652e+04
4.7840025575e+05
1.6862153484e+05
1.3095166122e+07
1.8847696221e+06
1.4324965637e+07
1.1082117629e+07
3.5834252913e+05
1.2413123806e+05
1.3156068377e+07
1.2622023810e+07
1.2466948696e+07
2.8159037000e+08
3.8003989510e+07
2.3394108993e+06
1.3710981843e+07
8.3968475143e+07
5.0783745254e+06
1.9653348107e+07
2.5968543897e+04
8.0012547272e+04
2.3421653472e+06
3.0639913309e+06
2.2019460740e+06
7.8127847073e+06
1.8547498949e+06
1.5005772061e+06
3.7224859311e+06
2.6179986782e+05
4.9994318617e+07
2.4606975918e+05
1.3204785961e+07
5.9755725198e+06
6.6394507090e+05
1.1730450840e+07
1.5411604363e+07
4.9570390882e+07
2.0394464238e+07
2.8088208551e+06
4.2333260949e+06
6.3368500761e+06
2.7499528265e+05
5.1461091176e+04
4.8626127219e+04
2.2464164295e+08
9.0617729283e+05
1.0099377217e+07
6.5609381823e+07
2.6748608129e+07
2.2376827041e+07
9.7054684944e+05
2.9032019705e+06
1.9836800806e+05
6.4002254508e+05
1.0161330360e+07
2.8652027513e+05
2.1507594722e+06
4.1356280092e+05
1.2649000241e+03
1.4802381138e+05
1.4051343753e+05
5.3020437991e+04
4.1372952884e+05
5.2465742127e+05
2.2782694081e+07
3.0282356066e+05
2.6315062051e+04
1.6005794188e+05
1.3351566702e+07
1.6628326103e+06
3.2837336649e+07
3.1748542471e+04
4.9428574433e+05
7.8842611666e+06
9.7089837453e+05
6.0878498493e+04
2.4017626090e+05
9.4065604810e+05
7.6457219926e+04
2.1509827861e+06
1.0692949179e+07
4.1367850609e+05
2.4834322791e+04
1.0178440009e+05
1.6388067218e+05
9.4423535686e+04
7.1167916633e+04
4.4239228168e+06
1.0053322237e+06
3.6593194569e+04
5.2079620396e+03
2.3637391582e+03
3.9185648058e+05
2.0597213879e+05
2.3294126921e+05
7.3325564953e+06
3.6681842823e+06
3.2229230032e+06
1.1145824318e+07
1.6182393953e+06
5.8872701876e+05
5.1143956694e+06
8.7204373544e+06
9.3950071884e+04
2.1888423030e+07
3.5150036039e+07
8.5115596792e+04
2.5116673629e+05
1.0262195326e+06
3.7545707800e+04
1.2838469305e+05
2.3775803372e+05
2.5554773138e+05
2.2312412180e+06
2.5352759890e+06
1.8393183898e+05
1.0582630003e+04
3.0555345043e+06
4.0243667799e+05
5.0441515845e+05
2.2012633953e+03
4.1736210046e+04
1.9497460644e+07
3.1385317404e+04
1.6289816498e+07
2.5076595991e+05
9.2781080976e+06
2.9577581155e+06
1.2479758499e+06
2.8334997525e+09
5.7579027524e+07
9.0364856726e+07
1.6867461446e+08
6.1386788420e+07
3.5611572055e+06
6.4036817283e+06
6.1502330678e+07
2.9081078519e+05
1.8226951725e+04
1.0994273364e+05
6.3656345177e+04
9.6303919437e+03
2.6949750835e+03
3.4682858815e+04
2.6472561290e+05
2.9067328895e+06
2.3312630667e+06
3.8688644750e+06
6.3360645560e+06
3.0378148521e+07
6.1477681632e+05
1.7773505062e+07
2.7618182609e+05
4.5378494176e+06
2.4318851841e+06
2.8566994463e+04
1.1812241298e+06
1.6914199977e+05
3.4759566712e+05
8.6453411009e+05
1.5747339256e+07
3.0426574577e+07
3.6399196218e+07
3.4164424698e+07
1.8480072851e-06
2.0068688721e-11
6.9905608331e-19
1.7070392877e-07
3.8299259066e-05
1.1842331401e-11
5.2666715040e-20