6.9431470000e+09
6.8572640000e+09
7.1222200000e+09
7.3159540000e+09
7.2081930000e+09
7.4181150000e+09
7.2769020000e+09
7.7077950000e+09
7.2412680000e+09
6.9054180000e+09
7.1770350000e+09
7.0943250000e+09
7.3296450000e+09
7.4123310000e+09
7.2179310000e+09
7.5685760000e+09
7.2680220000e+09
7.7704180000e+09
7.6736140000e+09
7.3187790000e+09
6.8965950000e+09
7.3771790000e+09
8.1257900000e+09
7.4048490000e+09
6.9706660000e+09
7.2201680000e+09
7.3993540000e+09
7.0250020000e+09
7.1482940000e+09
8.3819250000e+09
7.1656820000e+09
7.3211740000e+09
8.8853420000e+09
7.3492630000e+09
7.4947110000e+09
7.5960580000e+09
7.0921510000e+09
7.5151500000e+09
8.7306680000e+09
7.4055600000e+09
7.1636810000e+09
7.2189620000e+09
7.4555480000e+09
7.3000710000e+09
7.9066660000e+09
7.4383310000e+09
8.3947890000e+09
7.3744320000e+09
7.1537290000e+09
7.9487440000e+09
7.2366100000e+09
8.7428590000e+09
8.3397130000e+09
8.6419760000e+09
7.5636610000e+09
7.2937500000e+09
7.1096950000e+09
7.0577160000e+09
6.9736660000e+09
8.2105600000e+09
7.4702080000e+09
8.5399610000e+09
7.6709780000e+09
7.2662560000e+09
8.5009700000e+09
8.9586480000e+09
8.3192760000e+09
7.6439020000e+09
8.1989550000e+09
7.4371500000e+09
7.9690830000e+09
8.0837820000e+09
8.7856680000e+09
7.9572700000e+09
8.5322000000e+09
8.7745460000e+09
9.6400980000e+09
8.6737320000e+09
7.5906010000e+09
7.3678360000e+09
8.0199130000e+09
7.0602250000e+09
7.6151080000e+09
7.5460380000e+09
6.7603570000e+09
7.6320480000e+09
6.9077110000e+09
7.9753230000e+09
7.3700780000e+09
7.6033970000e+09
6.9352380000e+09
8.5021070000e+09
7.4452700000e+09
8.6185010000e+09
7.1009600000e+09
8.7059220000e+09
7.8403250000e+09
7.9249610000e+09
7.0249820000e+09
7.4606420000e+09
7.3497800000e+09
7.5751310000e+09
7.4622290000e+09
7.6208350000e+09
7.6782710000e+09
8.5824860000e+09
7.5325180000e+09
7.4797190000e+09
7.3906070000e+09
7.8948440000e+09
7.6212630000e+09
6.9421780000e+09
7.5617860000e+09
8.1470520000e+09
6.8447480000e+09
7.3300810000e+09
7.2601150000e+09
8.7484720000e+09
7.2382950000e+09
7.6176040000e+09
7.7875560000e+09
7.5688090000e+09
7.5156500000e+09
7.5841920000e+09
7.1471790000e+09
7.5557080000e+09
7.1638470000e+09
7.4549070000e+09
7.1782160000e+09
7.6171590000e+09
7.3019910000e+09
7.1460670000e+09
7.3447670000e+09
7.1105530000e+09
7.3595500000e+09
7.6085280000e+09
7.2985190000e+09
9.2297000000e+09
7.2294020000e+09
7.0062200000e+09
7.8216630000e+09
7.2098110000e+09
7.5298900000e+09
6.7017430000e+09
7.7058970000e+09
7.2636200000e+09
7.4339060000e+09
7.7466240000e+09
7.1117920000e+09
7.1172950000e+09
7.7710050000e+09
7.0552960000e+09
9.0752020000e+09
7.1063230000e+09
7.5006660000e+09
7.4087890000e+09
7.6716190000e+09
8.0047820000e+09
7.1703970000e+09
7.3220330000e+09
7.6698620000e+09
7.4419290000e+09
7.6496610000e+09
7.1976900000e+09
8.1670780000e+09
6.9240210000e+09
7.5943690000e+09
7.3206840000e+09
6.8351680000e+09
7.2154710000e+09
7.4765970000e+09
7.3154010000e+09
7.5390480000e+09
7.5323850000e+09
7.7558530000e+09
7.8911440000e+09
7.3101620000e+09
7.4375320000e+09
8.5535540000e+09
7.6140340000e+09
6.9028810000e+09
7.4167660000e+09
7.2559350000e+09
7.3393670000e+09
8.0186270000e+09
7.6767570000e+09
7.6511290000e+09
7.2923800000e+09
7.0012240000e+09
7.1919750000e+09
7.7502420000e+09
7.3368090000e+09
7.6449510000e+09
8.0159750000e+09
8.0389360000e+09
8.2966250000e+09
7.2958860000e+09
7.3926040000e+09
7.4797850000e+09
6.8073230000e+09
8.0551840000e+09
8.4009820000e+09
7.9665750000e+09
8.1772670000e+09
8.2395480000e+09
7.4660050000e+09
7.4054710000e+09
7.7137000000e+09
7.9307120000e+09
7.1072060000e+09
7.2368950000e+09
7.1076130000e+09
7.7970670000e+09
7.7450190000e+09
7.5479710000e+09
7.4814710000e+09
7.2816990000e+09
8.6408140000e+09
7.2215680000e+09
8.2423970000e+09
7.4427920000e+09
7.7077890000e+09
7.2105440000e+09
7.4943970000e+09
7.0853040000e+09
7.2689410000e+09
7.2368160000e+09
7.0891190000e+09
7.4316120000e+09
7.3498040000e+09
7.4537080000e+09
7.2782850000e+09
7.2597480000e+09
7.1708680000e+09
6.9704410000e+09
7.0937090000e+09
7.2402360000e+09
7.3650610000e+09
7.1685260000e+09
7.7844630000e+09
7.9403050000e+09
7.0766170000e+09
7.1046110000e+09
7.3551070000e+09
7.9440930000e+09
7.3535590000e+09
8.2039660000e+09
8.0130720000e+09
8.6961020000e+09
7.7008140000e+09
8.2057410000e+09
7.6915910000e+09
7.6870950000e+09
7.8139830000e+09
8.2848520000e+09
7.2157680000e+09
7.3880110000e+09
7.1877760000e+09
7.1674870000e+09
7.9610390000e+09
7.3971330000e+09
7.7157790000e+09
7.2687150000e+09
7.4494650000e+09
7.5053200000e+09
8.1875910000e+09
8.7019630000e+09
7.2085270000e+09
6.7694630000e+09
8.3972980000e+09
7.8782990000e+09
8.1173790000e+09
7.3663940000e+09
7.3974960000e+09
8.3112560000e+09
7.3718400000e+09
8.1509910000e+09
7.2680490000e+09
7.2989640000e+09
8.0280650000e+09
7.2585960000e+09
7.5119190000e+09
7.5410830000e+09
7.1799020000e+09
7.2266520000e+09
7.8174820000e+09
7.8640900000e+09
7.5486950000e+09
8.8361560000e+09
8.4223000000e+09
7.4836250000e+09
7.8821350000e+09
7.1919800000e+09
6.9574790000e+09
7.5198350000e+09
7.1693590000e+09
8.0009090000e+09
7.9605020000e+09
7.9376460000e+09
7.7988260000e+09
7.3089400000e+09
7.9382610000e+09
7.7265080000e+09
7.1724470000e+09
8.4269860000e+09
8.5204830000e+09
7.9094630000e+09
7.8461400000e+09
7.5749960000e+09
8.0244970000e+09
7.9409430000e+09
8.6089020000e+09
8.5747620000e+09
8.1938330000e+09
7.7733480000e+09
8.1087340000e+09
7.4264240000e+09
8.5863170000e+09
8.1844820000e+09
7.4675070000e+09
7.9676660000e+09
8.4695210000e+09
8.6010740000e+09
8.0089630000e+09
7.9128790000e+09
8.0187950000e+09
7.0433580000e+09
8.0780330000e+09
8.2099050000e+09
8.4093470000e+09
8.1316020000e+09
8.2325070000e+09
7.8158010000e+09
7.2553750000e+09
7.6751460000e+09
8.5100050000e+09
8.3190080000e+09
8.8647400000e+09
7.8101350000e+09
7.6435960000e+09
7.2127470000e+09
8.3450860000e+09
7.4137270000e+09
7.5009430000e+09
7.5565690000e+09
7.8491910000e+09
7.9787410000e+09
8.0569100000e+09
7.3151340000e+09
7.8428020000e+09
7.5179580000e+09
7.2069110000e+09
7.4164460000e+09
7.3840630000e+09
7.6620850000e+09
8.1267190000e+09
8.1521860000e+09
7.9836140000e+09
8.0779380000e+09
7.4972620000e+09
7.6902310000e+09
8.1198930000e+09
7.6476220000e+09
7.3591010000e+09
7.9907270000e+09
7.8979180000e+09
8.4429290000e+09
8.7734920000e+09
7.6016270000e+09
7.6815850000e+09
7.3787190000e+09
8.1164510000e+09
7.2089530000e+09
7.1723030000e+09
7.0734050000e+09
3.8320620000e+10
3.8253140000e+10
3.6790360000e+10
3.7324510000e+10
3.7214500000e+10
3.6808810000e+10
3.8180060000e+10
3.8884110000e+10
3.7366190000e+10
3.7256180000e+10
3.6163810000e+10
3.6888490000e+10
3.6127280000e+10
3.8512340000e+10
3.7462660000e+10
3.8695650000e+10
3.7220020000e+10
3.7011810000e+10
3.6664840000e+10
3.7095730000e+10
3.5576210000e+10
3.7017350000e+10
3.7945040000e+10
3.7667270000e+10
3.7315560000e+10
3.8788840000e+10
3.6596510000e+10
3.7308920000e+10
3.7647450000e+10
3.8805440000e+10
3.8484530000e+10
3.7128730000e+10
3.8542370000e+10
3.7689900000e+10
4.1961290000e+10
3.6469140000e+10
3.7456200000e+10
3.3447410000e+10
3.5494410000e+10
3.5723960000e+10
3.7513250000e+10
